POST /api/streamers HTTP/1.1
Host: 127.0.0.1:8880
Accept: */*
Accept-Encoding: gzip, deflate, br
Connection: keep-alive
Content-Length: 238
Content-Type: application/json
Postman-Token: 6ba88242-33d4-4c26-a1a9-a5534f3c1777
User-Agent: PostmanRuntime/7.48.0

{
  "streamer": {
    "alias": "I will shave my eyebrows",
    "description": "Sharpening livestreams and tutorials.",
    "languages": ["English"]
  },
  "platforms": {
    "url": "https://www.youtube.com/@I-will-shave-my-eyebrows"
  }
}

2025/11/16 17:22:20 Outbound WebSub request:
POST /subscribe HTTP/1.1
Host: pubsubhubbub.appspot.com
User-Agent: live-stream-alerts-client/1.0
Content-Length: 310
Content-Type: application/x-www-form-urlencoded
Accept-Encoding: gzip

hub.callback=https%3A%2F%2Fsharpen.live%2Falerts&hub.lease_seconds=864000&hub.mode=subscribe&hub.secret=scLIJBJwBtMwyC_ynYERaYFz33J71bQi&hub.topic=https%3A%2F%2Fwww.youtube.com%2Fxml%2Ffeeds%2Fvideos.xml%3Fchannel_id%3DUCvwGfRXMzs2ey1h3opwK2zw&hub.verify=async&hub.verify_token=85d00774f2b1d0fc55042fe2a60bd23f

2025/11/16 17:22:20 ---- Response for POST /api/streamers (201 Created) ----
{"streamer":{"id":"Iwillshavemyeyebrows","alias":"I will shave my eyebrows","description":"Sharpening livestreams and tutorials.","firstName":"","lastName":"","email":"","languages":["English"]},"platforms":{},"createdAt":"2025-11-16T06:22:19.570186Z","updatedAt":"2025-11-16T06:22:19.570186Z"}

2025/11/16 17:22:21 ---- Incoming request from 127.0.0.1:50313 ----
GET /alerts?hub.topic=https://www.youtube.com/xml/feeds/videos.xml%3Fchannel_id%3DUCvwGfRXMzs2ey1h3opwK2zw&hub.challenge=11704094194486531942&hub.verify_token=85d00774f2b1d0fc55042fe2a60bd23f&hub.mode=subscribe&hub.lease_seconds=864000 HTTP/1.1
Host: sharpen.live
Accept: */*
Accept-Encoding: gzip, deflate, br
Cache-Control: no-cache,max-age=0
From: googlebot(at)googlebot.com
Pragma: no-cache
User-Agent: FeedFetcher-Google; (+http://www.google.com/feedfetcher.html)
Via: 1.1 Caddy
X-Forwarded-For: 74.125.209.33
X-Forwarded-Host: sharpen.live
X-Forwarded-Proto: https
X-Request-Id: {http.request_id.header}


2025/11/16 17:22:21 Responding to hub challenge: mode=subscribe topic=https://www.youtube.com/xml/feeds/videos.xml?channel_id=UCvwGfRXMzs2ey1h3opwK2zw lease=864000 token=85d00774f2b1d0fc55042fe2a60bd23f body="11704094194486531942"

2025/11/16 17:22:21 Raw verification request:
GET /alerts?hub.topic=https://www.youtube.com/xml/feeds/videos.xml%3Fchannel_id%3DUCvwGfRXMzs2ey1h3opwK2zw&hub.challenge=11704094194486531942&hub.verify_token=85d00774f2b1d0fc55042fe2a60bd23f&hub.mode=subscribe&hub.lease_seconds=864000 HTTP/1.1
Host: sharpen.live
Accept: */*
Accept-Encoding: gzip, deflate, br
Cache-Control: no-cache,max-age=0
From: googlebot(at)googlebot.com
Pragma: no-cache
User-Agent: FeedFetcher-Google; (+http://www.google.com/feedfetcher.html)
Via: 1.1 Caddy
X-Forwarded-For: 74.125.209.33
X-Forwarded-Host: sharpen.live
X-Forwarded-Proto: https
X-Request-Id: {http.request_id.header}


2025/11/16 17:22:21 Planned hub response:
HTTP/1.1 200 OK
Content-Type: text/plain; charset=utf-8
Content-Length: 20

11704094194486531942

2025/11/16 17:22:21 YouTube hub response status: 202 Accepted, body: 

2025/11/16 17:22:21 YouTube alerts subscribed for I will shave my eyebrows (https://www.youtube.com/xml/feeds/videos.xml?channel_id=UCvwGfRXMzs2ey1h3opwK2zw)

2025/11/16 17:22:21 ---- Response for GET /alerts (200 OK) ----
11704094194486531942