
2025/11/21 22:49:56 Listening on 127.0.0.1:8880

2025/11/21 22:50:03 ---- Incoming request from 127.0.0.1:50311 ----
GET /api/streamers HTTP/1.1
Host: 127.0.0.1:8880
Accept-Encoding: gzip
User-Agent: Go-http-client/1.1


2025/11/21 22:50:03 ---- Response for GET /api/streamers (404 Not Found) ----
404 page not found

2025/11/21 22:50:03 ---- Incoming request from 127.0.0.1:50311 ----
GET /streamers.json HTTP/1.1
Host: 127.0.0.1:8880
Accept-Encoding: gzip
User-Agent: Go-http-client/1.1


2025/11/21 22:50:03 ---- Response for GET /streamers.json (200 OK) ----
{
  "$schema": "../schema/streamers.schema.json",
  "streamers": [
    {
      "streamer": {
        "id": "395848a32c2c47c2a231c1b59f2b93d4",
        "alias": "JonSiiN",
        "description": "Hello everyone Welcome to the official JRK Knives channel. Knives have been used since prehistoric times for a plethora of activities from weapons and tools ...",
        "firstName": "",
        "lastName": "",
        "email": "",
        "languages": [
          "English"
        ]
      },
      "platforms": {
        "youtube": {
          "handle": "@JRKKnives",
          "channelId": "UCbT1jA8RTEHk7y6rn2vHNGw",
          "hubSecret": "9C_7M8CuW959d3PFQ6fZ-FRaj3yzSvel",
          "hubLeaseDate": "2025-11-18T08:56:59Z",
          "topic": "https://www.youtube.com/xml/feeds/videos.xml?channel_id=UCbT1jA8RTEHk7y6rn2vHNGw",
          "callbackUrl": "https://sharpen.live/dev/alerts",
          "hubUrl": "https://pubsubhubbub.appspot.com/subscribe",
          "verifyMode": "async",
          "leaseSeconds": 864000
        }
      },
      "status": {
        "live": true,
        "platforms": [
          "youtube"
        ],
        "youtube": {
          "live": true,
          "videoId": "Y5miLbZDYkA",
          "startedAt": "2025-11-20T13:02:29Z"
        }
      },
      "createdAt": "2025-11-18T08:56:57.714492Z",
      "updatedAt": "2025-11-21T06:49:41.511912Z"
    },
    {
      "streamer": {
        "id": "4b8e82c4a16e49e58c1ac2993e7f85e0",
        "alias": "Attorney Melanie Little",
        "description": "Melanie Little is a New York lawyer with over 30 years experience as a trial attorney and litigator in state and federal courts, who is now a legal analyst a...",
        "firstName": "",
        "lastName": "",
        "email": "",
        "languages": [
          "English"
        ]
      },
      "platforms": {
        "youtube": {
          "handle": "@AttorneyMelanieLittle",
          "channelId": "UCFSlI8Y3Zdoq5buNW_40AAA",
          "hubSecret": "nlXDE9expkcuWHJ4vXXe3UOjfDRYwRvy",
          "hubLeaseDate": "2025-11-18T10:07:14Z",
          "topic": "https://www.youtube.com/xml/feeds/videos.xml?channel_id=UCFSlI8Y3Zdoq5buNW_40AAA",
          "callbackUrl": "https://sharpen.live/dev/alerts",
          "hubUrl": "https://pubsubhubbub.appspot.com/subscribe",
          "verifyMode": "async",
          "leaseSeconds": 864000
        }
      },
      "status": {
        "live": true,
        "platforms": [
          "youtube"
        ],
        "youtube": {
          "live": true,
          "videoId": "1bVyYYSUjao",
          "startedAt": "2025-11-20T21:17:11Z"
        }
      },
      "createdAt": "2025-11-18T10:07:12.769107Z",
      "updatedAt": "2025-11-21T06:58:28.977417Z"
    },
    {
      "streamer": {
        "id": "816a93baffdc4102a959dc0875d74657",
        "alias": "Arnaldo Mangini",
        "description": "Arnaldo Mangini, comico, clown, fantasista",
        "firstName": "",
        "lastName": "",
        "email": "",
        "languages": [
          "English",
          "Italian"
        ]
      },
      "platforms": {
        "youtube": {
          "handle": "@arnaldomangini",
          "channelId": "UCoW3NnFgnDATwU9eUOswisg",
          "hubSecret": "wSduM3o6zSJNs8LvdpuoADBL0b7g4mlT",
          "hubLeaseDate": "2025-11-18T17:22:55Z",
          "topic": "https://www.youtube.com/xml/feeds/videos.xml?channel_id=UCoW3NnFgnDATwU9eUOswisg",
          "callbackUrl": "https://sharpen.live/dev/alerts",
          "hubUrl": "https://pubsubhubbub.appspot.com/subscribe",
          "verifyMode": "async",
          "leaseSeconds": 864000
        }
      },
      "status": {
        "live": true,
        "platforms": [
          "youtube"
        ],
        "youtube": {
          "live": true,
          "videoId": "75IEo14jep0",
          "startedAt": "2025-11-20T10:57:56Z"
        }
      },
      "createdAt": "2025-11-18T17:22:53.507193Z",
      "updatedAt": "2025-11-21T08:02:49.263637Z"
    }
  ]
}

2025/11/21 22:50:28 ---- Incoming request from 127.0.0.1:50311 ----
GET /api/streamers HTTP/1.1
Host: 127.0.0.1:8880
Accept-Encoding: gzip
User-Agent: Go-http-client/1.1


2025/11/21 22:50:28 ---- Response for GET /api/streamers (404 Not Found) ----
404 page not found

2025/11/21 22:50:28 ---- Incoming request from 127.0.0.1:50311 ----
GET /streamers.json HTTP/1.1
Host: 127.0.0.1:8880
Accept-Encoding: gzip
User-Agent: Go-http-client/1.1


2025/11/21 22:50:28 ---- Response for GET /streamers.json (200 OK) ----
{
  "$schema": "../schema/streamers.schema.json",
  "streamers": [
    {
      "streamer": {
        "id": "395848a32c2c47c2a231c1b59f2b93d4",
        "alias": "JonSiiN",
        "description": "Hello everyone Welcome to the official JRK Knives channel. Knives have been used since prehistoric times for a plethora of activities from weapons and tools ...",
        "firstName": "",
        "lastName": "",
        "email": "",
        "languages": [
          "English"
        ]
      },
      "platforms": {
        "youtube": {
          "handle": "@JRKKnives",
          "channelId": "UCbT1jA8RTEHk7y6rn2vHNGw",
          "hubSecret": "9C_7M8CuW959d3PFQ6fZ-FRaj3yzSvel",
          "hubLeaseDate": "2025-11-18T08:56:59Z",
          "topic": "https://www.youtube.com/xml/feeds/videos.xml?channel_id=UCbT1jA8RTEHk7y6rn2vHNGw",
          "callbackUrl": "https://sharpen.live/dev/alerts",
          "hubUrl": "https://pubsubhubbub.appspot.com/subscribe",
          "verifyMode": "async",
          "leaseSeconds": 864000
        }
      },
      "status": {
        "live": true,
        "platforms": [
          "youtube"
        ],
        "youtube": {
          "live": true,
          "videoId": "Y5miLbZDYkA",
          "startedAt": "2025-11-20T13:02:29Z"
        }
      },
      "createdAt": "2025-11-18T08:56:57.714492Z",
      "updatedAt": "2025-11-21T06:49:41.511912Z"
    },
    {
      "streamer": {
        "id": "4b8e82c4a16e49e58c1ac2993e7f85e0",
        "alias": "Attorney Melanie Little",
        "description": "Melanie Little is a New York lawyer with over 30 years experience as a trial attorney and litigator in state and federal courts, who is now a legal analyst a...",
        "firstName": "",
        "lastName": "",
        "email": "",
        "languages": [
          "English"
        ]
      },
      "platforms": {
        "youtube": {
          "handle": "@AttorneyMelanieLittle",
          "channelId": "UCFSlI8Y3Zdoq5buNW_40AAA",
          "hubSecret": "nlXDE9expkcuWHJ4vXXe3UOjfDRYwRvy",
          "hubLeaseDate": "2025-11-18T10:07:14Z",
          "topic": "https://www.youtube.com/xml/feeds/videos.xml?channel_id=UCFSlI8Y3Zdoq5buNW_40AAA",
          "callbackUrl": "https://sharpen.live/dev/alerts",
          "hubUrl": "https://pubsubhubbub.appspot.com/subscribe",
          "verifyMode": "async",
          "leaseSeconds": 864000
        }
      },
      "status": {
        "live": true,
        "platforms": [
          "youtube"
        ],
        "youtube": {
          "live": true,
          "videoId": "1bVyYYSUjao",
          "startedAt": "2025-11-20T21:17:11Z"
        }
      },
      "createdAt": "2025-11-18T10:07:12.769107Z",
      "updatedAt": "2025-11-21T06:58:28.977417Z"
    },
    {
      "streamer": {
        "id": "816a93baffdc4102a959dc0875d74657",
        "alias": "Arnaldo Mangini",
        "description": "Arnaldo Mangini, comico, clown, fantasista",
        "firstName": "",
        "lastName": "",
        "email": "",
        "languages": [
          "English",
          "Italian"
        ]
      },
      "platforms": {
        "youtube": {
          "handle": "@arnaldomangini",
          "channelId": "UCoW3NnFgnDATwU9eUOswisg",
          "hubSecret": "wSduM3o6zSJNs8LvdpuoADBL0b7g4mlT",
          "hubLeaseDate": "2025-11-18T17:22:55Z",
          "topic": "https://www.youtube.com/xml/feeds/videos.xml?channel_id=UCoW3NnFgnDATwU9eUOswisg",
          "callbackUrl": "https://sharpen.live/dev/alerts",
          "hubUrl": "https://pubsubhubbub.appspot.com/subscribe",
          "verifyMode": "async",
          "leaseSeconds": 864000
        }
      },
      "status": {
        "live": true,
        "platforms": [
          "youtube"
        ],
        "youtube": {
          "live": true,
          "videoId": "75IEo14jep0",
          "startedAt": "2025-11-20T10:57:56Z"
        }
      },
      "createdAt": "2025-11-18T17:22:53.507193Z",
      "updatedAt": "2025-11-21T08:02:49.263637Z"
    }
  ]
}

2025/11/21 22:55:38 Shutting down...
