
2025/11/21 23:56:18 Listening on 127.0.0.1:8880

2025/11/21 23:56:34 ---- Incoming request from 127.0.0.1:56533 ----
GET /api/streamers HTTP/1.1
Host: 127.0.0.1:8880
Accept-Encoding: gzip
User-Agent: Go-http-client/1.1


2025/11/21 23:56:34 ---- Response for GET /api/streamers (200 OK) ----
{"streamers":[{"streamer":{"id":"395848a32c2c47c2a231c1b59f2b93d4","alias":"JonSiiN","description":"Hello everyone Welcome to the official JRK Knives channel. Knives have been used since prehistoric times for a plethora of activities from weapons and tools ...","firstName":"","lastName":"","email":"","languages":["English"]},"platforms":{"youtube":{"handle":"@JRKKnives","channelId":"UCbT1jA8RTEHk7y6rn2vHNGw","hubSecret":"9C_7M8CuW959d3PFQ6fZ-FRaj3yzSvel","hubLeaseDate":"2025-11-18T08:56:59Z","topic":"https://www.youtube.com/xml/feeds/videos.xml?channel_id=UCbT1jA8RTEHk7y6rn2vHNGw","callbackUrl":"https://sharpen.live/dev/alerts","hubUrl":"https://pubsubhubbub.appspot.com/subscribe","verifyMode":"async","leaseSeconds":864000}},"status":{"live":true,"platforms":["youtube"],"youtube":{"live":true,"videoId":"Y5miLbZDYkA","startedAt":"2025-11-20T13:02:29Z"}},"createdAt":"2025-11-18T08:56:57.714492Z","updatedAt":"2025-11-21T06:49:41.511912Z"},{"streamer":{"id":"4b8e82c4a16e49e58c1ac2993e7f85e0","alias":"Attorney Melanie Little","description":"Melanie Little is a New York lawyer with over 30 years experience as a trial attorney and litigator in state and federal courts, who is now a legal analyst a...","firstName":"","lastName":"","email":"","languages":["English"]},"platforms":{"youtube":{"handle":"@AttorneyMelanieLittle","channelId":"UCFSlI8Y3Zdoq5buNW_40AAA","hubSecret":"nlXDE9expkcuWHJ4vXXe3UOjfDRYwRvy","hubLeaseDate":"2025-11-18T10:07:14Z","topic":"https://www.youtube.com/xml/feeds/videos.xml?channel_id=UCFSlI8Y3Zdoq5buNW_40AAA","callbackUrl":"https://sharpen.live/dev/alerts","hubUrl":"https://pubsubhubbub.appspot.com/subscribe","verifyMode":"async","leaseSeconds":864000}},"status":{"live":true,"platforms":["youtube"],"youtube":{"live":true,"videoId":"1bVyYYSUjao","startedAt":"2025-11-20T21:17:11Z"}},"createdAt":"2025-11-18T10:07:12.769107Z","updatedAt":"2025-11-21T06:58:28.977417Z"},{"streamer":{"id":"816a93baffdc4102a959dc0875d74657","alias":"Arnaldo Mangini","description":"Arnaldo Mangini, comico, clown, fantasista","firstName":"","lastName":"","email":"","languages":["English","Italian"]},"platforms":{"youtube":{"handle":"@arnaldomangini","channelId":"UCoW3NnFgnDATwU9eUOswisg","hubSecret":"wSduM3o6zSJNs8LvdpuoADBL0b7g4mlT","hubLeaseDate":"2025-11-18T17:22:55Z","topic":"https://www.youtube.com/xml/feeds/videos.xml?channel_id=UCoW3NnFgnDATwU9eUOswisg","callbackUrl":"https://sharpen.live/dev/alerts","hubUrl":"https://pubsubhubbub.appspot.com/subscribe","verifyMode":"async","leaseSeconds":864000}},"status":{"live":true,"platforms":["youtube"],"youtube":{"live":true,"videoId":"JFnxwCb47vc","startedAt":"2025-11-21T10:26:46Z"}},"createdAt":"2025-11-18T17:22:53.507193Z","updatedAt":"2025-11-21T12:37:00.62183Z"}]}

2025/11/21 23:56:45 ---- Incoming request from 127.0.0.1:56533 ----
GET /api/streamers HTTP/1.1
Host: 127.0.0.1:8880
Accept-Encoding: gzip
User-Agent: Go-http-client/1.1


2025/11/21 23:56:45 ---- Response for GET /api/streamers (200 OK) ----
{"streamers":[{"streamer":{"id":"395848a32c2c47c2a231c1b59f2b93d4","alias":"JonSiiN","description":"Hello everyone Welcome to the official JRK Knives channel. Knives have been used since prehistoric times for a plethora of activities from weapons and tools ...","firstName":"","lastName":"","email":"","languages":["English"]},"platforms":{"youtube":{"handle":"@JRKKnives","channelId":"UCbT1jA8RTEHk7y6rn2vHNGw","hubSecret":"9C_7M8CuW959d3PFQ6fZ-FRaj3yzSvel","hubLeaseDate":"2025-11-18T08:56:59Z","topic":"https://www.youtube.com/xml/feeds/videos.xml?channel_id=UCbT1jA8RTEHk7y6rn2vHNGw","callbackUrl":"https://sharpen.live/dev/alerts","hubUrl":"https://pubsubhubbub.appspot.com/subscribe","verifyMode":"async","leaseSeconds":864000}},"status":{"live":true,"platforms":["youtube"],"youtube":{"live":true,"videoId":"Y5miLbZDYkA","startedAt":"2025-11-20T13:02:29Z"}},"createdAt":"2025-11-18T08:56:57.714492Z","updatedAt":"2025-11-21T06:49:41.511912Z"},{"streamer":{"id":"4b8e82c4a16e49e58c1ac2993e7f85e0","alias":"Attorney Melanie Little","description":"Melanie Little is a New York lawyer with over 30 years experience as a trial attorney and litigator in state and federal courts, who is now a legal analyst a...","firstName":"","lastName":"","email":"","languages":["English"]},"platforms":{"youtube":{"handle":"@AttorneyMelanieLittle","channelId":"UCFSlI8Y3Zdoq5buNW_40AAA","hubSecret":"nlXDE9expkcuWHJ4vXXe3UOjfDRYwRvy","hubLeaseDate":"2025-11-18T10:07:14Z","topic":"https://www.youtube.com/xml/feeds/videos.xml?channel_id=UCFSlI8Y3Zdoq5buNW_40AAA","callbackUrl":"https://sharpen.live/dev/alerts","hubUrl":"https://pubsubhubbub.appspot.com/subscribe","verifyMode":"async","leaseSeconds":864000}},"status":{"live":true,"platforms":["youtube"],"youtube":{"live":true,"videoId":"1bVyYYSUjao","startedAt":"2025-11-20T21:17:11Z"}},"createdAt":"2025-11-18T10:07:12.769107Z","updatedAt":"2025-11-21T06:58:28.977417Z"},{"streamer":{"id":"816a93baffdc4102a959dc0875d74657","alias":"Arnaldo Mangini","description":"Arnaldo Mangini, comico, clown, fantasista","firstName":"","lastName":"","email":"","languages":["English","Italian"]},"platforms":{"youtube":{"handle":"@arnaldomangini","channelId":"UCoW3NnFgnDATwU9eUOswisg","hubSecret":"wSduM3o6zSJNs8LvdpuoADBL0b7g4mlT","hubLeaseDate":"2025-11-18T17:22:55Z","topic":"https://www.youtube.com/xml/feeds/videos.xml?channel_id=UCoW3NnFgnDATwU9eUOswisg","callbackUrl":"https://sharpen.live/dev/alerts","hubUrl":"https://pubsubhubbub.appspot.com/subscribe","verifyMode":"async","leaseSeconds":864000}},"status":{"live":true,"platforms":["youtube"],"youtube":{"live":true,"videoId":"JFnxwCb47vc","startedAt":"2025-11-21T10:26:46Z"}},"createdAt":"2025-11-18T17:22:53.507193Z","updatedAt":"2025-11-21T12:37:00.62183Z"}]}

2025/11/21 23:59:04 ---- Incoming request from 127.0.0.1:56613 ----
POST /alerts HTTP/1.1
Host: sharpen.live
Accept: */*
Accept-Encoding: gzip, deflate, br
Cache-Control: no-cache,max-age=0
Content-Length: 948
Content-Type: application/atom+xml
From: googlebot(at)googlebot.com
Link: <https://www.youtube.com/xml/feeds/videos.xml?channel_id=UCbT1jA8RTEHk7y6rn2vHNGw>; rel=self, <http://pubsubhubbub.appspot.com/>; rel=hub
Pragma: no-cache
User-Agent: FeedFetcher-Google; (+http://www.google.com/feedfetcher.html)
Via: 1.1 Caddy
X-Forwarded-For: 142.250.32.1
X-Forwarded-Host: sharpen.live
X-Forwarded-Proto: https
X-Hub-Signature: sha1=0b3fedc5f910cd35ef18805f68bfa74ab3717f86
X-Request-Id: {http.request.id}

<?xml version='1.0' encoding='UTF-8'?>
<feed xmlns:yt="http://www.youtube.com/xml/schemas/2015" xmlns="http://www.w3.org/2005/Atom"><link rel="hub" href="https://pubsubhubbub.appspot.com"/><link rel="self" href="https://www.youtube.com/xml/feeds/videos.xml?channel_id=UCbT1jA8RTEHk7y6rn2vHNGw"/><title>YouTube video feed</title><updated>2025-11-21T12:59:02.600932945+00:00</updated><entry>
  <id>yt:video:aU_pvEHll2Y</id>
  <yt:videoId>aU_pvEHll2Y</yt:videoId>
  <yt:channelId>UCbT1jA8RTEHk7y6rn2vHNGw</yt:channelId>
  <title>SiiNs Workshop - Let the fun begin, new month new goal, new knives.  Lets make something epic</title>
  <link rel="alternate" href="https://www.youtube.com/watch?v=aU_pvEHll2Y"/>
  <author>
   <name>JonSiiN</name>
   <uri>https://www.youtube.com/channel/UCbT1jA8RTEHk7y6rn2vHNGw</uri>
  </author>
  <published>2025-11-21T12:58:59+00:00</published>
  <updated>2025-11-21T12:59:02.600932945+00:00</updated>
 </entry></feed>

2025/11/21 23:59:04 Fetching live metadata for 1 video(s): aU_pvEHll2Y

2025/11/21 23:59:04 Requesting watch page for aU_pvEHll2Y: https://www.youtube.com/watch?v=aU_pvEHll2Y

2025/11/21 23:59:05 Fetched metadata for aU_pvEHll2Y: channel=UCbT1jA8RTEHk7y6rn2vHNGw title="SiiNs Workshop - Let the fun begin, new month new goal, new knives.  Lets make something epic" live=true start=2025-11-21 12:59:59 +0000 +0000

2025/11/21 23:59:05 Processed alert notification (1 entries); live streams=1 videos=aU_pvEHll2Y

2025/11/21 23:59:05 ---- Response for POST /alerts (204 No Content) ----

2025/11/21 23:59:33 Shutting down...
