
2025/11/17 16:03:03 Listening on 127.0.0.1:8880

2025/11/17 16:03:19 ---- Incoming request from 127.0.0.1:59391 ----
POST /api/streamers HTTP/1.1
Host: 127.0.0.1:8880
Accept: */*
Accept-Encoding: gzip, deflate, br
Connection: keep-alive
Content-Length: 253
Content-Type: application/json
Postman-Token: 9af45f7d-f201-4dec-a701-a2944455ddc5
User-Agent: PostmanRuntime/7.49.1

{
  "streamer": {
    "alias": "I will shave my eyebrows",
    "description": "Share your videos with friends, family and the world",
    "languages": ["English"]
  },
  "platforms": {
    "url": "https://www.youtube.com/@I-will-shave-my-eyebrows"
  }
}

2025/11/17 16:03:20 Outbound WebSub request:
POST /subscribe HTTP/1.1
Host: pubsubhubbub.appspot.com
User-Agent: live-stream-alerts-client/1.0
Content-Length: 310
Content-Type: application/x-www-form-urlencoded
Accept-Encoding: gzip

hub.callback=https%3A%2F%2Fsharpen.live%2Falerts&hub.lease_seconds=864000&hub.mode=subscribe&hub.secret=4AI5Dhd96Yg2mB-FuKKf2cYTJsbeznd6&hub.topic=https%3A%2F%2Fwww.youtube.com%2Fxml%2Ffeeds%2Fvideos.xml%3Fchannel_id%3DUCvwGfRXMzs2ey1h3opwK2zw&hub.verify=async&hub.verify_token=f953f128ef1db6a5ed1f0650eda6ad6c

2025/11/17 16:03:21 Inbound WebSub response:
HTTP/2.0 202 Accepted
Content-Length: 0
Alt-Svc: h3=":443"; ma=2592000,h3-29=":443"; ma=2592000
Cache-Control: no-cache
Content-Type: text/plain; charset=utf-8
Date: Mon, 17 Nov 2025 05:03:20 GMT
Server: Google Frontend
X-Cloud-Trace-Context: 75825a3b8a1804fde952a3c3d04847e1


2025/11/17 16:03:21 ---- Response for POST /api/streamers (201 Created) ----
{"streamer":{"id":"e9492bea93024c88a0d04d9ec4e4397f","alias":"I will shave my eyebrows","description":"Share your videos with friends, family and the world","firstName":"","lastName":"","email":"","languages":["English"]},"platforms":{},"createdAt":"2025-11-17T05:03:19.764558Z","updatedAt":"2025-11-17T05:03:19.764558Z"}

2025/11/17 16:05:54 ---- Incoming request from 127.0.0.1:59455 ----
DELETE /api/streamers HTTP/1.1
Host: 127.0.0.1:8880
Accept: */*
Accept-Encoding: gzip, deflate, br
Connection: keep-alive
Content-Length: 48
Content-Type: application/json
Postman-Token: cb8a8d9c-fb1b-44af-a556-cddf6836f6a0
User-Agent: PostmanRuntime/7.49.1

{
  "streamer": {
    "id": "JordanMatter"
  }
}

2025/11/17 16:05:54 ---- Response for DELETE /api/streamers (404 Not Found) ----
streamer not found

2025/11/17 16:06:33 ---- Incoming request from 127.0.0.1:59455 ----
DELETE /api/streamers HTTP/1.1
Host: 127.0.0.1:8880
Accept: */*
Accept-Encoding: gzip, deflate, br
Connection: keep-alive
Content-Length: 48
Content-Type: application/json
Postman-Token: 120b9c8a-72ad-4cf6-9ac8-800e2023a18b
User-Agent: PostmanRuntime/7.49.1

{
  "streamer": {
    "id": "JordanMatter"
  }
}

2025/11/17 16:06:33 Outbound WebSub request:
POST /subscribe HTTP/1.1
Host: pubsubhubbub.appspot.com
User-Agent: live-stream-alerts-client/1.0
Content-Length: 287
Content-Type: application/x-www-form-urlencoded
Accept-Encoding: gzip

hub.callback=https%3A%2F%2Fsharpen.live%2Falerts&hub.mode=unsubscribe&hub.secret=GmtXT02Gnu7-R3iVcAIBUc1pOsOZkfwQ&hub.topic=https%3A%2F%2Fwww.youtube.com%2Fxml%2Ffeeds%2Fvideos.xml%3Fchannel_id%3DUCI3szCgzGTRBTF_2dVaTZdQ&hub.verify=async&hub.verify_token=0606a0fe013b30394f690b15bc2c4a74

2025/11/17 16:06:34 Inbound WebSub response:
HTTP/2.0 202 Accepted
Content-Length: 0
Alt-Svc: h3=":443"; ma=2592000,h3-29=":443"; ma=2592000
Cache-Control: no-cache
Content-Type: text/plain; charset=utf-8
Date: Mon, 17 Nov 2025 05:06:34 GMT
Server: Google Frontend
X-Cloud-Trace-Context: e59e71be699cc3ce8afadf3982ebb31e


2025/11/17 16:06:34 ---- Response for DELETE /api/streamers (200 OK) ----
{"id":"JordanMatter","status":"deleted"}
