
2025/11/19 22:22:44 Listening on 127.0.0.1:8880

2025/11/19 22:22:56 ---- Incoming request from 127.0.0.1:62668 ----
GET /api/streamers HTTP/1.1
Host: 127.0.0.1:8880
Accept: */*
Accept-Encoding: gzip, deflate, br, zstd
Accept-Language: en-GB,en-US;q=0.9,en;q=0.8
Referer: http://127.0.0.1:4173/
Sec-Ch-Ua: "Chromium";v="142", "Google Chrome";v="142", "Not_A Brand";v="99"
Sec-Ch-Ua-Mobile: ?0
Sec-Ch-Ua-Platform: "macOS"
Sec-Fetch-Dest: empty
Sec-Fetch-Mode: cors
Sec-Fetch-Site: same-origin
User-Agent: Mozilla/5.0 (Macintosh; Intel Mac OS X 10_15_7) AppleWebKit/537.36 (KHTML, like Gecko) Chrome/142.0.0.0 Safari/537.36
X-Forwarded-For: 127.0.0.1


2025/11/19 22:22:56 ---- Response for GET /api/streamers (200 OK) ----
{"streamers":[{"streamer":{"id":"395848a32c2c47c2a231c1b59f2b93d4","alias":"JonSiiN","description":"Hello everyone Welcome to the official JRK Knives channel. Knives have been used since prehistoric times for a plethora of activities from weapons and tools ...","firstName":"","lastName":"","email":"","languages":["English"]},"platforms":{"youtube":{"handle":"@JRKKnives","channelId":"UCbT1jA8RTEHk7y6rn2vHNGw","hubSecret":"9C_7M8CuW959d3PFQ6fZ-FRaj3yzSvel","hubLeaseDate":"2025-11-18T08:56:59Z","topic":"https://www.youtube.com/xml/feeds/videos.xml?channel_id=UCbT1jA8RTEHk7y6rn2vHNGw","callbackUrl":"https://sharpen.live/dev/alerts","hubUrl":"https://pubsubhubbub.appspot.com/subscribe","verifyMode":"async","leaseSeconds":864000}},"status":{"live":true,"platforms":["youtube"],"youtube":{"live":true,"videoId":"AeP_0Ev0Iso","startedAt":"2025-11-18T12:59:26Z"}},"createdAt":"2025-11-18T08:56:57.714492Z","updatedAt":"2025-11-19T09:44:21.519767Z"},{"streamer":{"id":"4b8e82c4a16e49e58c1ac2993e7f85e0","alias":"Attorney Melanie Little","description":"Melanie Little is a New York lawyer with over 30 years experience as a trial attorney and litigator in state and federal courts, who is now a legal analyst a...","firstName":"","lastName":"","email":"","languages":["English"]},"platforms":{"youtube":{"handle":"@AttorneyMelanieLittle","channelId":"UCFSlI8Y3Zdoq5buNW_40AAA","hubSecret":"nlXDE9expkcuWHJ4vXXe3UOjfDRYwRvy","hubLeaseDate":"2025-11-18T10:07:14Z","topic":"https://www.youtube.com/xml/feeds/videos.xml?channel_id=UCFSlI8Y3Zdoq5buNW_40AAA","callbackUrl":"https://sharpen.live/dev/alerts","hubUrl":"https://pubsubhubbub.appspot.com/subscribe","verifyMode":"async","leaseSeconds":864000}},"status":{"live":true,"platforms":["youtube"],"youtube":{"live":true,"videoId":"P4ABIOUhHMY","startedAt":"2025-11-19T15:00:00Z"}},"createdAt":"2025-11-18T10:07:12.769107Z","updatedAt":"2025-11-19T09:17:35.221413Z"},{"streamer":{"id":"816a93baffdc4102a959dc0875d74657","alias":"Arnaldo Mangini","description":"Arnaldo Mangini, comico, clown, fantasista","firstName":"","lastName":"","email":"","languages":["English","Italian"]},"platforms":{"youtube":{"handle":"@arnaldomangini","channelId":"UCoW3NnFgnDATwU9eUOswisg","hubSecret":"wSduM3o6zSJNs8LvdpuoADBL0b7g4mlT","hubLeaseDate":"2025-11-18T17:22:55Z","topic":"https://www.youtube.com/xml/feeds/videos.xml?channel_id=UCoW3NnFgnDATwU9eUOswisg","callbackUrl":"https://sharpen.live/dev/alerts","hubUrl":"https://pubsubhubbub.appspot.com/subscribe","verifyMode":"async","leaseSeconds":864000}},"status":{"live":true,"platforms":["youtube"],"youtube":{"live":true,"videoId":"cja62cs45WY","startedAt":"2025-11-19T08:49:56Z"}},"createdAt":"2025-11-18T17:22:53.507193Z","updatedAt":"2025-11-19T09:31:31.958099Z"}]}

2025/11/19 22:22:56 ---- Incoming request from 127.0.0.1:62668 ----
GET /api/streamers/watch HTTP/1.1
Host: 127.0.0.1:8880
Accept: text/event-stream
Accept-Encoding: gzip, deflate, br, zstd
Accept-Language: en-GB,en-US;q=0.9,en;q=0.8
Cache-Control: no-cache
Referer: http://127.0.0.1:4173/
Sec-Ch-Ua: "Chromium";v="142", "Google Chrome";v="142", "Not_A Brand";v="99"
Sec-Ch-Ua-Mobile: ?0
Sec-Ch-Ua-Platform: "macOS"
Sec-Fetch-Dest: empty
Sec-Fetch-Mode: cors
Sec-Fetch-Site: same-origin
User-Agent: Mozilla/5.0 (Macintosh; Intel Mac OS X 10_15_7) AppleWebKit/537.36 (KHTML, like Gecko) Chrome/142.0.0.0 Safari/537.36
X-Forwarded-For: 127.0.0.1


2025/11/19 22:23:22 ---- Incoming request from 127.0.0.1:62787 ----
POST /api/admin/login HTTP/1.1
Host: 127.0.0.1:8880
Accept: */*
Accept-Encoding: gzip, deflate, br, zstd
Accept-Language: en-GB,en-US;q=0.9,en;q=0.8
Content-Length: 53
Content-Type: application/json
Origin: http://127.0.0.1:4173
Referer: http://127.0.0.1:4173/
Sec-Ch-Ua: "Chromium";v="142", "Google Chrome";v="142", "Not_A Brand";v="99"
Sec-Ch-Ua-Mobile: ?0
Sec-Ch-Ua-Platform: "macOS"
Sec-Fetch-Dest: empty
Sec-Fetch-Mode: cors
Sec-Fetch-Site: same-origin
User-Agent: Mozilla/5.0 (Macintosh; Intel Mac OS X 10_15_7) AppleWebKit/537.36 (KHTML, like Gecko) Chrome/142.0.0.0 Safari/537.36
X-Forwarded-For: 127.0.0.1

{"email":"admin@sharpen.live","password":"change-me"}

2025/11/19 22:23:22 ---- Response for POST /api/admin/login (200 OK) ----
{"token":"d539fd8f82f5f6555cbdcace57e85f807564488d53745b1c5674539ce2a14ba0","expiresAt":"2025-11-20T11:23:22Z"}

2025/11/19 22:23:22 ---- Incoming request from 127.0.0.1:62787 ----
GET /api/admin/submissions HTTP/1.1
Host: 127.0.0.1:8880
Accept: */*
Accept-Encoding: gzip, deflate, br, zstd
Accept-Language: en-GB,en-US;q=0.9,en;q=0.8
Authorization: Bearer d539fd8f82f5f6555cbdcace57e85f807564488d53745b1c5674539ce2a14ba0
Referer: http://127.0.0.1:4173/
Sec-Ch-Ua: "Chromium";v="142", "Google Chrome";v="142", "Not_A Brand";v="99"
Sec-Ch-Ua-Mobile: ?0
Sec-Ch-Ua-Platform: "macOS"
Sec-Fetch-Dest: empty
Sec-Fetch-Mode: cors
Sec-Fetch-Site: same-origin
User-Agent: Mozilla/5.0 (Macintosh; Intel Mac OS X 10_15_7) AppleWebKit/537.36 (KHTML, like Gecko) Chrome/142.0.0.0 Safari/537.36
X-Forwarded-For: 127.0.0.1


2025/11/19 22:23:22 ---- Response for GET /api/admin/submissions (200 OK) ----
{"submissions":[]}

2025/11/19 22:23:22 ---- Incoming request from 127.0.0.1:62787 ----
GET /api/streamers HTTP/1.1
Host: 127.0.0.1:8880
Accept: */*
Accept-Encoding: gzip, deflate, br, zstd
Accept-Language: en-GB,en-US;q=0.9,en;q=0.8
Referer: http://127.0.0.1:4173/
Sec-Ch-Ua: "Chromium";v="142", "Google Chrome";v="142", "Not_A Brand";v="99"
Sec-Ch-Ua-Mobile: ?0
Sec-Ch-Ua-Platform: "macOS"
Sec-Fetch-Dest: empty
Sec-Fetch-Mode: cors
Sec-Fetch-Site: same-origin
User-Agent: Mozilla/5.0 (Macintosh; Intel Mac OS X 10_15_7) AppleWebKit/537.36 (KHTML, like Gecko) Chrome/142.0.0.0 Safari/537.36
X-Forwarded-For: 127.0.0.1


2025/11/19 22:23:22 ---- Response for GET /api/streamers (200 OK) ----
{"streamers":[{"streamer":{"id":"395848a32c2c47c2a231c1b59f2b93d4","alias":"JonSiiN","description":"Hello everyone Welcome to the official JRK Knives channel. Knives have been used since prehistoric times for a plethora of activities from weapons and tools ...","firstName":"","lastName":"","email":"","languages":["English"]},"platforms":{"youtube":{"handle":"@JRKKnives","channelId":"UCbT1jA8RTEHk7y6rn2vHNGw","hubSecret":"9C_7M8CuW959d3PFQ6fZ-FRaj3yzSvel","hubLeaseDate":"2025-11-18T08:56:59Z","topic":"https://www.youtube.com/xml/feeds/videos.xml?channel_id=UCbT1jA8RTEHk7y6rn2vHNGw","callbackUrl":"https://sharpen.live/dev/alerts","hubUrl":"https://pubsubhubbub.appspot.com/subscribe","verifyMode":"async","leaseSeconds":864000}},"status":{"live":true,"platforms":["youtube"],"youtube":{"live":true,"videoId":"AeP_0Ev0Iso","startedAt":"2025-11-18T12:59:26Z"}},"createdAt":"2025-11-18T08:56:57.714492Z","updatedAt":"2025-11-19T09:44:21.519767Z"},{"streamer":{"id":"4b8e82c4a16e49e58c1ac2993e7f85e0","alias":"Attorney Melanie Little","description":"Melanie Little is a New York lawyer with over 30 years experience as a trial attorney and litigator in state and federal courts, who is now a legal analyst a...","firstName":"","lastName":"","email":"","languages":["English"]},"platforms":{"youtube":{"handle":"@AttorneyMelanieLittle","channelId":"UCFSlI8Y3Zdoq5buNW_40AAA","hubSecret":"nlXDE9expkcuWHJ4vXXe3UOjfDRYwRvy","hubLeaseDate":"2025-11-18T10:07:14Z","topic":"https://www.youtube.com/xml/feeds/videos.xml?channel_id=UCFSlI8Y3Zdoq5buNW_40AAA","callbackUrl":"https://sharpen.live/dev/alerts","hubUrl":"https://pubsubhubbub.appspot.com/subscribe","verifyMode":"async","leaseSeconds":864000}},"status":{"live":true,"platforms":["youtube"],"youtube":{"live":true,"videoId":"P4ABIOUhHMY","startedAt":"2025-11-19T15:00:00Z"}},"createdAt":"2025-11-18T10:07:12.769107Z","updatedAt":"2025-11-19T09:17:35.221413Z"},{"streamer":{"id":"816a93baffdc4102a959dc0875d74657","alias":"Arnaldo Mangini","description":"Arnaldo Mangini, comico, clown, fantasista","firstName":"","lastName":"","email":"","languages":["English","Italian"]},"platforms":{"youtube":{"handle":"@arnaldomangini","channelId":"UCoW3NnFgnDATwU9eUOswisg","hubSecret":"wSduM3o6zSJNs8LvdpuoADBL0b7g4mlT","hubLeaseDate":"2025-11-18T17:22:55Z","topic":"https://www.youtube.com/xml/feeds/videos.xml?channel_id=UCoW3NnFgnDATwU9eUOswisg","callbackUrl":"https://sharpen.live/dev/alerts","hubUrl":"https://pubsubhubbub.appspot.com/subscribe","verifyMode":"async","leaseSeconds":864000}},"status":{"live":true,"platforms":["youtube"],"youtube":{"live":true,"videoId":"cja62cs45WY","startedAt":"2025-11-19T08:49:56Z"}},"createdAt":"2025-11-18T17:22:53.507193Z","updatedAt":"2025-11-19T09:31:31.958099Z"}]}

2025/11/19 22:23:22 ---- Incoming request from 127.0.0.1:62787 ----
GET /api/admin/settings HTTP/1.1
Host: 127.0.0.1:8880
Accept: */*
Accept-Encoding: gzip, deflate, br, zstd
Accept-Language: en-GB,en-US;q=0.9,en;q=0.8
Authorization: Bearer d539fd8f82f5f6555cbdcace57e85f807564488d53745b1c5674539ce2a14ba0
Referer: http://127.0.0.1:4173/
Sec-Ch-Ua: "Chromium";v="142", "Google Chrome";v="142", "Not_A Brand";v="99"
Sec-Ch-Ua-Mobile: ?0
Sec-Ch-Ua-Platform: "macOS"
Sec-Fetch-Dest: empty
Sec-Fetch-Mode: cors
Sec-Fetch-Site: same-origin
User-Agent: Mozilla/5.0 (Macintosh; Intel Mac OS X 10_15_7) AppleWebKit/537.36 (KHTML, like Gecko) Chrome/142.0.0.0 Safari/537.36
X-Forwarded-For: 127.0.0.1


2025/11/19 22:23:22 ---- Response for GET /api/admin/settings (404 Not Found) ----
404 page not found

2025/11/19 22:23:22 ---- Incoming request from 127.0.0.1:62787 ----
GET /api/admin/monitor/youtube HTTP/1.1
Host: 127.0.0.1:8880
Accept: */*
Accept-Encoding: gzip, deflate, br, zstd
Accept-Language: en-GB,en-US;q=0.9,en;q=0.8
Authorization: Bearer d539fd8f82f5f6555cbdcace57e85f807564488d53745b1c5674539ce2a14ba0
Referer: http://127.0.0.1:4173/
Sec-Ch-Ua: "Chromium";v="142", "Google Chrome";v="142", "Not_A Brand";v="99"
Sec-Ch-Ua-Mobile: ?0
Sec-Ch-Ua-Platform: "macOS"
Sec-Fetch-Dest: empty
Sec-Fetch-Mode: cors
Sec-Fetch-Site: same-origin
User-Agent: Mozilla/5.0 (Macintosh; Intel Mac OS X 10_15_7) AppleWebKit/537.36 (KHTML, like Gecko) Chrome/142.0.0.0 Safari/537.36
X-Forwarded-For: 127.0.0.1


2025/11/19 22:23:22 ---- Response for GET /api/admin/monitor/youtube (404 Not Found) ----
404 page not found

2025/11/19 22:25:27 ---- Incoming request from 127.0.0.1:63357 ----
POST /alerts HTTP/1.1
Host: sharpen.live
Accept: */*
Accept-Encoding: gzip, deflate, br
Cache-Control: no-cache,max-age=0
Content-Length: 888
Content-Type: application/atom+xml
From: googlebot(at)googlebot.com
Link: <https://www.youtube.com/xml/feeds/videos.xml?channel_id=UCoW3NnFgnDATwU9eUOswisg>; rel=self, <http://pubsubhubbub.appspot.com/>; rel=hub
Pragma: no-cache
User-Agent: FeedFetcher-Google; (+http://www.google.com/feedfetcher.html)
Via: 1.1 Caddy
X-Forwarded-For: 66.102.8.101
X-Forwarded-Host: sharpen.live
X-Forwarded-Proto: https
X-Hub-Signature: sha1=813ddee400090bd114e3288a4e71bdb8dbfe4479
X-Request-Id: {http.request.id}

<?xml version='1.0' encoding='UTF-8'?>
<feed xmlns:yt="http://www.youtube.com/xml/schemas/2015" xmlns="http://www.w3.org/2005/Atom"><link rel="hub" href="https://pubsubhubbub.appspot.com"/><link rel="self" href="https://www.youtube.com/xml/feeds/videos.xml?channel_id=UCoW3NnFgnDATwU9eUOswisg"/><title>YouTube video feed</title><updated>2025-11-19T11:25:26.143298798+00:00</updated><entry>
  <id>yt:video:z-FvPm-DP-s</id>
  <yt:videoId>z-FvPm-DP-s</yt:videoId>
  <yt:channelId>UCoW3NnFgnDATwU9eUOswisg</yt:channelId>
  <title>It's a Kind of Magic!🔥</title>
  <link rel="alternate" href="https://www.youtube.com/watch?v=z-FvPm-DP-s"/>
  <author>
   <name>Arnaldo Mangini</name>
   <uri>https://www.youtube.com/channel/UCoW3NnFgnDATwU9eUOswisg</uri>
  </author>
  <published>2025-11-19T08:30:19+00:00</published>
  <updated>2025-11-19T11:25:26.143298798+00:00</updated>
 </entry></feed>

2025/11/19 22:25:27 Processing hub notification (1 entries) videos=z-FvPm-DP-s channel=UCoW3NnFgnDATwU9eUOswisg

2025/11/19 22:25:27 Fetching live metadata for 1 video(s): z-FvPm-DP-s

2025/11/19 22:25:27 Requesting watch page for z-FvPm-DP-s: https://www.youtube.com/watch?v=z-FvPm-DP-s

2025/11/19 22:25:28 Fetched metadata for z-FvPm-DP-s: channel=UCoW3NnFgnDATwU9eUOswisg title="It's a Kind of Magic!🔥" live=true start=2025-11-19 08:49:51 +0000 +0000

2025/11/19 22:25:28 Live stream detected: channel=UCoW3NnFgnDATwU9eUOswisg video=z-FvPm-DP-s title=It's a Kind of Magic!🔥

2025/11/19 22:25:28 ---- Response for POST /alerts (204 No Content) ----

2025/11/19 22:25:28 ---- Incoming request from 127.0.0.1:63365 ----
GET /api/streamers HTTP/1.1
Host: 127.0.0.1:8880
Accept: */*
Accept-Encoding: gzip, deflate, br, zstd
Accept-Language: en-GB,en-US;q=0.9,en;q=0.8
Referer: http://127.0.0.1:4173/
Sec-Ch-Ua: "Chromium";v="142", "Google Chrome";v="142", "Not_A Brand";v="99"
Sec-Ch-Ua-Mobile: ?0
Sec-Ch-Ua-Platform: "macOS"
Sec-Fetch-Dest: empty
Sec-Fetch-Mode: cors
Sec-Fetch-Site: same-origin
User-Agent: Mozilla/5.0 (Macintosh; Intel Mac OS X 10_15_7) AppleWebKit/537.36 (KHTML, like Gecko) Chrome/142.0.0.0 Safari/537.36
X-Forwarded-For: 127.0.0.1


2025/11/19 22:25:28 ---- Response for GET /api/streamers (200 OK) ----
{"streamers":[{"streamer":{"id":"395848a32c2c47c2a231c1b59f2b93d4","alias":"JonSiiN","description":"Hello everyone Welcome to the official JRK Knives channel. Knives have been used since prehistoric times for a plethora of activities from weapons and tools ...","firstName":"","lastName":"","email":"","languages":["English"]},"platforms":{"youtube":{"handle":"@JRKKnives","channelId":"UCbT1jA8RTEHk7y6rn2vHNGw","hubSecret":"9C_7M8CuW959d3PFQ6fZ-FRaj3yzSvel","hubLeaseDate":"2025-11-18T08:56:59Z","topic":"https://www.youtube.com/xml/feeds/videos.xml?channel_id=UCbT1jA8RTEHk7y6rn2vHNGw","callbackUrl":"https://sharpen.live/dev/alerts","hubUrl":"https://pubsubhubbub.appspot.com/subscribe","verifyMode":"async","leaseSeconds":864000}},"status":{"live":true,"platforms":["youtube"],"youtube":{"live":true,"videoId":"AeP_0Ev0Iso","startedAt":"2025-11-18T12:59:26Z"}},"createdAt":"2025-11-18T08:56:57.714492Z","updatedAt":"2025-11-19T09:44:21.519767Z"},{"streamer":{"id":"4b8e82c4a16e49e58c1ac2993e7f85e0","alias":"Attorney Melanie Little","description":"Melanie Little is a New York lawyer with over 30 years experience as a trial attorney and litigator in state and federal courts, who is now a legal analyst a...","firstName":"","lastName":"","email":"","languages":["English"]},"platforms":{"youtube":{"handle":"@AttorneyMelanieLittle","channelId":"UCFSlI8Y3Zdoq5buNW_40AAA","hubSecret":"nlXDE9expkcuWHJ4vXXe3UOjfDRYwRvy","hubLeaseDate":"2025-11-18T10:07:14Z","topic":"https://www.youtube.com/xml/feeds/videos.xml?channel_id=UCFSlI8Y3Zdoq5buNW_40AAA","callbackUrl":"https://sharpen.live/dev/alerts","hubUrl":"https://pubsubhubbub.appspot.com/subscribe","verifyMode":"async","leaseSeconds":864000}},"status":{"live":true,"platforms":["youtube"],"youtube":{"live":true,"videoId":"P4ABIOUhHMY","startedAt":"2025-11-19T15:00:00Z"}},"createdAt":"2025-11-18T10:07:12.769107Z","updatedAt":"2025-11-19T09:17:35.221413Z"},{"streamer":{"id":"816a93baffdc4102a959dc0875d74657","alias":"Arnaldo Mangini","description":"Arnaldo Mangini, comico, clown, fantasista","firstName":"","lastName":"","email":"","languages":["English","Italian"]},"platforms":{"youtube":{"handle":"@arnaldomangini","channelId":"UCoW3NnFgnDATwU9eUOswisg","hubSecret":"wSduM3o6zSJNs8LvdpuoADBL0b7g4mlT","hubLeaseDate":"2025-11-18T17:22:55Z","topic":"https://www.youtube.com/xml/feeds/videos.xml?channel_id=UCoW3NnFgnDATwU9eUOswisg","callbackUrl":"https://sharpen.live/dev/alerts","hubUrl":"https://pubsubhubbub.appspot.com/subscribe","verifyMode":"async","leaseSeconds":864000}},"status":{"live":true,"platforms":["youtube"],"youtube":{"live":true,"videoId":"z-FvPm-DP-s","startedAt":"2025-11-19T08:49:51Z"}},"createdAt":"2025-11-18T17:22:53.507193Z","updatedAt":"2025-11-19T11:25:28.525752Z"}]}

2025/11/19 22:25:40 ---- Incoming request from 127.0.0.1:63357 ----
POST /alerts HTTP/1.1
Host: sharpen.live
Accept: */*
Accept-Encoding: gzip, deflate, br
Cache-Control: no-cache,max-age=0
Content-Length: 884
Content-Type: application/atom+xml
From: googlebot(at)googlebot.com
Link: <https://www.youtube.com/xml/feeds/videos.xml?channel_id=UCoW3NnFgnDATwU9eUOswisg>; rel=self, <http://pubsubhubbub.appspot.com/>; rel=hub
Pragma: no-cache
User-Agent: FeedFetcher-Google; (+http://www.google.com/feedfetcher.html)
Via: 1.1 Caddy
X-Forwarded-For: 66.102.8.101
X-Forwarded-Host: sharpen.live
X-Forwarded-Proto: https
X-Hub-Signature: sha1=0bbc9a770fbe23b02edbeb488723c097c2becaf8
X-Request-Id: {http.request.id}

<?xml version='1.0' encoding='UTF-8'?>
<feed xmlns:yt="http://www.youtube.com/xml/schemas/2015" xmlns="http://www.w3.org/2005/Atom"><link rel="hub" href="https://pubsubhubbub.appspot.com"/><link rel="self" href="https://www.youtube.com/xml/feeds/videos.xml?channel_id=UCoW3NnFgnDATwU9eUOswisg"/><title>YouTube video feed</title><updated>2025-11-19T11:25:39.635708703+00:00</updated><entry>
  <id>yt:video:cja62cs45WY</id>
  <yt:videoId>cja62cs45WY</yt:videoId>
  <yt:channelId>UCoW3NnFgnDATwU9eUOswisg</yt:channelId>
  <title>It's a Kind of Magic!</title>
  <link rel="alternate" href="https://www.youtube.com/watch?v=cja62cs45WY"/>
  <author>
   <name>Arnaldo Mangini</name>
   <uri>https://www.youtube.com/channel/UCoW3NnFgnDATwU9eUOswisg</uri>
  </author>
  <published>2025-11-19T08:31:13+00:00</published>
  <updated>2025-11-19T11:25:39.635708703+00:00</updated>
 </entry></feed>

2025/11/19 22:25:40 Processing hub notification (1 entries) videos=cja62cs45WY channel=UCoW3NnFgnDATwU9eUOswisg

2025/11/19 22:25:40 Fetching live metadata for 1 video(s): cja62cs45WY

2025/11/19 22:25:40 Requesting watch page for cja62cs45WY: https://www.youtube.com/watch?v=cja62cs45WY

2025/11/19 22:25:41 Fetched metadata for cja62cs45WY: channel=UCoW3NnFgnDATwU9eUOswisg title="It's a Kind of Magic!" live=true start=2025-11-19 08:49:56 +0000 +0000

2025/11/19 22:25:41 Live stream detected: channel=UCoW3NnFgnDATwU9eUOswisg video=cja62cs45WY title=It's a Kind of Magic!

2025/11/19 22:25:41 ---- Response for POST /alerts (204 No Content) ----

2025/11/19 22:25:42 ---- Incoming request from 127.0.0.1:63365 ----
GET /api/streamers HTTP/1.1
Host: 127.0.0.1:8880
Accept: */*
Accept-Encoding: gzip, deflate, br, zstd
Accept-Language: en-GB,en-US;q=0.9,en;q=0.8
Referer: http://127.0.0.1:4173/
Sec-Ch-Ua: "Chromium";v="142", "Google Chrome";v="142", "Not_A Brand";v="99"
Sec-Ch-Ua-Mobile: ?0
Sec-Ch-Ua-Platform: "macOS"
Sec-Fetch-Dest: empty
Sec-Fetch-Mode: cors
Sec-Fetch-Site: same-origin
User-Agent: Mozilla/5.0 (Macintosh; Intel Mac OS X 10_15_7) AppleWebKit/537.36 (KHTML, like Gecko) Chrome/142.0.0.0 Safari/537.36
X-Forwarded-For: 127.0.0.1


2025/11/19 22:25:42 ---- Response for GET /api/streamers (200 OK) ----
{"streamers":[{"streamer":{"id":"395848a32c2c47c2a231c1b59f2b93d4","alias":"JonSiiN","description":"Hello everyone Welcome to the official JRK Knives channel. Knives have been used since prehistoric times for a plethora of activities from weapons and tools ...","firstName":"","lastName":"","email":"","languages":["English"]},"platforms":{"youtube":{"handle":"@JRKKnives","channelId":"UCbT1jA8RTEHk7y6rn2vHNGw","hubSecret":"9C_7M8CuW959d3PFQ6fZ-FRaj3yzSvel","hubLeaseDate":"2025-11-18T08:56:59Z","topic":"https://www.youtube.com/xml/feeds/videos.xml?channel_id=UCbT1jA8RTEHk7y6rn2vHNGw","callbackUrl":"https://sharpen.live/dev/alerts","hubUrl":"https://pubsubhubbub.appspot.com/subscribe","verifyMode":"async","leaseSeconds":864000}},"status":{"live":true,"platforms":["youtube"],"youtube":{"live":true,"videoId":"AeP_0Ev0Iso","startedAt":"2025-11-18T12:59:26Z"}},"createdAt":"2025-11-18T08:56:57.714492Z","updatedAt":"2025-11-19T09:44:21.519767Z"},{"streamer":{"id":"4b8e82c4a16e49e58c1ac2993e7f85e0","alias":"Attorney Melanie Little","description":"Melanie Little is a New York lawyer with over 30 years experience as a trial attorney and litigator in state and federal courts, who is now a legal analyst a...","firstName":"","lastName":"","email":"","languages":["English"]},"platforms":{"youtube":{"handle":"@AttorneyMelanieLittle","channelId":"UCFSlI8Y3Zdoq5buNW_40AAA","hubSecret":"nlXDE9expkcuWHJ4vXXe3UOjfDRYwRvy","hubLeaseDate":"2025-11-18T10:07:14Z","topic":"https://www.youtube.com/xml/feeds/videos.xml?channel_id=UCFSlI8Y3Zdoq5buNW_40AAA","callbackUrl":"https://sharpen.live/dev/alerts","hubUrl":"https://pubsubhubbub.appspot.com/subscribe","verifyMode":"async","leaseSeconds":864000}},"status":{"live":true,"platforms":["youtube"],"youtube":{"live":true,"videoId":"P4ABIOUhHMY","startedAt":"2025-11-19T15:00:00Z"}},"createdAt":"2025-11-18T10:07:12.769107Z","updatedAt":"2025-11-19T09:17:35.221413Z"},{"streamer":{"id":"816a93baffdc4102a959dc0875d74657","alias":"Arnaldo Mangini","description":"Arnaldo Mangini, comico, clown, fantasista","firstName":"","lastName":"","email":"","languages":["English","Italian"]},"platforms":{"youtube":{"handle":"@arnaldomangini","channelId":"UCoW3NnFgnDATwU9eUOswisg","hubSecret":"wSduM3o6zSJNs8LvdpuoADBL0b7g4mlT","hubLeaseDate":"2025-11-18T17:22:55Z","topic":"https://www.youtube.com/xml/feeds/videos.xml?channel_id=UCoW3NnFgnDATwU9eUOswisg","callbackUrl":"https://sharpen.live/dev/alerts","hubUrl":"https://pubsubhubbub.appspot.com/subscribe","verifyMode":"async","leaseSeconds":864000}},"status":{"live":true,"platforms":["youtube"],"youtube":{"live":true,"videoId":"cja62cs45WY","startedAt":"2025-11-19T08:49:56Z"}},"createdAt":"2025-11-18T17:22:53.507193Z","updatedAt":"2025-11-19T11:25:41.69565Z"}]}

2025/11/19 22:31:05 ---- Incoming request from 127.0.0.1:64846 ----
POST /alerts HTTP/1.1
Host: sharpen.live
Accept: */*
Accept-Encoding: gzip, deflate, br
Cache-Control: no-cache,max-age=0
Content-Length: 1205
Content-Type: application/atom+xml
From: googlebot(at)googlebot.com
Link: <https://www.youtube.com/xml/feeds/videos.xml?channel_id=UCoW3NnFgnDATwU9eUOswisg>; rel=self, <http://pubsubhubbub.appspot.com/>; rel=hub
Pragma: no-cache
User-Agent: FeedFetcher-Google; (+http://www.google.com/feedfetcher.html)
Via: 1.1 Caddy
X-Forwarded-For: 66.102.8.101
X-Forwarded-Host: sharpen.live
X-Forwarded-Proto: https
X-Hub-Signature: sha1=5cd882e5a5cda96ab79bdcfa748d54f44e0e8422
X-Request-Id: {http.request.id}

<?xml version='1.0' encoding='UTF-8'?>
<feed xmlns:yt="http://www.youtube.com/xml/schemas/2015" xmlns="http://www.w3.org/2005/Atom"><link rel="hub" href="https://pubsubhubbub.appspot.com"/><link rel="self" href="https://www.youtube.com/xml/feeds/videos.xml?channel_id=UCoW3NnFgnDATwU9eUOswisg"/><title>YouTube video feed</title><updated>2025-11-19T11:31:03.393945668+00:00</updated><entry>
  <id>yt:video:rl3h0lv994U</id>
  <yt:videoId>rl3h0lv994U</yt:videoId>
  <yt:channelId>UCoW3NnFgnDATwU9eUOswisg</yt:channelId>
  <title>A B C Magic! ✨| Arnaldo Mangini #comedy #magic</title>
  <link rel="alternate" href="https://www.youtube.com/shorts/rl3h0lv994U"/>
  <link rel="alternate" hreflang="en" href="https://www.youtube.com/shorts/rl3h0lv994U?vl=en"/>
  <link rel="alternate" hreflang="en-US" href="https://www.youtube.com/shorts/rl3h0lv994U?vl=en-US"/>
  <link rel="alternate" hreflang="x-default" href="https://www.youtube.com/shorts/rl3h0lv994U"/>
  <author>
   <name>Arnaldo Mangini</name>
   <uri>https://www.youtube.com/channel/UCoW3NnFgnDATwU9eUOswisg</uri>
  </author>
  <published>2025-11-19T11:31:00+00:00</published>
  <updated>2025-11-19T11:31:03.393945668+00:00</updated>
 </entry></feed>

2025/11/19 22:31:05 Processing hub notification (1 entries) videos=rl3h0lv994U channel=UCoW3NnFgnDATwU9eUOswisg

2025/11/19 22:31:05 Fetching live metadata for 1 video(s): rl3h0lv994U

2025/11/19 22:31:05 Requesting watch page for rl3h0lv994U: https://www.youtube.com/watch?v=rl3h0lv994U

2025/11/19 22:31:06 Fetched metadata for rl3h0lv994U: channel=UCoW3NnFgnDATwU9eUOswisg title="A B C Magic! ✨| Arnaldo Mangini #comedy #magic" live=false start=0001-01-01 00:00:00 +0000 UTC

2025/11/19 22:31:06 video rl3h0lv994U (A B C Magic! ✨| Arnaldo Mangini #comedy #magic) not live; broadcast="" start=0001-01-01 00:00:00 +0000 UTC

2025/11/19 22:31:06 Processed alert notification for 1 video(s); no live streams detected

2025/11/19 22:31:06 ---- Response for POST /alerts (204 No Content) ----

2025/11/19 22:34:20 ---- Response for GET /api/streamers/watch (200 OK) ----
event: ready
data: 1763550654763

event: change
data: 1763551528526

event: change
data: 1763551541695


2025/11/19 22:34:21 ---- Incoming request from 127.0.0.1:49395 ----
GET /api/streamers HTTP/1.1
Host: 127.0.0.1:8880
Accept: */*
Accept-Encoding: gzip, deflate, br, zstd
Accept-Language: en-GB,en-US;q=0.9,en;q=0.8
Referer: http://127.0.0.1:4173/
Sec-Ch-Ua: "Chromium";v="142", "Google Chrome";v="142", "Not_A Brand";v="99"
Sec-Ch-Ua-Mobile: ?0
Sec-Ch-Ua-Platform: "macOS"
Sec-Fetch-Dest: empty
Sec-Fetch-Mode: cors
Sec-Fetch-Site: same-origin
User-Agent: Mozilla/5.0 (Macintosh; Intel Mac OS X 10_15_7) AppleWebKit/537.36 (KHTML, like Gecko) Chrome/142.0.0.0 Safari/537.36
X-Forwarded-For: 127.0.0.1


2025/11/19 22:34:21 ---- Response for GET /api/streamers (200 OK) ----
{"streamers":[{"streamer":{"id":"395848a32c2c47c2a231c1b59f2b93d4","alias":"JonSiiN","description":"Hello everyone Welcome to the official JRK Knives channel. Knives have been used since prehistoric times for a plethora of activities from weapons and tools ...","firstName":"","lastName":"","email":"","languages":["English"]},"platforms":{"youtube":{"handle":"@JRKKnives","channelId":"UCbT1jA8RTEHk7y6rn2vHNGw","hubSecret":"9C_7M8CuW959d3PFQ6fZ-FRaj3yzSvel","hubLeaseDate":"2025-11-18T08:56:59Z","topic":"https://www.youtube.com/xml/feeds/videos.xml?channel_id=UCbT1jA8RTEHk7y6rn2vHNGw","callbackUrl":"https://sharpen.live/dev/alerts","hubUrl":"https://pubsubhubbub.appspot.com/subscribe","verifyMode":"async","leaseSeconds":864000}},"status":{"live":true,"platforms":["youtube"],"youtube":{"live":true,"videoId":"AeP_0Ev0Iso","startedAt":"2025-11-18T12:59:26Z"}},"createdAt":"2025-11-18T08:56:57.714492Z","updatedAt":"2025-11-19T09:44:21.519767Z"},{"streamer":{"id":"4b8e82c4a16e49e58c1ac2993e7f85e0","alias":"Attorney Melanie Little","description":"Melanie Little is a New York lawyer with over 30 years experience as a trial attorney and litigator in state and federal courts, who is now a legal analyst a...","firstName":"","lastName":"","email":"","languages":["English"]},"platforms":{"youtube":{"handle":"@AttorneyMelanieLittle","channelId":"UCFSlI8Y3Zdoq5buNW_40AAA","hubSecret":"nlXDE9expkcuWHJ4vXXe3UOjfDRYwRvy","hubLeaseDate":"2025-11-18T10:07:14Z","topic":"https://www.youtube.com/xml/feeds/videos.xml?channel_id=UCFSlI8Y3Zdoq5buNW_40AAA","callbackUrl":"https://sharpen.live/dev/alerts","hubUrl":"https://pubsubhubbub.appspot.com/subscribe","verifyMode":"async","leaseSeconds":864000}},"status":{"live":true,"platforms":["youtube"],"youtube":{"live":true,"videoId":"P4ABIOUhHMY","startedAt":"2025-11-19T15:00:00Z"}},"createdAt":"2025-11-18T10:07:12.769107Z","updatedAt":"2025-11-19T09:17:35.221413Z"},{"streamer":{"id":"816a93baffdc4102a959dc0875d74657","alias":"Arnaldo Mangini","description":"Arnaldo Mangini, comico, clown, fantasista","firstName":"","lastName":"","email":"","languages":["English","Italian"]},"platforms":{"youtube":{"handle":"@arnaldomangini","channelId":"UCoW3NnFgnDATwU9eUOswisg","hubSecret":"wSduM3o6zSJNs8LvdpuoADBL0b7g4mlT","hubLeaseDate":"2025-11-18T17:22:55Z","topic":"https://www.youtube.com/xml/feeds/videos.xml?channel_id=UCoW3NnFgnDATwU9eUOswisg","callbackUrl":"https://sharpen.live/dev/alerts","hubUrl":"https://pubsubhubbub.appspot.com/subscribe","verifyMode":"async","leaseSeconds":864000}},"status":{"live":true,"platforms":["youtube"],"youtube":{"live":true,"videoId":"cja62cs45WY","startedAt":"2025-11-19T08:49:56Z"}},"createdAt":"2025-11-18T17:22:53.507193Z","updatedAt":"2025-11-19T11:25:41.69565Z"}]}

2025/11/19 22:34:21 ---- Incoming request from 127.0.0.1:49395 ----
GET /api/streamers/watch HTTP/1.1
Host: 127.0.0.1:8880
Accept: text/event-stream
Accept-Encoding: gzip, deflate, br, zstd
Accept-Language: en-GB,en-US;q=0.9,en;q=0.8
Cache-Control: no-cache
Referer: http://127.0.0.1:4173/
Sec-Ch-Ua: "Chromium";v="142", "Google Chrome";v="142", "Not_A Brand";v="99"
Sec-Ch-Ua-Mobile: ?0
Sec-Ch-Ua-Platform: "macOS"
Sec-Fetch-Dest: empty
Sec-Fetch-Mode: cors
Sec-Fetch-Site: same-origin
User-Agent: Mozilla/5.0 (Macintosh; Intel Mac OS X 10_15_7) AppleWebKit/537.36 (KHTML, like Gecko) Chrome/142.0.0.0 Safari/537.36
X-Forwarded-For: 127.0.0.1


2025/11/19 22:48:01 ---- Incoming request from 127.0.0.1:53109 ----
POST /api/admin/login HTTP/1.1
Host: 127.0.0.1:8880
Accept: */*
Accept-Encoding: gzip, deflate, br, zstd
Accept-Language: en-GB,en-US;q=0.9,en;q=0.8
Content-Length: 53
Content-Type: application/json
Origin: http://127.0.0.1:4173
Referer: http://127.0.0.1:4173/
Sec-Ch-Ua: "Chromium";v="142", "Google Chrome";v="142", "Not_A Brand";v="99"
Sec-Ch-Ua-Mobile: ?0
Sec-Ch-Ua-Platform: "macOS"
Sec-Fetch-Dest: empty
Sec-Fetch-Mode: cors
Sec-Fetch-Site: same-origin
User-Agent: Mozilla/5.0 (Macintosh; Intel Mac OS X 10_15_7) AppleWebKit/537.36 (KHTML, like Gecko) Chrome/142.0.0.0 Safari/537.36
X-Forwarded-For: 127.0.0.1

{"email":"admin@sharpen.live","password":"change-me"}

2025/11/19 22:48:01 ---- Response for POST /api/admin/login (200 OK) ----
{"token":"b1e10927b5f70d498dac3140f48e5477c1892fa87e55af1cc01123dd72d91b34","expiresAt":"2025-11-20T11:48:01Z"}

2025/11/19 22:48:01 ---- Incoming request from 127.0.0.1:53109 ----
GET /api/admin/submissions HTTP/1.1
Host: 127.0.0.1:8880
Accept: */*
Accept-Encoding: gzip, deflate, br, zstd
Accept-Language: en-GB,en-US;q=0.9,en;q=0.8
Authorization: Bearer b1e10927b5f70d498dac3140f48e5477c1892fa87e55af1cc01123dd72d91b34
Referer: http://127.0.0.1:4173/
Sec-Ch-Ua: "Chromium";v="142", "Google Chrome";v="142", "Not_A Brand";v="99"
Sec-Ch-Ua-Mobile: ?0
Sec-Ch-Ua-Platform: "macOS"
Sec-Fetch-Dest: empty
Sec-Fetch-Mode: cors
Sec-Fetch-Site: same-origin
User-Agent: Mozilla/5.0 (Macintosh; Intel Mac OS X 10_15_7) AppleWebKit/537.36 (KHTML, like Gecko) Chrome/142.0.0.0 Safari/537.36
X-Forwarded-For: 127.0.0.1


2025/11/19 22:48:01 ---- Response for GET /api/admin/submissions (200 OK) ----
{"submissions":[]}

2025/11/19 22:48:01 ---- Incoming request from 127.0.0.1:53109 ----
GET /api/streamers HTTP/1.1
Host: 127.0.0.1:8880
Accept: */*
Accept-Encoding: gzip, deflate, br, zstd
Accept-Language: en-GB,en-US;q=0.9,en;q=0.8
Referer: http://127.0.0.1:4173/
Sec-Ch-Ua: "Chromium";v="142", "Google Chrome";v="142", "Not_A Brand";v="99"
Sec-Ch-Ua-Mobile: ?0
Sec-Ch-Ua-Platform: "macOS"
Sec-Fetch-Dest: empty
Sec-Fetch-Mode: cors
Sec-Fetch-Site: same-origin
User-Agent: Mozilla/5.0 (Macintosh; Intel Mac OS X 10_15_7) AppleWebKit/537.36 (KHTML, like Gecko) Chrome/142.0.0.0 Safari/537.36
X-Forwarded-For: 127.0.0.1


2025/11/19 22:48:01 ---- Response for GET /api/streamers (200 OK) ----
{"streamers":[{"streamer":{"id":"395848a32c2c47c2a231c1b59f2b93d4","alias":"JonSiiN","description":"Hello everyone Welcome to the official JRK Knives channel. Knives have been used since prehistoric times for a plethora of activities from weapons and tools ...","firstName":"","lastName":"","email":"","languages":["English"]},"platforms":{"youtube":{"handle":"@JRKKnives","channelId":"UCbT1jA8RTEHk7y6rn2vHNGw","hubSecret":"9C_7M8CuW959d3PFQ6fZ-FRaj3yzSvel","hubLeaseDate":"2025-11-18T08:56:59Z","topic":"https://www.youtube.com/xml/feeds/videos.xml?channel_id=UCbT1jA8RTEHk7y6rn2vHNGw","callbackUrl":"https://sharpen.live/dev/alerts","hubUrl":"https://pubsubhubbub.appspot.com/subscribe","verifyMode":"async","leaseSeconds":864000}},"status":{"live":true,"platforms":["youtube"],"youtube":{"live":true,"videoId":"AeP_0Ev0Iso","startedAt":"2025-11-18T12:59:26Z"}},"createdAt":"2025-11-18T08:56:57.714492Z","updatedAt":"2025-11-19T09:44:21.519767Z"},{"streamer":{"id":"4b8e82c4a16e49e58c1ac2993e7f85e0","alias":"Attorney Melanie Little","description":"Melanie Little is a New York lawyer with over 30 years experience as a trial attorney and litigator in state and federal courts, who is now a legal analyst a...","firstName":"","lastName":"","email":"","languages":["English"]},"platforms":{"youtube":{"handle":"@AttorneyMelanieLittle","channelId":"UCFSlI8Y3Zdoq5buNW_40AAA","hubSecret":"nlXDE9expkcuWHJ4vXXe3UOjfDRYwRvy","hubLeaseDate":"2025-11-18T10:07:14Z","topic":"https://www.youtube.com/xml/feeds/videos.xml?channel_id=UCFSlI8Y3Zdoq5buNW_40AAA","callbackUrl":"https://sharpen.live/dev/alerts","hubUrl":"https://pubsubhubbub.appspot.com/subscribe","verifyMode":"async","leaseSeconds":864000}},"status":{"live":true,"platforms":["youtube"],"youtube":{"live":true,"videoId":"P4ABIOUhHMY","startedAt":"2025-11-19T15:00:00Z"}},"createdAt":"2025-11-18T10:07:12.769107Z","updatedAt":"2025-11-19T09:17:35.221413Z"},{"streamer":{"id":"816a93baffdc4102a959dc0875d74657","alias":"Arnaldo Mangini","description":"Arnaldo Mangini, comico, clown, fantasista","firstName":"","lastName":"","email":"","languages":["English","Italian"]},"platforms":{"youtube":{"handle":"@arnaldomangini","channelId":"UCoW3NnFgnDATwU9eUOswisg","hubSecret":"wSduM3o6zSJNs8LvdpuoADBL0b7g4mlT","hubLeaseDate":"2025-11-18T17:22:55Z","topic":"https://www.youtube.com/xml/feeds/videos.xml?channel_id=UCoW3NnFgnDATwU9eUOswisg","callbackUrl":"https://sharpen.live/dev/alerts","hubUrl":"https://pubsubhubbub.appspot.com/subscribe","verifyMode":"async","leaseSeconds":864000}},"status":{"live":true,"platforms":["youtube"],"youtube":{"live":true,"videoId":"cja62cs45WY","startedAt":"2025-11-19T08:49:56Z"}},"createdAt":"2025-11-18T17:22:53.507193Z","updatedAt":"2025-11-19T11:25:41.69565Z"}]}

2025/11/19 22:48:01 ---- Incoming request from 127.0.0.1:53109 ----
GET /api/admin/settings HTTP/1.1
Host: 127.0.0.1:8880
Accept: */*
Accept-Encoding: gzip, deflate, br, zstd
Accept-Language: en-GB,en-US;q=0.9,en;q=0.8
Authorization: Bearer b1e10927b5f70d498dac3140f48e5477c1892fa87e55af1cc01123dd72d91b34
Referer: http://127.0.0.1:4173/
Sec-Ch-Ua: "Chromium";v="142", "Google Chrome";v="142", "Not_A Brand";v="99"
Sec-Ch-Ua-Mobile: ?0
Sec-Ch-Ua-Platform: "macOS"
Sec-Fetch-Dest: empty
Sec-Fetch-Mode: cors
Sec-Fetch-Site: same-origin
User-Agent: Mozilla/5.0 (Macintosh; Intel Mac OS X 10_15_7) AppleWebKit/537.36 (KHTML, like Gecko) Chrome/142.0.0.0 Safari/537.36
X-Forwarded-For: 127.0.0.1


2025/11/19 22:48:01 ---- Response for GET /api/admin/settings (404 Not Found) ----
404 page not found

2025/11/19 22:48:01 ---- Incoming request from 127.0.0.1:53109 ----
GET /api/admin/monitor/youtube HTTP/1.1
Host: 127.0.0.1:8880
Accept: */*
Accept-Encoding: gzip, deflate, br, zstd
Accept-Language: en-GB,en-US;q=0.9,en;q=0.8
Authorization: Bearer b1e10927b5f70d498dac3140f48e5477c1892fa87e55af1cc01123dd72d91b34
Referer: http://127.0.0.1:4173/
Sec-Ch-Ua: "Chromium";v="142", "Google Chrome";v="142", "Not_A Brand";v="99"
Sec-Ch-Ua-Mobile: ?0
Sec-Ch-Ua-Platform: "macOS"
Sec-Fetch-Dest: empty
Sec-Fetch-Mode: cors
Sec-Fetch-Site: same-origin
User-Agent: Mozilla/5.0 (Macintosh; Intel Mac OS X 10_15_7) AppleWebKit/537.36 (KHTML, like Gecko) Chrome/142.0.0.0 Safari/537.36
X-Forwarded-For: 127.0.0.1


2025/11/19 22:48:01 ---- Response for GET /api/admin/monitor/youtube (404 Not Found) ----
404 page not found

2025/11/19 22:49:28 ---- Incoming request from 127.0.0.1:53109 ----
GET /api/admin/monitor/youtube HTTP/1.1
Host: 127.0.0.1:8880
Accept: */*
Accept-Encoding: gzip, deflate, br, zstd
Accept-Language: en-GB,en-US;q=0.9,en;q=0.8
Authorization: Bearer b1e10927b5f70d498dac3140f48e5477c1892fa87e55af1cc01123dd72d91b34
Referer: http://127.0.0.1:4173/
Sec-Ch-Ua: "Chromium";v="142", "Google Chrome";v="142", "Not_A Brand";v="99"
Sec-Ch-Ua-Mobile: ?0
Sec-Ch-Ua-Platform: "macOS"
Sec-Fetch-Dest: empty
Sec-Fetch-Mode: cors
Sec-Fetch-Site: same-origin
User-Agent: Mozilla/5.0 (Macintosh; Intel Mac OS X 10_15_7) AppleWebKit/537.36 (KHTML, like Gecko) Chrome/142.0.0.0 Safari/537.36
X-Forwarded-For: 127.0.0.1


2025/11/19 22:49:28 ---- Response for GET /api/admin/monitor/youtube (404 Not Found) ----
404 page not found

2025/11/19 23:00:10 ---- Response for GET /api/streamers/watch (200 OK) ----
event: ready
data: 1763551541695


2025/11/19 23:00:13 ---- Incoming request from 127.0.0.1:56500 ----
GET /api/streamers/watch HTTP/1.1
Host: 127.0.0.1:8880
Accept: text/event-stream
Accept-Encoding: gzip, deflate, br, zstd
Accept-Language: en-GB,en-US;q=0.9,en;q=0.8
Cache-Control: no-cache
Referer: http://127.0.0.1:4173/
Sec-Ch-Ua: "Chromium";v="142", "Google Chrome";v="142", "Not_A Brand";v="99"
Sec-Ch-Ua-Mobile: ?0
Sec-Ch-Ua-Platform: "macOS"
Sec-Fetch-Dest: empty
Sec-Fetch-Mode: cors
Sec-Fetch-Site: same-origin
User-Agent: Mozilla/5.0 (Macintosh; Intel Mac OS X 10_15_7) AppleWebKit/537.36 (KHTML, like Gecko) Chrome/142.0.0.0 Safari/537.36
X-Forwarded-For: 127.0.0.1


2025/11/19 23:00:33 ---- Response for GET /api/streamers/watch (200 OK) ----
event: ready
data: 1763551541695


2025/11/19 23:00:34 ---- Incoming request from 127.0.0.1:56601 ----
GET /api/streamers HTTP/1.1
Host: 127.0.0.1:8880
Accept: */*
Accept-Encoding: gzip, deflate, br, zstd
Accept-Language: en-GB,en-US;q=0.9,en;q=0.8
Referer: http://127.0.0.1:4173/
Sec-Ch-Ua: "Chromium";v="142", "Google Chrome";v="142", "Not_A Brand";v="99"
Sec-Ch-Ua-Mobile: ?0
Sec-Ch-Ua-Platform: "macOS"
Sec-Fetch-Dest: empty
Sec-Fetch-Mode: cors
Sec-Fetch-Site: same-origin
User-Agent: Mozilla/5.0 (Macintosh; Intel Mac OS X 10_15_7) AppleWebKit/537.36 (KHTML, like Gecko) Chrome/142.0.0.0 Safari/537.36
X-Forwarded-For: 127.0.0.1


2025/11/19 23:00:34 ---- Response for GET /api/streamers (200 OK) ----
{"streamers":[{"streamer":{"id":"395848a32c2c47c2a231c1b59f2b93d4","alias":"JonSiiN","description":"Hello everyone Welcome to the official JRK Knives channel. Knives have been used since prehistoric times for a plethora of activities from weapons and tools ...","firstName":"","lastName":"","email":"","languages":["English"]},"platforms":{"youtube":{"handle":"@JRKKnives","channelId":"UCbT1jA8RTEHk7y6rn2vHNGw","hubSecret":"9C_7M8CuW959d3PFQ6fZ-FRaj3yzSvel","hubLeaseDate":"2025-11-18T08:56:59Z","topic":"https://www.youtube.com/xml/feeds/videos.xml?channel_id=UCbT1jA8RTEHk7y6rn2vHNGw","callbackUrl":"https://sharpen.live/dev/alerts","hubUrl":"https://pubsubhubbub.appspot.com/subscribe","verifyMode":"async","leaseSeconds":864000}},"status":{"live":true,"platforms":["youtube"],"youtube":{"live":true,"videoId":"AeP_0Ev0Iso","startedAt":"2025-11-18T12:59:26Z"}},"createdAt":"2025-11-18T08:56:57.714492Z","updatedAt":"2025-11-19T09:44:21.519767Z"},{"streamer":{"id":"4b8e82c4a16e49e58c1ac2993e7f85e0","alias":"Attorney Melanie Little","description":"Melanie Little is a New York lawyer with over 30 years experience as a trial attorney and litigator in state and federal courts, who is now a legal analyst a...","firstName":"","lastName":"","email":"","languages":["English"]},"platforms":{"youtube":{"handle":"@AttorneyMelanieLittle","channelId":"UCFSlI8Y3Zdoq5buNW_40AAA","hubSecret":"nlXDE9expkcuWHJ4vXXe3UOjfDRYwRvy","hubLeaseDate":"2025-11-18T10:07:14Z","topic":"https://www.youtube.com/xml/feeds/videos.xml?channel_id=UCFSlI8Y3Zdoq5buNW_40AAA","callbackUrl":"https://sharpen.live/dev/alerts","hubUrl":"https://pubsubhubbub.appspot.com/subscribe","verifyMode":"async","leaseSeconds":864000}},"status":{"live":true,"platforms":["youtube"],"youtube":{"live":true,"videoId":"P4ABIOUhHMY","startedAt":"2025-11-19T15:00:00Z"}},"createdAt":"2025-11-18T10:07:12.769107Z","updatedAt":"2025-11-19T09:17:35.221413Z"},{"streamer":{"id":"816a93baffdc4102a959dc0875d74657","alias":"Arnaldo Mangini","description":"Arnaldo Mangini, comico, clown, fantasista","firstName":"","lastName":"","email":"","languages":["English","Italian"]},"platforms":{"youtube":{"handle":"@arnaldomangini","channelId":"UCoW3NnFgnDATwU9eUOswisg","hubSecret":"wSduM3o6zSJNs8LvdpuoADBL0b7g4mlT","hubLeaseDate":"2025-11-18T17:22:55Z","topic":"https://www.youtube.com/xml/feeds/videos.xml?channel_id=UCoW3NnFgnDATwU9eUOswisg","callbackUrl":"https://sharpen.live/dev/alerts","hubUrl":"https://pubsubhubbub.appspot.com/subscribe","verifyMode":"async","leaseSeconds":864000}},"status":{"live":true,"platforms":["youtube"],"youtube":{"live":true,"videoId":"cja62cs45WY","startedAt":"2025-11-19T08:49:56Z"}},"createdAt":"2025-11-18T17:22:53.507193Z","updatedAt":"2025-11-19T11:25:41.69565Z"}]}

2025/11/19 23:00:34 ---- Incoming request from 127.0.0.1:56601 ----
GET /api/streamers/watch HTTP/1.1
Host: 127.0.0.1:8880
Accept: text/event-stream
Accept-Encoding: gzip, deflate, br, zstd
Accept-Language: en-GB,en-US;q=0.9,en;q=0.8
Cache-Control: no-cache
Referer: http://127.0.0.1:4173/
Sec-Ch-Ua: "Chromium";v="142", "Google Chrome";v="142", "Not_A Brand";v="99"
Sec-Ch-Ua-Mobile: ?0
Sec-Ch-Ua-Platform: "macOS"
Sec-Fetch-Dest: empty
Sec-Fetch-Mode: cors
Sec-Fetch-Site: same-origin
User-Agent: Mozilla/5.0 (Macintosh; Intel Mac OS X 10_15_7) AppleWebKit/537.36 (KHTML, like Gecko) Chrome/142.0.0.0 Safari/537.36
X-Forwarded-For: 127.0.0.1


2025/11/19 23:00:50 ---- Incoming request from 127.0.0.1:56672 ----
POST /api/admin/login HTTP/1.1
Host: 127.0.0.1:8880
Accept: */*
Accept-Encoding: gzip, deflate, br, zstd
Accept-Language: en-GB,en-US;q=0.9,en;q=0.8
Content-Length: 53
Content-Type: application/json
Origin: http://127.0.0.1:4173
Referer: http://127.0.0.1:4173/
Sec-Ch-Ua: "Chromium";v="142", "Google Chrome";v="142", "Not_A Brand";v="99"
Sec-Ch-Ua-Mobile: ?0
Sec-Ch-Ua-Platform: "macOS"
Sec-Fetch-Dest: empty
Sec-Fetch-Mode: cors
Sec-Fetch-Site: same-origin
User-Agent: Mozilla/5.0 (Macintosh; Intel Mac OS X 10_15_7) AppleWebKit/537.36 (KHTML, like Gecko) Chrome/142.0.0.0 Safari/537.36
X-Forwarded-For: 127.0.0.1

{"email":"admin@sharpen.live","password":"change-me"}

2025/11/19 23:00:50 ---- Response for POST /api/admin/login (200 OK) ----
{"token":"f1436d35a1db4d128f5bfe3cc02b122feaff1c87c6639a5031e3d08edc636abb","expiresAt":"2025-11-20T12:00:50Z"}

2025/11/19 23:00:50 ---- Incoming request from 127.0.0.1:56672 ----
GET /api/admin/submissions HTTP/1.1
Host: 127.0.0.1:8880
Accept: */*
Accept-Encoding: gzip, deflate, br, zstd
Accept-Language: en-GB,en-US;q=0.9,en;q=0.8
Authorization: Bearer f1436d35a1db4d128f5bfe3cc02b122feaff1c87c6639a5031e3d08edc636abb
Referer: http://127.0.0.1:4173/
Sec-Ch-Ua: "Chromium";v="142", "Google Chrome";v="142", "Not_A Brand";v="99"
Sec-Ch-Ua-Mobile: ?0
Sec-Ch-Ua-Platform: "macOS"
Sec-Fetch-Dest: empty
Sec-Fetch-Mode: cors
Sec-Fetch-Site: same-origin
User-Agent: Mozilla/5.0 (Macintosh; Intel Mac OS X 10_15_7) AppleWebKit/537.36 (KHTML, like Gecko) Chrome/142.0.0.0 Safari/537.36
X-Forwarded-For: 127.0.0.1


2025/11/19 23:00:50 ---- Response for GET /api/admin/submissions (200 OK) ----
{"submissions":[]}

2025/11/19 23:00:50 ---- Incoming request from 127.0.0.1:56672 ----
GET /api/streamers HTTP/1.1
Host: 127.0.0.1:8880
Accept: */*
Accept-Encoding: gzip, deflate, br, zstd
Accept-Language: en-GB,en-US;q=0.9,en;q=0.8
Referer: http://127.0.0.1:4173/
Sec-Ch-Ua: "Chromium";v="142", "Google Chrome";v="142", "Not_A Brand";v="99"
Sec-Ch-Ua-Mobile: ?0
Sec-Ch-Ua-Platform: "macOS"
Sec-Fetch-Dest: empty
Sec-Fetch-Mode: cors
Sec-Fetch-Site: same-origin
User-Agent: Mozilla/5.0 (Macintosh; Intel Mac OS X 10_15_7) AppleWebKit/537.36 (KHTML, like Gecko) Chrome/142.0.0.0 Safari/537.36
X-Forwarded-For: 127.0.0.1


2025/11/19 23:00:50 ---- Response for GET /api/streamers (200 OK) ----
{"streamers":[{"streamer":{"id":"395848a32c2c47c2a231c1b59f2b93d4","alias":"JonSiiN","description":"Hello everyone Welcome to the official JRK Knives channel. Knives have been used since prehistoric times for a plethora of activities from weapons and tools ...","firstName":"","lastName":"","email":"","languages":["English"]},"platforms":{"youtube":{"handle":"@JRKKnives","channelId":"UCbT1jA8RTEHk7y6rn2vHNGw","hubSecret":"9C_7M8CuW959d3PFQ6fZ-FRaj3yzSvel","hubLeaseDate":"2025-11-18T08:56:59Z","topic":"https://www.youtube.com/xml/feeds/videos.xml?channel_id=UCbT1jA8RTEHk7y6rn2vHNGw","callbackUrl":"https://sharpen.live/dev/alerts","hubUrl":"https://pubsubhubbub.appspot.com/subscribe","verifyMode":"async","leaseSeconds":864000}},"status":{"live":true,"platforms":["youtube"],"youtube":{"live":true,"videoId":"AeP_0Ev0Iso","startedAt":"2025-11-18T12:59:26Z"}},"createdAt":"2025-11-18T08:56:57.714492Z","updatedAt":"2025-11-19T09:44:21.519767Z"},{"streamer":{"id":"4b8e82c4a16e49e58c1ac2993e7f85e0","alias":"Attorney Melanie Little","description":"Melanie Little is a New York lawyer with over 30 years experience as a trial attorney and litigator in state and federal courts, who is now a legal analyst a...","firstName":"","lastName":"","email":"","languages":["English"]},"platforms":{"youtube":{"handle":"@AttorneyMelanieLittle","channelId":"UCFSlI8Y3Zdoq5buNW_40AAA","hubSecret":"nlXDE9expkcuWHJ4vXXe3UOjfDRYwRvy","hubLeaseDate":"2025-11-18T10:07:14Z","topic":"https://www.youtube.com/xml/feeds/videos.xml?channel_id=UCFSlI8Y3Zdoq5buNW_40AAA","callbackUrl":"https://sharpen.live/dev/alerts","hubUrl":"https://pubsubhubbub.appspot.com/subscribe","verifyMode":"async","leaseSeconds":864000}},"status":{"live":true,"platforms":["youtube"],"youtube":{"live":true,"videoId":"P4ABIOUhHMY","startedAt":"2025-11-19T15:00:00Z"}},"createdAt":"2025-11-18T10:07:12.769107Z","updatedAt":"2025-11-19T09:17:35.221413Z"},{"streamer":{"id":"816a93baffdc4102a959dc0875d74657","alias":"Arnaldo Mangini","description":"Arnaldo Mangini, comico, clown, fantasista","firstName":"","lastName":"","email":"","languages":["English","Italian"]},"platforms":{"youtube":{"handle":"@arnaldomangini","channelId":"UCoW3NnFgnDATwU9eUOswisg","hubSecret":"wSduM3o6zSJNs8LvdpuoADBL0b7g4mlT","hubLeaseDate":"2025-11-18T17:22:55Z","topic":"https://www.youtube.com/xml/feeds/videos.xml?channel_id=UCoW3NnFgnDATwU9eUOswisg","callbackUrl":"https://sharpen.live/dev/alerts","hubUrl":"https://pubsubhubbub.appspot.com/subscribe","verifyMode":"async","leaseSeconds":864000}},"status":{"live":true,"platforms":["youtube"],"youtube":{"live":true,"videoId":"cja62cs45WY","startedAt":"2025-11-19T08:49:56Z"}},"createdAt":"2025-11-18T17:22:53.507193Z","updatedAt":"2025-11-19T11:25:41.69565Z"}]}

2025/11/19 23:00:50 ---- Incoming request from 127.0.0.1:56672 ----
GET /api/admin/settings HTTP/1.1
Host: 127.0.0.1:8880
Accept: */*
Accept-Encoding: gzip, deflate, br, zstd
Accept-Language: en-GB,en-US;q=0.9,en;q=0.8
Authorization: Bearer f1436d35a1db4d128f5bfe3cc02b122feaff1c87c6639a5031e3d08edc636abb
Referer: http://127.0.0.1:4173/
Sec-Ch-Ua: "Chromium";v="142", "Google Chrome";v="142", "Not_A Brand";v="99"
Sec-Ch-Ua-Mobile: ?0
Sec-Ch-Ua-Platform: "macOS"
Sec-Fetch-Dest: empty
Sec-Fetch-Mode: cors
Sec-Fetch-Site: same-origin
User-Agent: Mozilla/5.0 (Macintosh; Intel Mac OS X 10_15_7) AppleWebKit/537.36 (KHTML, like Gecko) Chrome/142.0.0.0 Safari/537.36
X-Forwarded-For: 127.0.0.1


2025/11/19 23:00:50 ---- Response for GET /api/admin/settings (404 Not Found) ----
404 page not found

2025/11/19 23:00:50 ---- Incoming request from 127.0.0.1:56672 ----
GET /api/admin/monitor/youtube HTTP/1.1
Host: 127.0.0.1:8880
Accept: */*
Accept-Encoding: gzip, deflate, br, zstd
Accept-Language: en-GB,en-US;q=0.9,en;q=0.8
Authorization: Bearer f1436d35a1db4d128f5bfe3cc02b122feaff1c87c6639a5031e3d08edc636abb
Referer: http://127.0.0.1:4173/
Sec-Ch-Ua: "Chromium";v="142", "Google Chrome";v="142", "Not_A Brand";v="99"
Sec-Ch-Ua-Mobile: ?0
Sec-Ch-Ua-Platform: "macOS"
Sec-Fetch-Dest: empty
Sec-Fetch-Mode: cors
Sec-Fetch-Site: same-origin
User-Agent: Mozilla/5.0 (Macintosh; Intel Mac OS X 10_15_7) AppleWebKit/537.36 (KHTML, like Gecko) Chrome/142.0.0.0 Safari/537.36
X-Forwarded-For: 127.0.0.1


2025/11/19 23:00:50 ---- Response for GET /api/admin/monitor/youtube (404 Not Found) ----
404 page not found

2025/11/19 23:11:04 ---- Incoming request from 127.0.0.1:59419 ----
POST /alerts HTTP/1.1
Host: sharpen.live
Accept: */*
Accept-Encoding: gzip, deflate, br
Cache-Control: no-cache,max-age=0
Content-Length: 884
Content-Type: application/atom+xml
From: googlebot(at)googlebot.com
Link: <https://www.youtube.com/xml/feeds/videos.xml?channel_id=UCoW3NnFgnDATwU9eUOswisg>; rel=self, <http://pubsubhubbub.appspot.com/>; rel=hub
Pragma: no-cache
User-Agent: FeedFetcher-Google; (+http://www.google.com/feedfetcher.html)
Via: 1.1 Caddy
X-Forwarded-For: 66.102.8.102
X-Forwarded-Host: sharpen.live
X-Forwarded-Proto: https
X-Hub-Signature: sha1=d3aa0ef97a2a97c14340ded4aa3b3081c5907939
X-Request-Id: {http.request.id}

<?xml version='1.0' encoding='UTF-8'?>
<feed xmlns:yt="http://www.youtube.com/xml/schemas/2015" xmlns="http://www.w3.org/2005/Atom"><link rel="hub" href="https://pubsubhubbub.appspot.com"/><link rel="self" href="https://www.youtube.com/xml/feeds/videos.xml?channel_id=UCoW3NnFgnDATwU9eUOswisg"/><title>YouTube video feed</title><updated>2025-11-19T12:11:02.571981306+00:00</updated><entry>
  <id>yt:video:cja62cs45WY</id>
  <yt:videoId>cja62cs45WY</yt:videoId>
  <yt:channelId>UCoW3NnFgnDATwU9eUOswisg</yt:channelId>
  <title>It's a Kind of Magic!</title>
  <link rel="alternate" href="https://www.youtube.com/watch?v=cja62cs45WY"/>
  <author>
   <name>Arnaldo Mangini</name>
   <uri>https://www.youtube.com/channel/UCoW3NnFgnDATwU9eUOswisg</uri>
  </author>
  <published>2025-11-19T12:11:00+00:00</published>
  <updated>2025-11-19T12:11:02.571981306+00:00</updated>
 </entry></feed>

2025/11/19 23:11:04 Processing hub notification (1 entries) videos=cja62cs45WY channel=UCoW3NnFgnDATwU9eUOswisg

2025/11/19 23:11:04 Fetching live metadata for 1 video(s): cja62cs45WY

2025/11/19 23:11:04 Requesting watch page for cja62cs45WY: https://www.youtube.com/watch?v=cja62cs45WY

2025/11/19 23:11:04 Fetched metadata for cja62cs45WY: channel=UCoW3NnFgnDATwU9eUOswisg title="It's a Kind of Magic!" live=true start=2025-11-19 08:49:56 +0000 +0000

2025/11/19 23:11:04 Live stream detected: channel=UCoW3NnFgnDATwU9eUOswisg video=cja62cs45WY title=It's a Kind of Magic!

2025/11/19 23:11:04 ---- Response for POST /alerts (204 No Content) ----

2025/11/19 23:11:05 ---- Incoming request from 127.0.0.1:59426 ----
GET /api/streamers HTTP/1.1
Host: 127.0.0.1:8880
Accept: */*
Accept-Encoding: gzip, deflate, br, zstd
Accept-Language: en-GB,en-US;q=0.9,en;q=0.8
Referer: http://127.0.0.1:4173/
Sec-Ch-Ua: "Chromium";v="142", "Google Chrome";v="142", "Not_A Brand";v="99"
Sec-Ch-Ua-Mobile: ?0
Sec-Ch-Ua-Platform: "macOS"
Sec-Fetch-Dest: empty
Sec-Fetch-Mode: cors
Sec-Fetch-Site: same-origin
User-Agent: Mozilla/5.0 (Macintosh; Intel Mac OS X 10_15_7) AppleWebKit/537.36 (KHTML, like Gecko) Chrome/142.0.0.0 Safari/537.36
X-Forwarded-For: 127.0.0.1


2025/11/19 23:11:05 ---- Response for GET /api/streamers (200 OK) ----
{"streamers":[{"streamer":{"id":"395848a32c2c47c2a231c1b59f2b93d4","alias":"JonSiiN","description":"Hello everyone Welcome to the official JRK Knives channel. Knives have been used since prehistoric times for a plethora of activities from weapons and tools ...","firstName":"","lastName":"","email":"","languages":["English"]},"platforms":{"youtube":{"handle":"@JRKKnives","channelId":"UCbT1jA8RTEHk7y6rn2vHNGw","hubSecret":"9C_7M8CuW959d3PFQ6fZ-FRaj3yzSvel","hubLeaseDate":"2025-11-18T08:56:59Z","topic":"https://www.youtube.com/xml/feeds/videos.xml?channel_id=UCbT1jA8RTEHk7y6rn2vHNGw","callbackUrl":"https://sharpen.live/dev/alerts","hubUrl":"https://pubsubhubbub.appspot.com/subscribe","verifyMode":"async","leaseSeconds":864000}},"status":{"live":true,"platforms":["youtube"],"youtube":{"live":true,"videoId":"AeP_0Ev0Iso","startedAt":"2025-11-18T12:59:26Z"}},"createdAt":"2025-11-18T08:56:57.714492Z","updatedAt":"2025-11-19T09:44:21.519767Z"},{"streamer":{"id":"4b8e82c4a16e49e58c1ac2993e7f85e0","alias":"Attorney Melanie Little","description":"Melanie Little is a New York lawyer with over 30 years experience as a trial attorney and litigator in state and federal courts, who is now a legal analyst a...","firstName":"","lastName":"","email":"","languages":["English"]},"platforms":{"youtube":{"handle":"@AttorneyMelanieLittle","channelId":"UCFSlI8Y3Zdoq5buNW_40AAA","hubSecret":"nlXDE9expkcuWHJ4vXXe3UOjfDRYwRvy","hubLeaseDate":"2025-11-18T10:07:14Z","topic":"https://www.youtube.com/xml/feeds/videos.xml?channel_id=UCFSlI8Y3Zdoq5buNW_40AAA","callbackUrl":"https://sharpen.live/dev/alerts","hubUrl":"https://pubsubhubbub.appspot.com/subscribe","verifyMode":"async","leaseSeconds":864000}},"status":{"live":true,"platforms":["youtube"],"youtube":{"live":true,"videoId":"P4ABIOUhHMY","startedAt":"2025-11-19T15:00:00Z"}},"createdAt":"2025-11-18T10:07:12.769107Z","updatedAt":"2025-11-19T09:17:35.221413Z"},{"streamer":{"id":"816a93baffdc4102a959dc0875d74657","alias":"Arnaldo Mangini","description":"Arnaldo Mangini, comico, clown, fantasista","firstName":"","lastName":"","email":"","languages":["English","Italian"]},"platforms":{"youtube":{"handle":"@arnaldomangini","channelId":"UCoW3NnFgnDATwU9eUOswisg","hubSecret":"wSduM3o6zSJNs8LvdpuoADBL0b7g4mlT","hubLeaseDate":"2025-11-18T17:22:55Z","topic":"https://www.youtube.com/xml/feeds/videos.xml?channel_id=UCoW3NnFgnDATwU9eUOswisg","callbackUrl":"https://sharpen.live/dev/alerts","hubUrl":"https://pubsubhubbub.appspot.com/subscribe","verifyMode":"async","leaseSeconds":864000}},"status":{"live":true,"platforms":["youtube"],"youtube":{"live":true,"videoId":"cja62cs45WY","startedAt":"2025-11-19T08:49:56Z"}},"createdAt":"2025-11-18T17:22:53.507193Z","updatedAt":"2025-11-19T12:11:04.963039Z"}]}

2025/11/19 23:13:30 ---- Response for GET /api/streamers/watch (200 OK) ----
event: ready
data: 1763551541695

event: change
data: 1763554264963


2025/11/19 23:22:32 ---- Incoming request from 127.0.0.1:62617 ----
GET /api/streamers HTTP/1.1
Host: 127.0.0.1:8880
Accept: */*
Accept-Encoding: gzip, deflate, br, zstd
Accept-Language: en-GB,en-US;q=0.9,en;q=0.8
Referer: http://127.0.0.1:4173/
Sec-Ch-Ua: "Chromium";v="142", "Google Chrome";v="142", "Not_A Brand";v="99"
Sec-Ch-Ua-Mobile: ?0
Sec-Ch-Ua-Platform: "macOS"
Sec-Fetch-Dest: empty
Sec-Fetch-Mode: cors
Sec-Fetch-Site: same-origin
User-Agent: Mozilla/5.0 (Macintosh; Intel Mac OS X 10_15_7) AppleWebKit/537.36 (KHTML, like Gecko) Chrome/142.0.0.0 Safari/537.36
X-Forwarded-For: 127.0.0.1


2025/11/19 23:22:32 ---- Response for GET /api/streamers (200 OK) ----
{"streamers":[{"streamer":{"id":"395848a32c2c47c2a231c1b59f2b93d4","alias":"JonSiiN","description":"Hello everyone Welcome to the official JRK Knives channel. Knives have been used since prehistoric times for a plethora of activities from weapons and tools ...","firstName":"","lastName":"","email":"","languages":["English"]},"platforms":{"youtube":{"handle":"@JRKKnives","channelId":"UCbT1jA8RTEHk7y6rn2vHNGw","hubSecret":"9C_7M8CuW959d3PFQ6fZ-FRaj3yzSvel","hubLeaseDate":"2025-11-18T08:56:59Z","topic":"https://www.youtube.com/xml/feeds/videos.xml?channel_id=UCbT1jA8RTEHk7y6rn2vHNGw","callbackUrl":"https://sharpen.live/dev/alerts","hubUrl":"https://pubsubhubbub.appspot.com/subscribe","verifyMode":"async","leaseSeconds":864000}},"status":{"live":true,"platforms":["youtube"],"youtube":{"live":true,"videoId":"AeP_0Ev0Iso","startedAt":"2025-11-18T12:59:26Z"}},"createdAt":"2025-11-18T08:56:57.714492Z","updatedAt":"2025-11-19T09:44:21.519767Z"},{"streamer":{"id":"4b8e82c4a16e49e58c1ac2993e7f85e0","alias":"Attorney Melanie Little","description":"Melanie Little is a New York lawyer with over 30 years experience as a trial attorney and litigator in state and federal courts, who is now a legal analyst a...","firstName":"","lastName":"","email":"","languages":["English"]},"platforms":{"youtube":{"handle":"@AttorneyMelanieLittle","channelId":"UCFSlI8Y3Zdoq5buNW_40AAA","hubSecret":"nlXDE9expkcuWHJ4vXXe3UOjfDRYwRvy","hubLeaseDate":"2025-11-18T10:07:14Z","topic":"https://www.youtube.com/xml/feeds/videos.xml?channel_id=UCFSlI8Y3Zdoq5buNW_40AAA","callbackUrl":"https://sharpen.live/dev/alerts","hubUrl":"https://pubsubhubbub.appspot.com/subscribe","verifyMode":"async","leaseSeconds":864000}},"status":{"live":true,"platforms":["youtube"],"youtube":{"live":true,"videoId":"P4ABIOUhHMY","startedAt":"2025-11-19T15:00:00Z"}},"createdAt":"2025-11-18T10:07:12.769107Z","updatedAt":"2025-11-19T09:17:35.221413Z"},{"streamer":{"id":"816a93baffdc4102a959dc0875d74657","alias":"Arnaldo Mangini","description":"Arnaldo Mangini, comico, clown, fantasista","firstName":"","lastName":"","email":"","languages":["English","Italian"]},"platforms":{"youtube":{"handle":"@arnaldomangini","channelId":"UCoW3NnFgnDATwU9eUOswisg","hubSecret":"wSduM3o6zSJNs8LvdpuoADBL0b7g4mlT","hubLeaseDate":"2025-11-18T17:22:55Z","topic":"https://www.youtube.com/xml/feeds/videos.xml?channel_id=UCoW3NnFgnDATwU9eUOswisg","callbackUrl":"https://sharpen.live/dev/alerts","hubUrl":"https://pubsubhubbub.appspot.com/subscribe","verifyMode":"async","leaseSeconds":864000}},"status":{"live":true,"platforms":["youtube"],"youtube":{"live":true,"videoId":"cja62cs45WY","startedAt":"2025-11-19T08:49:56Z"}},"createdAt":"2025-11-18T17:22:53.507193Z","updatedAt":"2025-11-19T12:11:04.963039Z"}]}

2025/11/19 23:22:32 ---- Incoming request from 127.0.0.1:62617 ----
GET /api/streamers/watch HTTP/1.1
Host: 127.0.0.1:8880
Accept: text/event-stream
Accept-Encoding: gzip, deflate, br, zstd
Accept-Language: en-GB,en-US;q=0.9,en;q=0.8
Cache-Control: no-cache
Referer: http://127.0.0.1:4173/
Sec-Ch-Ua: "Chromium";v="142", "Google Chrome";v="142", "Not_A Brand";v="99"
Sec-Ch-Ua-Mobile: ?0
Sec-Ch-Ua-Platform: "macOS"
Sec-Fetch-Dest: empty
Sec-Fetch-Mode: cors
Sec-Fetch-Site: same-origin
User-Agent: Mozilla/5.0 (Macintosh; Intel Mac OS X 10_15_7) AppleWebKit/537.36 (KHTML, like Gecko) Chrome/142.0.0.0 Safari/537.36
X-Forwarded-For: 127.0.0.1


2025/11/19 23:39:36 ---- Response for GET /api/streamers/watch (200 OK) ----
event: ready
data: 1763554264963

