
2025/11/17 21:30:34 Listening on 127.0.0.1:8880

2025/11/17 21:30:45 ---- Incoming request from 127.0.0.1:50040 ----
GET /api/streamers HTTP/1.1
Host: 127.0.0.1:8880
Accept: */*
Accept-Encoding: gzip, deflate
Accept-Language: en-AU,en;q=0.9
Priority: u=3, i
Referer: http://127.0.0.1:4173/
Sec-Fetch-Dest: empty
Sec-Fetch-Mode: cors
Sec-Fetch-Site: same-origin
User-Agent: Mozilla/5.0 (Macintosh; Intel Mac OS X 10_15_7) AppleWebKit/605.1.15 (KHTML, like Gecko) Version/18.6 Safari/605.1.15
X-Forwarded-For: 127.0.0.1


2025/11/17 21:30:45 ---- Response for GET /api/streamers (200 OK) ----
{"streamers":[{"streamer":{"id":"JordanMatter","alias":"Jordan Matter","description":"My daughter has taken over my channel!","firstName":"","lastName":"","email":"","languages":["English"]},"platforms":{"youtube":{"handle":"@jordanmatter","channelId":"UCI3szCgzGTRBTF_2dVaTZdQ","hubSecret":"GmtXT02Gnu7-R3iVcAIBUc1pOsOZkfwQ","hubLeaseRenewalDue":"2025-11-16T07:32:44Z","topic":"https://www.youtube.com/xml/feeds/videos.xml?channel_id=UCI3szCgzGTRBTF_2dVaTZdQ","callbackUrl":"https://sharpen.live/alerts","hubUrl":"https://pubsubhubbub.appspot.com/subscribe","verifyMode":"async","leaseSeconds":864000}},"createdAt":"2025-11-16T07:32:43.278917Z","updatedAt":"2025-11-16T07:32:44.755495Z"},{"streamer":{"id":"73569d15ffeb4bd8bea1ef56f56dc34d","alias":"Ted Coningsby","description":"Oii oii! Ladies, gents and teddy bears, welcome to the Ted Coningsby channel, the fun but serious military aviation channel. This is not your usual aviation ...","firstName":"","lastName":"","email":"","languages":["English"]},"platforms":{"youtube":{"handle":"@TedConingsby","channelId":"UCCVgP53k4WCUnFg9yFA_YbA","hubSecret":"wGQweFSvZQznZOQhZJSCYlddYuWmIPOq","hubLeaseRenewalDue":"2025-11-17T06:32:20Z","topic":"https://www.youtube.com/xml/feeds/videos.xml?channel_id=UCCVgP53k4WCUnFg9yFA_YbA","callbackUrl":"https://sharpen.live/alerts","hubUrl":"https://pubsubhubbub.appspot.com/subscribe","verifyMode":"async","leaseSeconds":864000}},"createdAt":"2025-11-17T06:32:19.638136Z","updatedAt":"2025-11-17T06:32:20.561455Z"},{"streamer":{"id":"231eaca2f22744e49793f395430d15d1","alias":"I will shave my eyebrows","description":"Share your videos with friends, family and the world","firstName":"","lastName":"","email":"","languages":["English"]},"platforms":{"youtube":{"handle":"@I-will-shave-my-eyebrows","channelId":"UCvwGfRXMzs2ey1h3opwK2zw","hubSecret":"-uhGIkMq159tXNozrBJImXdR9X9YUhq2","hubLeaseRenewalDue":"2025-11-17T06:33:24Z","topic":"https://www.youtube.com/xml/feeds/videos.xml?channel_id=UCvwGfRXMzs2ey1h3opwK2zw","callbackUrl":"https://sharpen.live/alerts","hubUrl":"https://pubsubhubbub.appspot.com/subscribe","verifyMode":"async","leaseSeconds":864000}},"createdAt":"2025-11-17T06:33:22.979369Z","updatedAt":"2025-11-17T06:33:24.155418Z"},{"streamer":{"id":"0a9d7ce8255f441198a6ed3461d320f4","alias":"Sharpen Right Services LLC - Mike White","description":"Sharpen Right Services LLC - Mike White located in League City, Texas.  We are a home based, mobile and mail order sharpening service; specializing in sharpe...","firstName":"","lastName":"","email":"","languages":["English"]},"platforms":{"youtube":{"handle":"@sharpenrightservicesllc","channelId":"UC7d6BuAfHKTLR1l2SSg6HkA","hubSecret":"2pEuC4RTukNuWMTEJdMjjZDoP3gVhMFi","hubLeaseRenewalDue":"2025-11-17T06:37:11Z","topic":"https://www.youtube.com/xml/feeds/videos.xml?channel_id=UC7d6BuAfHKTLR1l2SSg6HkA","callbackUrl":"https://sharpen.live/alerts","hubUrl":"https://pubsubhubbub.appspot.com/subscribe","verifyMode":"async","leaseSeconds":864000}},"createdAt":"2025-11-17T06:37:10.946941Z","updatedAt":"2025-11-17T06:37:11.960348Z"},{"streamer":{"id":"4dd203ee36d046e0b686600358c1de65","alias":"Judge Jeffrey Middleton","description":"Share your videos with friends, family and the world","firstName":"","lastName":"","email":"","languages":["English"]},"platforms":{"youtube":{"handle":"@judgejeffreymiddleton7573","channelId":"UCS8gM5S889oBPyN6K07ZC6A","hubSecret":"IuAbxIHgV-tw2KHChFPJ9-bOuNW66Nnx","hubLeaseRenewalDue":"2025-11-17T06:37:38Z","topic":"https://www.youtube.com/xml/feeds/videos.xml?channel_id=UCS8gM5S889oBPyN6K07ZC6A","callbackUrl":"https://sharpen.live/alerts","hubUrl":"https://pubsubhubbub.appspot.com/subscribe","verifyMode":"async","leaseSeconds":864000}},"createdAt":"2025-11-17T06:37:36.873738Z","updatedAt":"2025-11-17T06:37:38.001056Z"}]}

2025/11/17 21:32:29 ---- Incoming request from 127.0.0.1:50093 ----
POST /alerts HTTP/1.1
Host: sharpen.live
Accept: */*
Accept-Encoding: gzip, deflate, br
Cache-Control: no-cache,max-age=0
Content-Length: 883
Content-Type: application/atom+xml
From: googlebot(at)googlebot.com
Link: <https://www.youtube.com/xml/feeds/videos.xml?channel_id=UCvwGfRXMzs2ey1h3opwK2zw>; rel=self, <http://pubsubhubbub.appspot.com/>; rel=hub
Pragma: no-cache
User-Agent: FeedFetcher-Google; (+http://www.google.com/feedfetcher.html)
Via: 1.1 Caddy
X-Forwarded-For: 74.125.209.33
X-Forwarded-Host: sharpen.live
X-Forwarded-Proto: https
X-Hub-Signature: sha1=52f6cec940fc556d9d8ff9c1e0d18a90dea2983b
X-Request-Id: {http.request_id.header}

<?xml version='1.0' encoding='UTF-8'?>
<feed xmlns:yt="http://www.youtube.com/xml/schemas/2015" xmlns="http://www.w3.org/2005/Atom"><link rel="hub" href="https://pubsubhubbub.appspot.com"/><link rel="self" href="https://www.youtube.com/xml/feeds/videos.xml?channel_id=UCvwGfRXMzs2ey1h3opwK2zw"/><title>YouTube video feed</title><updated>2025-11-17T10:32:27.137008163+00:00</updated><entry>
  <id>yt:video:JN3U8KwHfr0</id>
  <yt:videoId>JN3U8KwHfr0</yt:videoId>
  <yt:channelId>UCvwGfRXMzs2ey1h3opwK2zw</yt:channelId>
  <title>asdfsfdafsd</title>
  <link rel="alternate" href="https://www.youtube.com/watch?v=JN3U8KwHfr0"/>
  <author>
   <name>I will shave my eyebrows</name>
   <uri>https://www.youtube.com/channel/UCvwGfRXMzs2ey1h3opwK2zw</uri>
  </author>
  <published>2025-11-17T10:32:24+00:00</published>
  <updated>2025-11-17T10:32:27.137008163+00:00</updated>
 </entry></feed>

2025/11/17 21:32:29 ---- Response for POST /alerts (405 Method Not Allowed) ----
method not allowed

2025/11/17 22:24:15 ---- Incoming request from 127.0.0.1:51287 ----
GET /alerts HTTP/1.1
Host: sharpen.live
Accept: */*
Baggage: sentry-environment=production,sentry-public_key=e6210d6b5d3246c29d5667b356d11c63,sentry-release=ha_github_commits_consumer@441513,sentry-trace_id=72052a50205e4f95817d530fe4ae1e98
Range: bytes: 0-22
Traceparent: 00-4c18dd9a71bc4cb00c6118060b3bfb13-ce7ec4b51ea76cc3-01
User-Agent: Mozilla/5.0 (compatible)
Via: 1.1 Caddy
X-Forwarded-For: 54.156.251.192
X-Forwarded-Host: sharpen.live
X-Forwarded-Proto: https
X-Request-Id: {http.request_id.header}


2025/11/17 22:24:15 suspicious /alerts request: platform="" ua="Mozilla/5.0 (compatible)" from="" xff="54.156.251.192"

2025/11/17 22:24:15 ---- Response for GET /alerts (405 Method Not Allowed) ----
method not allowed

2025/11/17 22:31:41 ---- Incoming request from 127.0.0.1:51517 ----
POST /alerts HTTP/1.1
Host: sharpen.live
Accept: */*
Accept-Encoding: gzip, deflate, br
Cache-Control: no-cache,max-age=0
Content-Length: 952
Content-Type: application/atom+xml
From: googlebot(at)googlebot.com
Link: <https://www.youtube.com/xml/feeds/videos.xml?channel_id=UCCVgP53k4WCUnFg9yFA_YbA>; rel=self, <http://pubsubhubbub.appspot.com/>; rel=hub
Pragma: no-cache
User-Agent: FeedFetcher-Google; (+http://www.google.com/feedfetcher.html)
Via: 1.1 Caddy
X-Forwarded-For: 142.250.32.2
X-Forwarded-Host: sharpen.live
X-Forwarded-Proto: https
X-Hub-Signature: sha1=36375c5e9f061501406d837fcb9ff02e0577e4c5
X-Request-Id: {http.request_id.header}

<?xml version='1.0' encoding='UTF-8'?>
<feed xmlns:yt="http://www.youtube.com/xml/schemas/2015" xmlns="http://www.w3.org/2005/Atom"><link rel="hub" href="https://pubsubhubbub.appspot.com"/><link rel="self" href="https://www.youtube.com/xml/feeds/videos.xml?channel_id=UCCVgP53k4WCUnFg9yFA_YbA"/><title>YouTube video feed</title><updated>2025-11-17T11:31:38.687360778+00:00</updated><entry>
  <id>yt:video:r0NkRfKkEO4</id>
  <yt:videoId>r0NkRfKkEO4</yt:videoId>
  <yt:channelId>UCCVgP53k4WCUnFg9yFA_YbA</yt:channelId>
  <title>LIVE RAF LEEMING EXERCISE YORKNITE 25 SWISS F-18 HORNET &amp; QEAF HAWK ACTION • 17.11.25</title>
  <link rel="alternate" href="https://www.youtube.com/watch?v=r0NkRfKkEO4"/>
  <author>
   <name>Ted Coningsby</name>
   <uri>https://www.youtube.com/channel/UCCVgP53k4WCUnFg9yFA_YbA</uri>
  </author>
  <published>2025-11-14T15:17:22+00:00</published>
  <updated>2025-11-17T11:31:38.687360778+00:00</updated>
 </entry></feed>

2025/11/17 22:31:41 ---- Response for POST /alerts (405 Method Not Allowed) ----
method not allowed

2025/11/17 22:31:58 Shutting down...
