
2025/11/17 22:32:02 Listening on 127.0.0.1:8880

2025/11/17 22:33:07 ---- Incoming request from 127.0.0.1:51627 ----
POST /alerts HTTP/1.1
Host: sharpen.live
Accept: */*
Accept-Encoding: gzip, deflate, br
Cache-Control: no-cache,max-age=0
Content-Length: 883
Content-Type: application/atom+xml
From: googlebot(at)googlebot.com
Link: <https://www.youtube.com/xml/feeds/videos.xml?channel_id=UCvwGfRXMzs2ey1h3opwK2zw>; rel=self, <http://pubsubhubbub.appspot.com/>; rel=hub
Pragma: no-cache
User-Agent: FeedFetcher-Google; (+http://www.google.com/feedfetcher.html)
Via: 1.1 Caddy
X-Forwarded-For: 74.125.209.34
X-Forwarded-Host: sharpen.live
X-Forwarded-Proto: https
X-Hub-Signature: sha1=608e499891fb8983d24dee5b02bef5c85fa443ff
X-Request-Id: {http.request_id.header}

<?xml version='1.0' encoding='UTF-8'?>
<feed xmlns:yt="http://www.youtube.com/xml/schemas/2015" xmlns="http://www.w3.org/2005/Atom"><link rel="hub" href="https://pubsubhubbub.appspot.com"/><link rel="self" href="https://www.youtube.com/xml/feeds/videos.xml?channel_id=UCvwGfRXMzs2ey1h3opwK2zw"/><title>YouTube video feed</title><updated>2025-11-17T11:33:05.151600468+00:00</updated><entry>
  <id>yt:video:JN3U8KwHfr0</id>
  <yt:videoId>JN3U8KwHfr0</yt:videoId>
  <yt:channelId>UCvwGfRXMzs2ey1h3opwK2zw</yt:channelId>
  <title>asdfsfdafsd</title>
  <link rel="alternate" href="https://www.youtube.com/watch?v=JN3U8KwHfr0"/>
  <author>
   <name>I will shave my eyebrows</name>
   <uri>https://www.youtube.com/channel/UCvwGfRXMzs2ey1h3opwK2zw</uri>
  </author>
  <published>2025-11-17T10:32:24+00:00</published>
  <updated>2025-11-17T11:33:05.151600468+00:00</updated>
 </entry></feed>

2025/11/17 22:33:08 YouTube livestream online: asdfsfdafsd (video=JN3U8KwHfr0 channel=UCvwGfRXMzs2ey1h3opwK2zw)

2025/11/17 22:33:08 ---- Response for POST /alerts (204 No Content) ----

2025/11/17 22:34:20 ---- Incoming request from 127.0.0.1:51627 ----
POST /alerts HTTP/1.1
Host: sharpen.live
Accept: */*
Accept-Encoding: gzip, deflate, br
Cache-Control: no-cache,max-age=0
Content-Length: 883
Content-Type: application/atom+xml
From: googlebot(at)googlebot.com
Link: <https://www.youtube.com/xml/feeds/videos.xml?channel_id=UCvwGfRXMzs2ey1h3opwK2zw>; rel=self, <http://pubsubhubbub.appspot.com/>; rel=hub
Pragma: no-cache
User-Agent: FeedFetcher-Google; (+http://www.google.com/feedfetcher.html)
Via: 1.1 Caddy
X-Forwarded-For: 74.125.209.34
X-Forwarded-Host: sharpen.live
X-Forwarded-Proto: https
X-Hub-Signature: sha1=22a9dd8b0cbeea49dc66f6da7edc63e0901c4e72
X-Request-Id: {http.request_id.header}

<?xml version='1.0' encoding='UTF-8'?>
<feed xmlns:yt="http://www.youtube.com/xml/schemas/2015" xmlns="http://www.w3.org/2005/Atom"><link rel="hub" href="https://pubsubhubbub.appspot.com"/><link rel="self" href="https://www.youtube.com/xml/feeds/videos.xml?channel_id=UCvwGfRXMzs2ey1h3opwK2zw"/><title>YouTube video feed</title><updated>2025-11-17T11:34:18.788433732+00:00</updated><entry>
  <id>yt:video:JN3U8KwHfr0</id>
  <yt:videoId>JN3U8KwHfr0</yt:videoId>
  <yt:channelId>UCvwGfRXMzs2ey1h3opwK2zw</yt:channelId>
  <title>asdfsfdafsd</title>
  <link rel="alternate" href="https://www.youtube.com/watch?v=JN3U8KwHfr0"/>
  <author>
   <name>I will shave my eyebrows</name>
   <uri>https://www.youtube.com/channel/UCvwGfRXMzs2ey1h3opwK2zw</uri>
  </author>
  <published>2025-11-17T10:32:24+00:00</published>
  <updated>2025-11-17T11:34:18.788433732+00:00</updated>
 </entry></feed>

2025/11/17 22:34:21 YouTube livestream offline: asdfsfdafsd (video=JN3U8KwHfr0 liveNow=false status=OK)

2025/11/17 22:34:21 ---- Response for POST /alerts (204 No Content) ----

2025/11/17 22:35:50 ---- Incoming request from 127.0.0.1:51627 ----
POST /alerts HTTP/1.1
Host: sharpen.live
Accept: */*
Accept-Encoding: gzip, deflate, br
Cache-Control: no-cache,max-age=0
Content-Length: 904
Content-Type: application/atom+xml
From: googlebot(at)googlebot.com
Link: <https://www.youtube.com/xml/feeds/videos.xml?channel_id=UCvwGfRXMzs2ey1h3opwK2zw>; rel=self, <http://pubsubhubbub.appspot.com/>; rel=hub
Pragma: no-cache
User-Agent: FeedFetcher-Google; (+http://www.google.com/feedfetcher.html)
Via: 1.1 Caddy
X-Forwarded-For: 74.125.209.33
X-Forwarded-Host: sharpen.live
X-Forwarded-Proto: https
X-Hub-Signature: sha1=10e956a05f6896cff481cb960ea5d4d46195b1f3
X-Request-Id: {http.request_id.header}

<?xml version='1.0' encoding='UTF-8'?>
<feed xmlns:yt="http://www.youtube.com/xml/schemas/2015" xmlns="http://www.w3.org/2005/Atom"><link rel="hub" href="https://pubsubhubbub.appspot.com"/><link rel="self" href="https://www.youtube.com/xml/feeds/videos.xml?channel_id=UCvwGfRXMzs2ey1h3opwK2zw"/><title>YouTube video feed</title><updated>2025-11-17T11:35:48.758624536+00:00</updated><entry>
  <id>yt:video:ka4u_M2Hq4E</id>
  <yt:videoId>ka4u_M2Hq4E</yt:videoId>
  <yt:channelId>UCvwGfRXMzs2ey1h3opwK2zw</yt:channelId>
  <title>gfjyghkjyiuyh65tyhjkmu,yjhmvnb c</title>
  <link rel="alternate" href="https://www.youtube.com/watch?v=ka4u_M2Hq4E"/>
  <author>
   <name>I will shave my eyebrows</name>
   <uri>https://www.youtube.com/channel/UCvwGfRXMzs2ey1h3opwK2zw</uri>
  </author>
  <published>2025-11-17T11:35:46+00:00</published>
  <updated>2025-11-17T11:35:48.758624536+00:00</updated>
 </entry></feed>

2025/11/17 22:35:50 YouTube livestream offline: gfjyghkjyiuyh65tyhjkmu,yjhmvnb c (video=ka4u_M2Hq4E liveNow=false status=LIVE_STREAM_OFFLINE)

2025/11/17 22:35:50 ---- Response for POST /alerts (204 No Content) ----

2025/11/17 22:37:09 ---- Incoming request from 127.0.0.1:51627 ----
GET /alerts HTTP/1.1
Host: sharpen.live
Accept: */*
Baggage: sentry-environment=production,sentry-public_key=e6210d6b5d3246c29d5667b356d11c63,sentry-release=ha_github_commits_consumer@441513,sentry-trace_id=72052a50205e4f95817d530fe4ae1e98
Range: bytes: 0-22
Traceparent: 00-fa1377060b93f850070536b4b047759e-cd4c8168e548f433-01
User-Agent: Mozilla/5.0 (compatible)
Via: 1.1 Caddy
X-Forwarded-For: 54.156.251.192
X-Forwarded-Host: sharpen.live
X-Forwarded-Proto: https
X-Request-Id: {http.request_id.header}


2025/11/17 22:37:09 suspicious /alerts GET request: platform="" ua="Mozilla/5.0 (compatible)" from="" xff="54.156.251.192"

2025/11/17 22:37:09 ---- Response for GET /alerts (405 Method Not Allowed) ----
method not allowed

2025/11/17 22:39:05 ---- Incoming request from 127.0.0.1:51627 ----
POST /alerts HTTP/1.1
Host: sharpen.live
Accept: */*
Accept-Encoding: gzip, deflate, br
Cache-Control: no-cache,max-age=0
Content-Length: 439
Content-Type: application/atom+xml
From: googlebot(at)googlebot.com
Link: <https://www.youtube.com/xml/feeds/videos.xml?channel_id=UCvwGfRXMzs2ey1h3opwK2zw>; rel=self, <http://pubsubhubbub.appspot.com/>; rel=hub
Pragma: no-cache
User-Agent: FeedFetcher-Google; (+http://www.google.com/feedfetcher.html)
Via: 1.1 Caddy
X-Forwarded-For: 74.125.209.34
X-Forwarded-Host: sharpen.live
X-Forwarded-Proto: https
X-Hub-Signature: sha1=16bcff532d8672991db066e971506d840790fac4
X-Request-Id: {http.request_id.header}

<?xml version='1.0' encoding='UTF-8'?>
<feed xmlns:at="http://purl.org/atompub/tombstones/1.0" xmlns="http://www.w3.org/2005/Atom"><at:deleted-entry ref="yt:video:ka4u_M2Hq4E" when="2025-11-17T11:39:00.182176+00:00">
  <link href="https://www.youtube.com/watch?v=ka4u_M2Hq4E"/>
  <at:by>
   <name>I will shave my eyebrows</name>
   <uri>https://www.youtube.com/channel/UCvwGfRXMzs2ey1h3opwK2zw</uri>
  </at:by>
 </at:deleted-entry></feed>

2025/11/17 22:39:05 ---- Response for POST /alerts (204 No Content) ----

2025/11/17 22:58:47 ---- Incoming request from 127.0.0.1:52285 ----
GET /api/streamers HTTP/1.1
Host: 127.0.0.1:8880
Accept: */*
Accept-Encoding: gzip, deflate
Accept-Language: en-AU,en;q=0.9
Priority: u=3, i
Referer: http://127.0.0.1:4173/
Sec-Fetch-Dest: empty
Sec-Fetch-Mode: cors
Sec-Fetch-Site: same-origin
User-Agent: Mozilla/5.0 (Macintosh; Intel Mac OS X 10_15_7) AppleWebKit/605.1.15 (KHTML, like Gecko) Version/18.6 Safari/605.1.15
X-Forwarded-For: 127.0.0.1


2025/11/17 22:58:47 ---- Response for GET /api/streamers (200 OK) ----
{"streamers":[{"streamer":{"id":"JordanMatter","alias":"Jordan Matter","description":"My daughter has taken over my channel!","firstName":"","lastName":"","email":"","languages":["English"]},"platforms":{"youtube":{"handle":"@jordanmatter","channelId":"UCI3szCgzGTRBTF_2dVaTZdQ","hubSecret":"GmtXT02Gnu7-R3iVcAIBUc1pOsOZkfwQ","hubLeaseRenewalDue":"2025-11-16T07:32:44Z","topic":"https://www.youtube.com/xml/feeds/videos.xml?channel_id=UCI3szCgzGTRBTF_2dVaTZdQ","callbackUrl":"https://sharpen.live/alerts","hubUrl":"https://pubsubhubbub.appspot.com/subscribe","verifyMode":"async","leaseSeconds":864000}},"createdAt":"2025-11-16T07:32:43.278917Z","updatedAt":"2025-11-16T07:32:44.755495Z"},{"streamer":{"id":"73569d15ffeb4bd8bea1ef56f56dc34d","alias":"Ted Coningsby","description":"Oii oii! Ladies, gents and teddy bears, welcome to the Ted Coningsby channel, the fun but serious military aviation channel. This is not your usual aviation ...","firstName":"","lastName":"","email":"","languages":["English"]},"platforms":{"youtube":{"handle":"@TedConingsby","channelId":"UCCVgP53k4WCUnFg9yFA_YbA","hubSecret":"wGQweFSvZQznZOQhZJSCYlddYuWmIPOq","hubLeaseRenewalDue":"2025-11-17T06:32:20Z","topic":"https://www.youtube.com/xml/feeds/videos.xml?channel_id=UCCVgP53k4WCUnFg9yFA_YbA","callbackUrl":"https://sharpen.live/alerts","hubUrl":"https://pubsubhubbub.appspot.com/subscribe","verifyMode":"async","leaseSeconds":864000}},"createdAt":"2025-11-17T06:32:19.638136Z","updatedAt":"2025-11-17T06:32:20.561455Z"},{"streamer":{"id":"231eaca2f22744e49793f395430d15d1","alias":"I will shave my eyebrows","description":"Share your videos with friends, family and the world","firstName":"","lastName":"","email":"","languages":["English"]},"platforms":{"youtube":{"handle":"@I-will-shave-my-eyebrows","channelId":"UCvwGfRXMzs2ey1h3opwK2zw","hubSecret":"-uhGIkMq159tXNozrBJImXdR9X9YUhq2","hubLeaseRenewalDue":"2025-11-17T06:33:24Z","topic":"https://www.youtube.com/xml/feeds/videos.xml?channel_id=UCvwGfRXMzs2ey1h3opwK2zw","callbackUrl":"https://sharpen.live/alerts","hubUrl":"https://pubsubhubbub.appspot.com/subscribe","verifyMode":"async","leaseSeconds":864000}},"createdAt":"2025-11-17T06:33:22.979369Z","updatedAt":"2025-11-17T06:33:24.155418Z"},{"streamer":{"id":"0a9d7ce8255f441198a6ed3461d320f4","alias":"Sharpen Right Services LLC - Mike White","description":"Sharpen Right Services LLC - Mike White located in League City, Texas.  We are a home based, mobile and mail order sharpening service; specializing in sharpe...","firstName":"","lastName":"","email":"","languages":["English"]},"platforms":{"youtube":{"handle":"@sharpenrightservicesllc","channelId":"UC7d6BuAfHKTLR1l2SSg6HkA","hubSecret":"2pEuC4RTukNuWMTEJdMjjZDoP3gVhMFi","hubLeaseRenewalDue":"2025-11-17T06:37:11Z","topic":"https://www.youtube.com/xml/feeds/videos.xml?channel_id=UC7d6BuAfHKTLR1l2SSg6HkA","callbackUrl":"https://sharpen.live/alerts","hubUrl":"https://pubsubhubbub.appspot.com/subscribe","verifyMode":"async","leaseSeconds":864000}},"createdAt":"2025-11-17T06:37:10.946941Z","updatedAt":"2025-11-17T06:37:11.960348Z"},{"streamer":{"id":"4dd203ee36d046e0b686600358c1de65","alias":"Judge Jeffrey Middleton","description":"Share your videos with friends, family and the world","firstName":"","lastName":"","email":"","languages":["English"]},"platforms":{"youtube":{"handle":"@judgejeffreymiddleton7573","channelId":"UCS8gM5S889oBPyN6K07ZC6A","hubSecret":"IuAbxIHgV-tw2KHChFPJ9-bOuNW66Nnx","hubLeaseRenewalDue":"2025-11-17T06:37:38Z","topic":"https://www.youtube.com/xml/feeds/videos.xml?channel_id=UCS8gM5S889oBPyN6K07ZC6A","callbackUrl":"https://sharpen.live/alerts","hubUrl":"https://pubsubhubbub.appspot.com/subscribe","verifyMode":"async","leaseSeconds":864000}},"createdAt":"2025-11-17T06:37:36.873738Z","updatedAt":"2025-11-17T06:37:38.001056Z"}]}

2025/11/17 22:59:20 ---- Incoming request from 127.0.0.1:52310 ----
POST /alerts HTTP/1.1
Host: sharpen.live
Accept: */*
Accept-Encoding: gzip, deflate, br
Cache-Control: no-cache,max-age=0
Content-Length: 888
Content-Type: application/atom+xml
From: googlebot(at)googlebot.com
Link: <https://www.youtube.com/xml/feeds/videos.xml?channel_id=UCvwGfRXMzs2ey1h3opwK2zw>; rel=self, <http://pubsubhubbub.appspot.com/>; rel=hub
Pragma: no-cache
User-Agent: FeedFetcher-Google; (+http://www.google.com/feedfetcher.html)
Via: 1.1 Caddy
X-Forwarded-For: 74.125.209.33
X-Forwarded-Host: sharpen.live
X-Forwarded-Proto: https
X-Hub-Signature: sha1=a203cb38f35b01cd123b32dbbd42c41568850802
X-Request-Id: {http.request_id.header}

<?xml version='1.0' encoding='UTF-8'?>
<feed xmlns:yt="http://www.youtube.com/xml/schemas/2015" xmlns="http://www.w3.org/2005/Atom"><link rel="hub" href="https://pubsubhubbub.appspot.com"/><link rel="self" href="https://www.youtube.com/xml/feeds/videos.xml?channel_id=UCvwGfRXMzs2ey1h3opwK2zw"/><title>YouTube video feed</title><updated>2025-11-17T11:59:17.357720265+00:00</updated><entry>
  <id>yt:video:_YZ8dJQG74c</id>
  <yt:videoId>_YZ8dJQG74c</yt:videoId>
  <yt:channelId>UCvwGfRXMzs2ey1h3opwK2zw</yt:channelId>
  <title>iujhgbvsertghjnm</title>
  <link rel="alternate" href="https://www.youtube.com/watch?v=_YZ8dJQG74c"/>
  <author>
   <name>I will shave my eyebrows</name>
   <uri>https://www.youtube.com/channel/UCvwGfRXMzs2ey1h3opwK2zw</uri>
  </author>
  <published>2025-11-17T11:59:13+00:00</published>
  <updated>2025-11-17T11:59:17.357720265+00:00</updated>
 </entry></feed>

2025/11/17 22:59:20 YouTube livestream offline: iujhgbvsertghjnm (video=_YZ8dJQG74c liveNow=false status=LIVE_STREAM_OFFLINE)

2025/11/17 22:59:20 ---- Response for POST /alerts (204 No Content) ----

2025/11/17 23:00:34 ---- Incoming request from 127.0.0.1:52310 ----
POST /alerts HTTP/1.1
Host: sharpen.live
Accept: */*
Accept-Encoding: gzip, deflate, br
Cache-Control: no-cache,max-age=0
Content-Length: 886
Content-Type: application/atom+xml
From: googlebot(at)googlebot.com
Link: <https://www.youtube.com/xml/feeds/videos.xml?channel_id=UCvwGfRXMzs2ey1h3opwK2zw>; rel=self, <http://pubsubhubbub.appspot.com/>; rel=hub
Pragma: no-cache
User-Agent: FeedFetcher-Google; (+http://www.google.com/feedfetcher.html)
Via: 1.1 Caddy
X-Forwarded-For: 74.125.209.32
X-Forwarded-Host: sharpen.live
X-Forwarded-Proto: https
X-Hub-Signature: sha1=a473b50d9cc3f0c7dc2e8ddc42727250ba6b7f35
X-Request-Id: {http.request_id.header}

<?xml version='1.0' encoding='UTF-8'?>
<feed xmlns:yt="http://www.youtube.com/xml/schemas/2015" xmlns="http://www.w3.org/2005/Atom"><link rel="hub" href="https://pubsubhubbub.appspot.com"/><link rel="self" href="https://www.youtube.com/xml/feeds/videos.xml?channel_id=UCvwGfRXMzs2ey1h3opwK2zw"/><title>YouTube video feed</title><updated>2025-11-17T12:00:32.05902877+00:00</updated><entry>
  <id>yt:video:_YZ8dJQG74c</id>
  <yt:videoId>_YZ8dJQG74c</yt:videoId>
  <yt:channelId>UCvwGfRXMzs2ey1h3opwK2zw</yt:channelId>
  <title>iujhgbvsertghjnm</title>
  <link rel="alternate" href="https://www.youtube.com/watch?v=_YZ8dJQG74c"/>
  <author>
   <name>I will shave my eyebrows</name>
   <uri>https://www.youtube.com/channel/UCvwGfRXMzs2ey1h3opwK2zw</uri>
  </author>
  <published>2025-11-17T11:59:13+00:00</published>
  <updated>2025-11-17T12:00:32.05902877+00:00</updated>
 </entry></feed>

2025/11/17 23:00:35 YouTube livestream online: iujhgbvsertghjnm (video=_YZ8dJQG74c channel=UCvwGfRXMzs2ey1h3opwK2zw)

2025/11/17 23:00:35 ---- Response for POST /alerts (204 No Content) ----

2025/11/17 23:00:37 ---- Incoming request from 127.0.0.1:52310 ----
POST /alerts HTTP/1.1
Host: sharpen.live
Accept: */*
Accept-Encoding: gzip, deflate, br
Cache-Control: no-cache,max-age=0
Content-Length: 888
Content-Type: application/atom+xml
From: googlebot(at)googlebot.com
Link: <https://www.youtube.com/xml/feeds/videos.xml?channel_id=UCvwGfRXMzs2ey1h3opwK2zw>; rel=self, <http://pubsubhubbub.appspot.com/>; rel=hub
Pragma: no-cache
User-Agent: FeedFetcher-Google; (+http://www.google.com/feedfetcher.html)
Via: 1.1 Caddy
X-Forwarded-For: 74.125.209.34
X-Forwarded-Host: sharpen.live
X-Forwarded-Proto: https
X-Hub-Signature: sha1=e7cc6e64a1553c8a958ce706a4352d44a1ea3039
X-Request-Id: {http.request_id.header}

<?xml version='1.0' encoding='UTF-8'?>
<feed xmlns:yt="http://www.youtube.com/xml/schemas/2015" xmlns="http://www.w3.org/2005/Atom"><link rel="hub" href="https://pubsubhubbub.appspot.com"/><link rel="self" href="https://www.youtube.com/xml/feeds/videos.xml?channel_id=UCvwGfRXMzs2ey1h3opwK2zw"/><title>YouTube video feed</title><updated>2025-11-17T12:00:35.402397841+00:00</updated><entry>
  <id>yt:video:_YZ8dJQG74c</id>
  <yt:videoId>_YZ8dJQG74c</yt:videoId>
  <yt:channelId>UCvwGfRXMzs2ey1h3opwK2zw</yt:channelId>
  <title>iujhgbvsertghjnm</title>
  <link rel="alternate" href="https://www.youtube.com/watch?v=_YZ8dJQG74c"/>
  <author>
   <name>I will shave my eyebrows</name>
   <uri>https://www.youtube.com/channel/UCvwGfRXMzs2ey1h3opwK2zw</uri>
  </author>
  <published>2025-11-17T11:59:13+00:00</published>
  <updated>2025-11-17T12:00:35.402397841+00:00</updated>
 </entry></feed>

2025/11/17 23:00:37 YouTube livestream online: iujhgbvsertghjnm (video=_YZ8dJQG74c channel=UCvwGfRXMzs2ey1h3opwK2zw)

2025/11/17 23:00:37 ---- Response for POST /alerts (204 No Content) ----

2025/11/17 23:02:08 Shutting down...
