
2025/11/17 14:45:50 Listening on 127.0.0.1:8880

2025/11/17 15:14:58 ---- Incoming request from 127.0.0.1:53020 ----
GET /api/streamers HTTP/1.1
Host: 127.0.0.1:8880
Accept: */*
Accept-Encoding: gzip, deflate
Accept-Language: en-AU,en;q=0.9
Priority: u=3, i
Referer: http://127.0.0.1:4173/
Sec-Fetch-Dest: empty
Sec-Fetch-Mode: cors
Sec-Fetch-Site: same-origin
User-Agent: Mozilla/5.0 (Macintosh; Intel Mac OS X 10_15_7) AppleWebKit/605.1.15 (KHTML, like Gecko) Version/18.6 Safari/605.1.15
X-Forwarded-For: 127.0.0.1


2025/11/17 15:14:58 ---- Response for GET /api/streamers (200 OK) ----
{"streamers":[]}

2025/11/17 15:15:15 ---- Incoming request from 127.0.0.1:53020 ----
POST /api/youtube/metadata HTTP/1.1
Host: 127.0.0.1:8880
Accept: */*
Accept-Encoding: gzip, deflate
Accept-Language: en-AU,en;q=0.9
Content-Length: 47
Content-Type: application/json
Origin: http://127.0.0.1:4173
Priority: u=3, i
Referer: http://127.0.0.1:4173/
Sec-Fetch-Dest: empty
Sec-Fetch-Mode: cors
Sec-Fetch-Site: same-origin
User-Agent: Mozilla/5.0 (Macintosh; Intel Mac OS X 10_15_7) AppleWebKit/605.1.15 (KHTML, like Gecko) Version/18.6 Safari/605.1.15
X-Forwarded-For: 127.0.0.1

{"url":"https://www.youtube.com/@TedConingsby"}

2025/11/17 15:15:15 ---- Response for POST /api/youtube/metadata (200 OK) ----
{"description":"Oii oii! Ladies, gents and teddy bears, welcome to the Ted Coningsby channel, the fun but serious military aviation channel. This is not your usual aviation ...","title":"Ted Coningsby","handle":"@TedConingsby","channelId":"UCCVgP53k4WCUnFg9yFA_YbA"}

2025/11/17 15:15:21 ---- Incoming request from 127.0.0.1:53020 ----
POST /api/streamers HTTP/1.1
Host: 127.0.0.1:8880
Accept: */*
Accept-Encoding: gzip, deflate
Accept-Language: en-AU,en;q=0.9
Content-Length: 299
Content-Type: application/json
Origin: http://127.0.0.1:4173
Priority: u=3, i
Referer: http://127.0.0.1:4173/
Sec-Fetch-Dest: empty
Sec-Fetch-Mode: cors
Sec-Fetch-Site: same-origin
User-Agent: Mozilla/5.0 (Macintosh; Intel Mac OS X 10_15_7) AppleWebKit/605.1.15 (KHTML, like Gecko) Version/18.6 Safari/605.1.15
X-Forwarded-For: 127.0.0.1

{"streamer":{"alias":"Ted Coningsby","description":"Oii oii! Ladies, gents and teddy bears, welcome to the Ted Coningsby channel, the fun but serious military aviation channel. This is not your usual aviation ...","languages":["English"]},"platforms":{"url":"https://www.youtube.com/@TedConingsby"}}

2025/11/17 15:15:22 Outbound WebSub request:
POST /subscribe HTTP/1.1
Host: pubsubhubbub.appspot.com
User-Agent: live-stream-alerts-client/1.0
Content-Length: 310
Content-Type: application/x-www-form-urlencoded
Accept-Encoding: gzip

hub.callback=https%3A%2F%2Fsharpen.live%2Falerts&hub.lease_seconds=864000&hub.mode=subscribe&hub.secret=Me64Zag95Q2awtuZes-Feo-4-yNyIuz2&hub.topic=https%3A%2F%2Fwww.youtube.com%2Fxml%2Ffeeds%2Fvideos.xml%3Fchannel_id%3DUCCVgP53k4WCUnFg9yFA_YbA&hub.verify=async&hub.verify_token=18c431a56dc943d3d049d80606423e9d

2025/11/17 15:15:23 ---- Response for POST /api/streamers (201 Created) ----
{"streamer":{"id":"91557005f031480b83dd2ed72aba0d59","alias":"Ted Coningsby","description":"Oii oii! Ladies, gents and teddy bears, welcome to the Ted Coningsby channel, the fun but serious military aviation channel. This is not your usual aviation ...","firstName":"","lastName":"","email":"","languages":["English"]},"platforms":{},"createdAt":"2025-11-17T04:15:21.752472Z","updatedAt":"2025-11-17T04:15:21.752472Z"}

2025/11/17 15:27:21 ---- Incoming request from 127.0.0.1:54974 ----
GET /api/streamers HTTP/1.1
Host: 127.0.0.1:8880
Accept: */*
Accept-Encoding: gzip, deflate, br, zstd
Accept-Language: en-GB,en-US;q=0.9,en;q=0.8
Referer: http://127.0.0.1:4173/
Sec-Ch-Ua: "Chromium";v="142", "Google Chrome";v="142", "Not_A Brand";v="99"
Sec-Ch-Ua-Mobile: ?0
Sec-Ch-Ua-Platform: "macOS"
Sec-Fetch-Dest: empty
Sec-Fetch-Mode: cors
Sec-Fetch-Site: same-origin
User-Agent: Mozilla/5.0 (Macintosh; Intel Mac OS X 10_15_7) AppleWebKit/537.36 (KHTML, like Gecko) Chrome/142.0.0.0 Safari/537.36
X-Forwarded-For: 127.0.0.1


2025/11/17 15:27:21 ---- Response for GET /api/streamers (200 OK) ----
{"streamers":[{"streamer":{"id":"91557005f031480b83dd2ed72aba0d59","alias":"Ted Coningsby","description":"Oii oii! Ladies, gents and teddy bears, welcome to the Ted Coningsby channel, the fun but serious military aviation channel. This is not your usual aviation ...","firstName":"","lastName":"","email":"","languages":["English"]},"platforms":{"youtube":{"handle":"@TedConingsby","channelId":"UCCVgP53k4WCUnFg9yFA_YbA","hubSecret":"Me64Zag95Q2awtuZes-Feo-4-yNyIuz2","topic":"https://www.youtube.com/xml/feeds/videos.xml?channel_id=UCCVgP53k4WCUnFg9yFA_YbA","callbackUrl":"https://sharpen.live/alerts","hubUrl":"https://pubsubhubbub.appspot.com/subscribe","verifyMode":"async","leaseSeconds":864000}},"createdAt":"2025-11-17T04:15:21.752472Z","updatedAt":"2025-11-17T04:15:22.198499Z"}]}

2025/11/17 15:27:43 ---- Incoming request from 127.0.0.1:54974 ----
GET /api/streamers HTTP/1.1
Host: 127.0.0.1:8880
Accept: */*
Accept-Encoding: gzip, deflate, br, zstd
Accept-Language: en-GB,en-US;q=0.9,en;q=0.8
Referer: http://127.0.0.1:4173/
Sec-Ch-Ua: "Chromium";v="142", "Google Chrome";v="142", "Not_A Brand";v="99"
Sec-Ch-Ua-Mobile: ?0
Sec-Ch-Ua-Platform: "macOS"
Sec-Fetch-Dest: empty
Sec-Fetch-Mode: cors
Sec-Fetch-Site: same-origin
User-Agent: Mozilla/5.0 (Macintosh; Intel Mac OS X 10_15_7) AppleWebKit/537.36 (KHTML, like Gecko) Chrome/142.0.0.0 Safari/537.36
X-Forwarded-For: 127.0.0.1


2025/11/17 15:27:43 ---- Response for GET /api/streamers (200 OK) ----
{"streamers":[{"streamer":{"id":"91557005f031480b83dd2ed72aba0d59","alias":"Ted Coningsby","description":"Oii oii! Ladies, gents and teddy bears, welcome to the Ted Coningsby channel, the fun but serious military aviation channel. This is not your usual aviation ...","firstName":"","lastName":"","email":"","languages":["English"]},"platforms":{"youtube":{"handle":"@TedConingsby","channelId":"UCCVgP53k4WCUnFg9yFA_YbA","hubSecret":"Me64Zag95Q2awtuZes-Feo-4-yNyIuz2","topic":"https://www.youtube.com/xml/feeds/videos.xml?channel_id=UCCVgP53k4WCUnFg9yFA_YbA","callbackUrl":"https://sharpen.live/alerts","hubUrl":"https://pubsubhubbub.appspot.com/subscribe","verifyMode":"async","leaseSeconds":864000}},"createdAt":"2025-11-17T04:15:21.752472Z","updatedAt":"2025-11-17T04:15:22.198499Z"}]}

2025/11/17 15:56:12 ---- Incoming request from 127.0.0.1:59108 ----
DELETE /api/streamers HTTP/1.1
Host: 127.0.0.1:8880
Accept: */*
Accept-Encoding: gzip, deflate, br
Connection: keep-alive
Content-Length: 48
Content-Type: application/json
Postman-Token: 623b3106-6e72-446e-8461-379de12b3184
User-Agent: PostmanRuntime/7.49.1

{
  "streamer": {
    "id": "JordanMatter"
  }
}

2025/11/17 15:56:12 Outbound WebSub request:
POST /subscribe HTTP/1.1
Host: pubsubhubbub.appspot.com
User-Agent: live-stream-alerts-client/1.0
Content-Length: 287
Content-Type: application/x-www-form-urlencoded
Accept-Encoding: gzip

hub.callback=https%3A%2F%2Fsharpen.live%2Falerts&hub.mode=unsubscribe&hub.secret=GmtXT02Gnu7-R3iVcAIBUc1pOsOZkfwQ&hub.topic=https%3A%2F%2Fwww.youtube.com%2Fxml%2Ffeeds%2Fvideos.xml%3Fchannel_id%3DUCI3szCgzGTRBTF_2dVaTZdQ&hub.verify=async&hub.verify_token=d01b7a1ab85ed0984db6164b30013b2b

2025/11/17 15:56:13 ---- Response for DELETE /api/streamers (200 OK) ----
{"id":"JordanMatter","status":"deleted"}

2025/11/17 16:02:06 ---- Incoming request from 127.0.0.1:59350 ----
POST /api/streamers HTTP/1.1
Host: 127.0.0.1:8880
Accept: */*
Accept-Encoding: gzip, deflate, br
Connection: keep-alive
Content-Length: 253
Content-Type: application/json
Postman-Token: 73b09df2-eb00-41de-aeb6-1a92db898b75
User-Agent: PostmanRuntime/7.49.1

{
  "streamer": {
    "alias": "I will shave my eyebrows",
    "description": "Share your videos with friends, family and the world",
    "languages": ["English"]
  },
  "platforms": {
    "url": "https://www.youtube.com/@I-will-shave-my-eyebrows"
  }
}

2025/11/17 16:02:06 Outbound WebSub request:
POST /subscribe HTTP/1.1
Host: pubsubhubbub.appspot.com
User-Agent: live-stream-alerts-client/1.0
Content-Length: 310
Content-Type: application/x-www-form-urlencoded
Accept-Encoding: gzip

hub.callback=https%3A%2F%2Fsharpen.live%2Falerts&hub.lease_seconds=864000&hub.mode=subscribe&hub.secret=Hp-a_Gzes0O1u7lx12K9I9PNVIRgG1MQ&hub.topic=https%3A%2F%2Fwww.youtube.com%2Fxml%2Ffeeds%2Fvideos.xml%3Fchannel_id%3DUCvwGfRXMzs2ey1h3opwK2zw&hub.verify=async&hub.verify_token=8382293e89a38dd9ebdaf036c778fafb

2025/11/17 16:02:07 ---- Response for POST /api/streamers (201 Created) ----
{"streamer":{"id":"2cbc91eb92ea417da25e12c9b9a22719","alias":"I will shave my eyebrows","description":"Share your videos with friends, family and the world","firstName":"","lastName":"","email":"","languages":["English"]},"platforms":{},"createdAt":"2025-11-17T05:02:06.163752Z","updatedAt":"2025-11-17T05:02:06.163752Z"}
