
2025/11/19 03:22:55 Listening on 127.0.0.1:8880

2025/11/19 03:22:56 ---- Incoming request from 127.0.0.1:51064 ----
GET /api/streamers/watch HTTP/1.1
Host: 127.0.0.1:8880
Accept: text/event-stream
Accept-Encoding: gzip, deflate
Accept-Language: en-AU,en;q=0.9
Cache-Control: no-cache
Connection: keep-alive
Pragma: no-cache
Priority: u=3, i
Referer: http://127.0.0.1:8880/
Sec-Fetch-Dest: empty
Sec-Fetch-Mode: cors
Sec-Fetch-Site: same-origin
User-Agent: Mozilla/5.0 (Macintosh; Intel Mac OS X 10_15_7) AppleWebKit/605.1.15 (KHTML, like Gecko) Version/18.6 Safari/605.1.15


2025/11/19 03:22:57 ---- Incoming request from 127.0.0.1:51065 ----
GET /api/streamers/watch HTTP/1.1
Host: 127.0.0.1:8880
Accept: text/event-stream
Accept-Encoding: gzip, deflate, br, zstd
Accept-Language: en-GB,en-US;q=0.9,en;q=0.8
Cache-Control: no-cache
Connection: keep-alive
Referer: http://127.0.0.1:8880/
Sec-Ch-Ua: "Chromium";v="142", "Google Chrome";v="142", "Not_A Brand";v="99"
Sec-Ch-Ua-Mobile: ?0
Sec-Ch-Ua-Platform: "macOS"
Sec-Fetch-Dest: empty
Sec-Fetch-Mode: cors
Sec-Fetch-Site: same-origin
User-Agent: Mozilla/5.0 (Macintosh; Intel Mac OS X 10_15_7) AppleWebKit/537.36 (KHTML, like Gecko) Chrome/142.0.0.0 Safari/537.36


2025/11/19 03:23:11 ---- Response for GET /api/streamers/watch (200 OK) ----
event: ready
data: 1763482025296


2025/11/19 03:23:11 ---- Incoming request from 127.0.0.1:51093 ----
GET / HTTP/1.1
Host: 127.0.0.1:8880
Accept: text/html,application/xhtml+xml,application/xml;q=0.9,*/*;q=0.8
Accept-Encoding: gzip, deflate
Accept-Language: en-AU,en;q=0.9
Connection: keep-alive
Priority: u=0, i
Sec-Fetch-Dest: document
Sec-Fetch-Mode: navigate
Sec-Fetch-Site: none
Upgrade-Insecure-Requests: 1
User-Agent: Mozilla/5.0 (Macintosh; Intel Mac OS X 10_15_7) AppleWebKit/605.1.15 (KHTML, like Gecko) Version/18.6 Safari/605.1.15


2025/11/19 03:23:11 ---- Response for GET / (200 OK) ----
UI assets not configured. Run the standalone alGUI project separately.

2025/11/19 03:23:55 ---- Incoming request from 127.0.0.1:51135 ----
GET / HTTP/1.1
Host: 127.0.0.1:8880
Accept: text/html,application/xhtml+xml,application/xml;q=0.9,*/*;q=0.8
Accept-Encoding: gzip, deflate
Accept-Language: en-AU,en;q=0.9
Connection: keep-alive
Priority: u=0, i
Sec-Fetch-Dest: document
Sec-Fetch-Mode: navigate
Sec-Fetch-Site: none
Upgrade-Insecure-Requests: 1
User-Agent: Mozilla/5.0 (Macintosh; Intel Mac OS X 10_15_7) AppleWebKit/605.1.15 (KHTML, like Gecko) Version/18.6 Safari/605.1.15


2025/11/19 03:23:55 ---- Response for GET / (200 OK) ----
UI assets not configured. Run the standalone alGUI project separately.

2025/11/19 03:23:55 ---- Incoming request from 127.0.0.1:51135 ----
GET /styles.css HTTP/1.1
Host: 127.0.0.1:8880
Accept: text/css,*/*;q=0.1
Accept-Encoding: gzip, deflate
Accept-Language: en-AU,en;q=0.9
Connection: keep-alive
Priority: u=1, i
Referer: http://127.0.0.1:8880/
Sec-Fetch-Dest: style
Sec-Fetch-Mode: no-cors
Sec-Fetch-Site: same-origin
User-Agent: Mozilla/5.0 (Macintosh; Intel Mac OS X 10_15_7) AppleWebKit/605.1.15 (KHTML, like Gecko) Version/18.6 Safari/605.1.15


2025/11/19 03:23:55 ---- Response for GET /styles.css (404 Not Found) ----
404 page not found

2025/11/19 03:23:55 ---- Incoming request from 127.0.0.1:51136 ----
GET /wasm_exec.js HTTP/1.1
Host: 127.0.0.1:8880
Accept: */*
Accept-Encoding: gzip, deflate
Accept-Language: en-AU,en;q=0.9
Connection: keep-alive
Priority: u=1, i
Referer: http://127.0.0.1:8880/
Sec-Fetch-Dest: script
Sec-Fetch-Mode: no-cors
Sec-Fetch-Site: same-origin
User-Agent: Mozilla/5.0 (Macintosh; Intel Mac OS X 10_15_7) AppleWebKit/605.1.15 (KHTML, like Gecko) Version/18.6 Safari/605.1.15


2025/11/19 03:23:55 ---- Response for GET /wasm_exec.js (404 Not Found) ----
404 page not found

2025/11/19 03:24:00 ---- Incoming request from 127.0.0.1:51143 ----
GET /api/streamers HTTP/1.1
Host: 127.0.0.1:8880
Accept: */*
Accept-Encoding: gzip, deflate
Accept-Language: en-AU,en;q=0.9
Priority: u=3, i
Referer: http://127.0.0.1:4173/
Sec-Fetch-Dest: empty
Sec-Fetch-Mode: cors
Sec-Fetch-Site: same-origin
User-Agent: Mozilla/5.0 (Macintosh; Intel Mac OS X 10_15_7) AppleWebKit/605.1.15 (KHTML, like Gecko) Version/18.6 Safari/605.1.15
X-Forwarded-For: 127.0.0.1


2025/11/19 03:24:00 ---- Response for GET /api/streamers (200 OK) ----
{"streamers":[{"streamer":{"id":"395848a32c2c47c2a231c1b59f2b93d4","alias":"JonSiiN","description":"Hello everyone Welcome to the official JRK Knives channel. Knives have been used since prehistoric times for a plethora of activities from weapons and tools ...","firstName":"","lastName":"","email":"","languages":["English"]},"platforms":{"youtube":{"handle":"@JRKKnives","channelId":"UCbT1jA8RTEHk7y6rn2vHNGw","hubSecret":"9C_7M8CuW959d3PFQ6fZ-FRaj3yzSvel","hubLeaseDate":"2025-11-18T08:56:59Z","topic":"https://www.youtube.com/xml/feeds/videos.xml?channel_id=UCbT1jA8RTEHk7y6rn2vHNGw","callbackUrl":"https://sharpen.live/dev/alerts","hubUrl":"https://pubsubhubbub.appspot.com/subscribe","verifyMode":"async","leaseSeconds":864000}},"status":{"live":false,"youtube":{"live":false,"startedAt":"0001-01-01T00:00:00Z"}},"createdAt":"2025-11-18T08:56:57.714492Z","updatedAt":"2025-11-18T15:04:25.787204Z"},{"streamer":{"id":"4b8e82c4a16e49e58c1ac2993e7f85e0","alias":"Attorney Melanie Little","description":"Melanie Little is a New York lawyer with over 30 years experience as a trial attorney and litigator in state and federal courts, who is now a legal analyst a...","firstName":"","lastName":"","email":"","languages":["English"]},"platforms":{"youtube":{"handle":"@AttorneyMelanieLittle","channelId":"UCFSlI8Y3Zdoq5buNW_40AAA","hubSecret":"nlXDE9expkcuWHJ4vXXe3UOjfDRYwRvy","hubLeaseDate":"2025-11-18T10:07:14Z","topic":"https://www.youtube.com/xml/feeds/videos.xml?channel_id=UCFSlI8Y3Zdoq5buNW_40AAA","callbackUrl":"https://sharpen.live/dev/alerts","hubUrl":"https://pubsubhubbub.appspot.com/subscribe","verifyMode":"async","leaseSeconds":864000}},"status":{"live":true,"platforms":["youtube"],"youtube":{"live":true,"videoId":"S_WSAqLzgtg","startedAt":"2025-11-18T14:22:13Z"}},"createdAt":"2025-11-18T10:07:12.769107Z","updatedAt":"2025-11-18T14:22:20.019987Z"}]}

2025/11/19 03:24:00 ---- Incoming request from 127.0.0.1:51143 ----
GET /api/streamers/watch HTTP/1.1
Host: 127.0.0.1:8880
Accept: text/event-stream
Accept-Encoding: gzip, deflate
Accept-Language: en-AU,en;q=0.9
Cache-Control: no-cache
Pragma: no-cache
Priority: u=3, i
Referer: http://127.0.0.1:4173/
Sec-Fetch-Dest: empty
Sec-Fetch-Mode: cors
Sec-Fetch-Site: same-origin
User-Agent: Mozilla/5.0 (Macintosh; Intel Mac OS X 10_15_7) AppleWebKit/605.1.15 (KHTML, like Gecko) Version/18.6 Safari/605.1.15
X-Forwarded-For: 127.0.0.1


2025/11/19 03:28:34 ---- Incoming request from 127.0.0.1:51264 ----
GET /api/admin/login HTTP/1.1
Host: localhost:8880
Accept: */*
Accept-Encoding: gzip, deflate, br
Connection: keep-alive
Postman-Token: 1bc0d8f0-b331-4f3d-bbc7-ae6963f835f2
User-Agent: PostmanRuntime/7.49.1


2025/11/19 03:28:34 ---- Response for GET /api/admin/login (404 Not Found) ----
404 page not found

2025/11/19 03:41:25 ---- Incoming request from 127.0.0.1:51634 ----
POST /alerts HTTP/1.1
Host: sharpen.live
Accept: */*
Accept-Encoding: gzip, deflate, br
Cache-Control: no-cache,max-age=0
Content-Length: 948
Content-Type: application/atom+xml
From: googlebot(at)googlebot.com
Link: <https://www.youtube.com/xml/feeds/videos.xml?channel_id=UCFSlI8Y3Zdoq5buNW_40AAA>; rel=self, <http://pubsubhubbub.appspot.com/>; rel=hub
Pragma: no-cache
User-Agent: FeedFetcher-Google; (+http://www.google.com/feedfetcher.html)
Via: 1.1 Caddy
X-Forwarded-For: 74.125.209.33
X-Forwarded-Host: sharpen.live
X-Forwarded-Proto: https
X-Hub-Signature: sha1=6b29e71f665e574a79e62d69be861da19274e84d
X-Request-Id: {http.request.id}

<?xml version='1.0' encoding='UTF-8'?>
<feed xmlns:yt="http://www.youtube.com/xml/schemas/2015" xmlns="http://www.w3.org/2005/Atom"><link rel="hub" href="https://pubsubhubbub.appspot.com"/><link rel="self" href="https://www.youtube.com/xml/feeds/videos.xml?channel_id=UCFSlI8Y3Zdoq5buNW_40AAA"/><title>YouTube video feed</title><updated>2025-11-18T16:41:22.488752904+00:00</updated><entry>
  <id>yt:video:AwDQP2Xfdo4</id>
  <yt:videoId>AwDQP2Xfdo4</yt:videoId>
  <yt:channelId>UCFSlI8Y3Zdoq5buNW_40AAA</yt:channelId>
  <title>BREAKING💥KAREN READ IS SUING EVERYBODY! Civil Complaint Filed💥Bang Bang</title>
  <link rel="alternate" href="https://www.youtube.com/watch?v=AwDQP2Xfdo4"/>
  <author>
   <name>Attorney Melanie Little</name>
   <uri>https://www.youtube.com/channel/UCFSlI8Y3Zdoq5buNW_40AAA</uri>
  </author>
  <published>2025-11-18T16:41:19+00:00</published>
  <updated>2025-11-18T16:41:22.488752904+00:00</updated>
 </entry></feed>

2025/11/19 03:41:25 Processing hub notification (1 entries) videos=AwDQP2Xfdo4 channel=UCFSlI8Y3Zdoq5buNW_40AAA

2025/11/19 03:41:25 Fetching live metadata for 1 video(s): AwDQP2Xfdo4

2025/11/19 03:41:25 Requesting watch page for AwDQP2Xfdo4: https://www.youtube.com/watch?v=AwDQP2Xfdo4

2025/11/19 03:41:26 Fetched metadata for AwDQP2Xfdo4: channel=UCFSlI8Y3Zdoq5buNW_40AAA title="BREAKING💥KAREN READ IS SUING EVERYBODY! Civil Complaint Filed💥Bang Bang" live=true start=2025-11-18 17:30:00 +0000 +0000

2025/11/19 03:41:26 Live stream detected: channel=UCFSlI8Y3Zdoq5buNW_40AAA video=AwDQP2Xfdo4 title=BREAKING💥KAREN READ IS SUING EVERYBODY! Civil Complaint Filed💥Bang Bang

2025/11/19 03:41:26 ---- Response for POST /alerts (204 No Content) ----

2025/11/19 03:41:26 ---- Incoming request from 127.0.0.1:51637 ----
GET /api/streamers HTTP/1.1
Host: 127.0.0.1:8880
Accept: */*
Accept-Encoding: gzip, deflate
Accept-Language: en-AU,en;q=0.9
Priority: u=3, i
Referer: http://127.0.0.1:4173/
Sec-Fetch-Dest: empty
Sec-Fetch-Mode: cors
Sec-Fetch-Site: same-origin
User-Agent: Mozilla/5.0 (Macintosh; Intel Mac OS X 10_15_7) AppleWebKit/605.1.15 (KHTML, like Gecko) Version/18.6 Safari/605.1.15
X-Forwarded-For: 127.0.0.1


2025/11/19 03:41:26 ---- Response for GET /api/streamers (200 OK) ----
{"streamers":[{"streamer":{"id":"395848a32c2c47c2a231c1b59f2b93d4","alias":"JonSiiN","description":"Hello everyone Welcome to the official JRK Knives channel. Knives have been used since prehistoric times for a plethora of activities from weapons and tools ...","firstName":"","lastName":"","email":"","languages":["English"]},"platforms":{"youtube":{"handle":"@JRKKnives","channelId":"UCbT1jA8RTEHk7y6rn2vHNGw","hubSecret":"9C_7M8CuW959d3PFQ6fZ-FRaj3yzSvel","hubLeaseDate":"2025-11-18T08:56:59Z","topic":"https://www.youtube.com/xml/feeds/videos.xml?channel_id=UCbT1jA8RTEHk7y6rn2vHNGw","callbackUrl":"https://sharpen.live/dev/alerts","hubUrl":"https://pubsubhubbub.appspot.com/subscribe","verifyMode":"async","leaseSeconds":864000}},"status":{"live":false,"youtube":{"live":false,"startedAt":"0001-01-01T00:00:00Z"}},"createdAt":"2025-11-18T08:56:57.714492Z","updatedAt":"2025-11-18T15:04:25.787204Z"},{"streamer":{"id":"4b8e82c4a16e49e58c1ac2993e7f85e0","alias":"Attorney Melanie Little","description":"Melanie Little is a New York lawyer with over 30 years experience as a trial attorney and litigator in state and federal courts, who is now a legal analyst a...","firstName":"","lastName":"","email":"","languages":["English"]},"platforms":{"youtube":{"handle":"@AttorneyMelanieLittle","channelId":"UCFSlI8Y3Zdoq5buNW_40AAA","hubSecret":"nlXDE9expkcuWHJ4vXXe3UOjfDRYwRvy","hubLeaseDate":"2025-11-18T10:07:14Z","topic":"https://www.youtube.com/xml/feeds/videos.xml?channel_id=UCFSlI8Y3Zdoq5buNW_40AAA","callbackUrl":"https://sharpen.live/dev/alerts","hubUrl":"https://pubsubhubbub.appspot.com/subscribe","verifyMode":"async","leaseSeconds":864000}},"status":{"live":true,"platforms":["youtube"],"youtube":{"live":true,"videoId":"AwDQP2Xfdo4","startedAt":"2025-11-18T17:30:00Z"}},"createdAt":"2025-11-18T10:07:12.769107Z","updatedAt":"2025-11-18T16:41:26.011444Z"}]}

2025/11/19 03:41:26 ---- Incoming request from 127.0.0.1:51638 ----
GET /api/streamers HTTP/1.1
Host: 127.0.0.1:8880
Accept: */*
Accept-Encoding: gzip, deflate, br, zstd
Accept-Language: en-GB,en-US;q=0.9,en;q=0.8
Connection: keep-alive
Referer: http://127.0.0.1:8880/
Sec-Ch-Ua: "Chromium";v="142", "Google Chrome";v="142", "Not_A Brand";v="99"
Sec-Ch-Ua-Mobile: ?0
Sec-Ch-Ua-Platform: "macOS"
Sec-Fetch-Dest: empty
Sec-Fetch-Mode: cors
Sec-Fetch-Site: same-origin
User-Agent: Mozilla/5.0 (Macintosh; Intel Mac OS X 10_15_7) AppleWebKit/537.36 (KHTML, like Gecko) Chrome/142.0.0.0 Safari/537.36


2025/11/19 03:41:26 ---- Response for GET /api/streamers (200 OK) ----
{"streamers":[{"streamer":{"id":"395848a32c2c47c2a231c1b59f2b93d4","alias":"JonSiiN","description":"Hello everyone Welcome to the official JRK Knives channel. Knives have been used since prehistoric times for a plethora of activities from weapons and tools ...","firstName":"","lastName":"","email":"","languages":["English"]},"platforms":{"youtube":{"handle":"@JRKKnives","channelId":"UCbT1jA8RTEHk7y6rn2vHNGw","hubSecret":"9C_7M8CuW959d3PFQ6fZ-FRaj3yzSvel","hubLeaseDate":"2025-11-18T08:56:59Z","topic":"https://www.youtube.com/xml/feeds/videos.xml?channel_id=UCbT1jA8RTEHk7y6rn2vHNGw","callbackUrl":"https://sharpen.live/dev/alerts","hubUrl":"https://pubsubhubbub.appspot.com/subscribe","verifyMode":"async","leaseSeconds":864000}},"status":{"live":false,"youtube":{"live":false,"startedAt":"0001-01-01T00:00:00Z"}},"createdAt":"2025-11-18T08:56:57.714492Z","updatedAt":"2025-11-18T15:04:25.787204Z"},{"streamer":{"id":"4b8e82c4a16e49e58c1ac2993e7f85e0","alias":"Attorney Melanie Little","description":"Melanie Little is a New York lawyer with over 30 years experience as a trial attorney and litigator in state and federal courts, who is now a legal analyst a...","firstName":"","lastName":"","email":"","languages":["English"]},"platforms":{"youtube":{"handle":"@AttorneyMelanieLittle","channelId":"UCFSlI8Y3Zdoq5buNW_40AAA","hubSecret":"nlXDE9expkcuWHJ4vXXe3UOjfDRYwRvy","hubLeaseDate":"2025-11-18T10:07:14Z","topic":"https://www.youtube.com/xml/feeds/videos.xml?channel_id=UCFSlI8Y3Zdoq5buNW_40AAA","callbackUrl":"https://sharpen.live/dev/alerts","hubUrl":"https://pubsubhubbub.appspot.com/subscribe","verifyMode":"async","leaseSeconds":864000}},"status":{"live":true,"platforms":["youtube"],"youtube":{"live":true,"videoId":"AwDQP2Xfdo4","startedAt":"2025-11-18T17:30:00Z"}},"createdAt":"2025-11-18T10:07:12.769107Z","updatedAt":"2025-11-18T16:41:26.011444Z"}]}

2025/11/19 03:44:04 ---- Incoming request from 127.0.0.1:51713 ----
POST /alerts HTTP/1.1
Host: sharpen.live
Accept: */*
Accept-Encoding: gzip, deflate, br
Cache-Control: no-cache,max-age=0
Content-Length: 904
Content-Type: application/atom+xml
From: googlebot(at)googlebot.com
Link: <https://www.youtube.com/xml/feeds/videos.xml?channel_id=UCFSlI8Y3Zdoq5buNW_40AAA>; rel=self, <http://pubsubhubbub.appspot.com/>; rel=hub
Pragma: no-cache
User-Agent: FeedFetcher-Google; (+http://www.google.com/feedfetcher.html)
Via: 1.1 Caddy
X-Forwarded-For: 74.125.209.32
X-Forwarded-Host: sharpen.live
X-Forwarded-Proto: https
X-Hub-Signature: sha1=96cf4a6997a78e91e7477945542bd051724714d4
X-Request-Id: {http.request.id}

<?xml version='1.0' encoding='UTF-8'?>
<feed xmlns:yt="http://www.youtube.com/xml/schemas/2015" xmlns="http://www.w3.org/2005/Atom"><link rel="hub" href="https://pubsubhubbub.appspot.com"/><link rel="self" href="https://www.youtube.com/xml/feeds/videos.xml?channel_id=UCFSlI8Y3Zdoq5buNW_40AAA"/><title>YouTube video feed</title><updated>2025-11-18T16:44:01.287366263+00:00</updated><entry>
  <id>yt:video:S_WSAqLzgtg</id>
  <yt:videoId>S_WSAqLzgtg</yt:videoId>
  <yt:channelId>UCFSlI8Y3Zdoq5buNW_40AAA</yt:channelId>
  <title>LIVE: BRIAN WALSHE Jury Selection</title>
  <link rel="alternate" href="https://www.youtube.com/watch?v=S_WSAqLzgtg"/>
  <author>
   <name>Attorney Melanie Little</name>
   <uri>https://www.youtube.com/channel/UCFSlI8Y3Zdoq5buNW_40AAA</uri>
  </author>
  <published>2025-11-18T14:18:13+00:00</published>
  <updated>2025-11-18T16:44:01.287366263+00:00</updated>
 </entry></feed>

2025/11/19 03:44:04 Processing hub notification (1 entries) videos=S_WSAqLzgtg channel=UCFSlI8Y3Zdoq5buNW_40AAA

2025/11/19 03:44:04 Fetching live metadata for 1 video(s): S_WSAqLzgtg

2025/11/19 03:44:04 Requesting watch page for S_WSAqLzgtg: https://www.youtube.com/watch?v=S_WSAqLzgtg

2025/11/19 03:44:04 Fetched metadata for S_WSAqLzgtg: channel=UCFSlI8Y3Zdoq5buNW_40AAA title="LIVE: BRIAN WALSHE Jury Selection" live=true start=2025-11-18 14:22:13 +0000 +0000

2025/11/19 03:44:04 Live stream detected: channel=UCFSlI8Y3Zdoq5buNW_40AAA video=S_WSAqLzgtg title=LIVE: BRIAN WALSHE Jury Selection

2025/11/19 03:44:04 ---- Response for POST /alerts (204 No Content) ----

2025/11/19 03:44:05 ---- Incoming request from 127.0.0.1:51638 ----
GET /api/streamers HTTP/1.1
Host: 127.0.0.1:8880
Accept: */*
Accept-Encoding: gzip, deflate, br, zstd
Accept-Language: en-GB,en-US;q=0.9,en;q=0.8
Connection: keep-alive
Referer: http://127.0.0.1:8880/
Sec-Ch-Ua: "Chromium";v="142", "Google Chrome";v="142", "Not_A Brand";v="99"
Sec-Ch-Ua-Mobile: ?0
Sec-Ch-Ua-Platform: "macOS"
Sec-Fetch-Dest: empty
Sec-Fetch-Mode: cors
Sec-Fetch-Site: same-origin
User-Agent: Mozilla/5.0 (Macintosh; Intel Mac OS X 10_15_7) AppleWebKit/537.36 (KHTML, like Gecko) Chrome/142.0.0.0 Safari/537.36


2025/11/19 03:44:05 ---- Response for GET /api/streamers (200 OK) ----
{"streamers":[{"streamer":{"id":"395848a32c2c47c2a231c1b59f2b93d4","alias":"JonSiiN","description":"Hello everyone Welcome to the official JRK Knives channel. Knives have been used since prehistoric times for a plethora of activities from weapons and tools ...","firstName":"","lastName":"","email":"","languages":["English"]},"platforms":{"youtube":{"handle":"@JRKKnives","channelId":"UCbT1jA8RTEHk7y6rn2vHNGw","hubSecret":"9C_7M8CuW959d3PFQ6fZ-FRaj3yzSvel","hubLeaseDate":"2025-11-18T08:56:59Z","topic":"https://www.youtube.com/xml/feeds/videos.xml?channel_id=UCbT1jA8RTEHk7y6rn2vHNGw","callbackUrl":"https://sharpen.live/dev/alerts","hubUrl":"https://pubsubhubbub.appspot.com/subscribe","verifyMode":"async","leaseSeconds":864000}},"status":{"live":false,"youtube":{"live":false,"startedAt":"0001-01-01T00:00:00Z"}},"createdAt":"2025-11-18T08:56:57.714492Z","updatedAt":"2025-11-18T15:04:25.787204Z"},{"streamer":{"id":"4b8e82c4a16e49e58c1ac2993e7f85e0","alias":"Attorney Melanie Little","description":"Melanie Little is a New York lawyer with over 30 years experience as a trial attorney and litigator in state and federal courts, who is now a legal analyst a...","firstName":"","lastName":"","email":"","languages":["English"]},"platforms":{"youtube":{"handle":"@AttorneyMelanieLittle","channelId":"UCFSlI8Y3Zdoq5buNW_40AAA","hubSecret":"nlXDE9expkcuWHJ4vXXe3UOjfDRYwRvy","hubLeaseDate":"2025-11-18T10:07:14Z","topic":"https://www.youtube.com/xml/feeds/videos.xml?channel_id=UCFSlI8Y3Zdoq5buNW_40AAA","callbackUrl":"https://sharpen.live/dev/alerts","hubUrl":"https://pubsubhubbub.appspot.com/subscribe","verifyMode":"async","leaseSeconds":864000}},"status":{"live":true,"platforms":["youtube"],"youtube":{"live":true,"videoId":"S_WSAqLzgtg","startedAt":"2025-11-18T14:22:13Z"}},"createdAt":"2025-11-18T10:07:12.769107Z","updatedAt":"2025-11-18T16:44:04.831953Z"}]}

2025/11/19 03:44:05 ---- Incoming request from 127.0.0.1:51717 ----
GET /api/streamers HTTP/1.1
Host: 127.0.0.1:8880
Accept: */*
Accept-Encoding: gzip, deflate
Accept-Language: en-AU,en;q=0.9
Priority: u=3, i
Referer: http://127.0.0.1:4173/
Sec-Fetch-Dest: empty
Sec-Fetch-Mode: cors
Sec-Fetch-Site: same-origin
User-Agent: Mozilla/5.0 (Macintosh; Intel Mac OS X 10_15_7) AppleWebKit/605.1.15 (KHTML, like Gecko) Version/18.6 Safari/605.1.15
X-Forwarded-For: 127.0.0.1


2025/11/19 03:44:05 ---- Response for GET /api/streamers (200 OK) ----
{"streamers":[{"streamer":{"id":"395848a32c2c47c2a231c1b59f2b93d4","alias":"JonSiiN","description":"Hello everyone Welcome to the official JRK Knives channel. Knives have been used since prehistoric times for a plethora of activities from weapons and tools ...","firstName":"","lastName":"","email":"","languages":["English"]},"platforms":{"youtube":{"handle":"@JRKKnives","channelId":"UCbT1jA8RTEHk7y6rn2vHNGw","hubSecret":"9C_7M8CuW959d3PFQ6fZ-FRaj3yzSvel","hubLeaseDate":"2025-11-18T08:56:59Z","topic":"https://www.youtube.com/xml/feeds/videos.xml?channel_id=UCbT1jA8RTEHk7y6rn2vHNGw","callbackUrl":"https://sharpen.live/dev/alerts","hubUrl":"https://pubsubhubbub.appspot.com/subscribe","verifyMode":"async","leaseSeconds":864000}},"status":{"live":false,"youtube":{"live":false,"startedAt":"0001-01-01T00:00:00Z"}},"createdAt":"2025-11-18T08:56:57.714492Z","updatedAt":"2025-11-18T15:04:25.787204Z"},{"streamer":{"id":"4b8e82c4a16e49e58c1ac2993e7f85e0","alias":"Attorney Melanie Little","description":"Melanie Little is a New York lawyer with over 30 years experience as a trial attorney and litigator in state and federal courts, who is now a legal analyst a...","firstName":"","lastName":"","email":"","languages":["English"]},"platforms":{"youtube":{"handle":"@AttorneyMelanieLittle","channelId":"UCFSlI8Y3Zdoq5buNW_40AAA","hubSecret":"nlXDE9expkcuWHJ4vXXe3UOjfDRYwRvy","hubLeaseDate":"2025-11-18T10:07:14Z","topic":"https://www.youtube.com/xml/feeds/videos.xml?channel_id=UCFSlI8Y3Zdoq5buNW_40AAA","callbackUrl":"https://sharpen.live/dev/alerts","hubUrl":"https://pubsubhubbub.appspot.com/subscribe","verifyMode":"async","leaseSeconds":864000}},"status":{"live":true,"platforms":["youtube"],"youtube":{"live":true,"videoId":"S_WSAqLzgtg","startedAt":"2025-11-18T14:22:13Z"}},"createdAt":"2025-11-18T10:07:12.769107Z","updatedAt":"2025-11-18T16:44:04.831953Z"}]}

2025/11/19 03:50:30 ---- Incoming request from 127.0.0.1:51881 ----
POST /alerts HTTP/1.1
Host: sharpen.live
Accept: */*
Accept-Encoding: gzip, deflate, br
Cache-Control: no-cache,max-age=0
Content-Length: 904
Content-Type: application/atom+xml
From: googlebot(at)googlebot.com
Link: <https://www.youtube.com/xml/feeds/videos.xml?channel_id=UCFSlI8Y3Zdoq5buNW_40AAA>; rel=self, <http://pubsubhubbub.appspot.com/>; rel=hub
Pragma: no-cache
User-Agent: FeedFetcher-Google; (+http://www.google.com/feedfetcher.html)
Via: 1.1 Caddy
X-Forwarded-For: 74.125.209.34
X-Forwarded-Host: sharpen.live
X-Forwarded-Proto: https
X-Hub-Signature: sha1=e0092ca17b2374a274b6a0b2d4f8dcfc0dac6cff
X-Request-Id: {http.request.id}

<?xml version='1.0' encoding='UTF-8'?>
<feed xmlns:yt="http://www.youtube.com/xml/schemas/2015" xmlns="http://www.w3.org/2005/Atom"><link rel="hub" href="https://pubsubhubbub.appspot.com"/><link rel="self" href="https://www.youtube.com/xml/feeds/videos.xml?channel_id=UCFSlI8Y3Zdoq5buNW_40AAA"/><title>YouTube video feed</title><updated>2025-11-18T16:50:27.983085532+00:00</updated><entry>
  <id>yt:video:S_WSAqLzgtg</id>
  <yt:videoId>S_WSAqLzgtg</yt:videoId>
  <yt:channelId>UCFSlI8Y3Zdoq5buNW_40AAA</yt:channelId>
  <title>LIVE: BRIAN WALSHE Jury Selection</title>
  <link rel="alternate" href="https://www.youtube.com/watch?v=S_WSAqLzgtg"/>
  <author>
   <name>Attorney Melanie Little</name>
   <uri>https://www.youtube.com/channel/UCFSlI8Y3Zdoq5buNW_40AAA</uri>
  </author>
  <published>2025-11-18T16:50:25+00:00</published>
  <updated>2025-11-18T16:50:27.983085532+00:00</updated>
 </entry></feed>

2025/11/19 03:50:30 Processing hub notification (1 entries) videos=S_WSAqLzgtg channel=UCFSlI8Y3Zdoq5buNW_40AAA

2025/11/19 03:50:30 Fetching live metadata for 1 video(s): S_WSAqLzgtg

2025/11/19 03:50:30 Requesting watch page for S_WSAqLzgtg: https://www.youtube.com/watch?v=S_WSAqLzgtg

2025/11/19 03:50:31 Fetched metadata for S_WSAqLzgtg: channel=UCFSlI8Y3Zdoq5buNW_40AAA title="LIVE: BRIAN WALSHE Jury Selection" live=true start=2025-11-18 14:22:13 +0000 +0000

2025/11/19 03:50:31 Live stream detected: channel=UCFSlI8Y3Zdoq5buNW_40AAA video=S_WSAqLzgtg title=LIVE: BRIAN WALSHE Jury Selection

2025/11/19 03:50:31 ---- Response for POST /alerts (204 No Content) ----

2025/11/19 03:50:32 ---- Incoming request from 127.0.0.1:51884 ----
GET /api/streamers HTTP/1.1
Host: 127.0.0.1:8880
Accept: */*
Accept-Encoding: gzip, deflate
Accept-Language: en-AU,en;q=0.9
Priority: u=3, i
Referer: http://127.0.0.1:4173/
Sec-Fetch-Dest: empty
Sec-Fetch-Mode: cors
Sec-Fetch-Site: same-origin
User-Agent: Mozilla/5.0 (Macintosh; Intel Mac OS X 10_15_7) AppleWebKit/605.1.15 (KHTML, like Gecko) Version/18.6 Safari/605.1.15
X-Forwarded-For: 127.0.0.1


2025/11/19 03:50:32 ---- Response for GET /api/streamers (200 OK) ----
{"streamers":[{"streamer":{"id":"395848a32c2c47c2a231c1b59f2b93d4","alias":"JonSiiN","description":"Hello everyone Welcome to the official JRK Knives channel. Knives have been used since prehistoric times for a plethora of activities from weapons and tools ...","firstName":"","lastName":"","email":"","languages":["English"]},"platforms":{"youtube":{"handle":"@JRKKnives","channelId":"UCbT1jA8RTEHk7y6rn2vHNGw","hubSecret":"9C_7M8CuW959d3PFQ6fZ-FRaj3yzSvel","hubLeaseDate":"2025-11-18T08:56:59Z","topic":"https://www.youtube.com/xml/feeds/videos.xml?channel_id=UCbT1jA8RTEHk7y6rn2vHNGw","callbackUrl":"https://sharpen.live/dev/alerts","hubUrl":"https://pubsubhubbub.appspot.com/subscribe","verifyMode":"async","leaseSeconds":864000}},"status":{"live":false,"youtube":{"live":false,"startedAt":"0001-01-01T00:00:00Z"}},"createdAt":"2025-11-18T08:56:57.714492Z","updatedAt":"2025-11-18T15:04:25.787204Z"},{"streamer":{"id":"4b8e82c4a16e49e58c1ac2993e7f85e0","alias":"Attorney Melanie Little","description":"Melanie Little is a New York lawyer with over 30 years experience as a trial attorney and litigator in state and federal courts, who is now a legal analyst a...","firstName":"","lastName":"","email":"","languages":["English"]},"platforms":{"youtube":{"handle":"@AttorneyMelanieLittle","channelId":"UCFSlI8Y3Zdoq5buNW_40AAA","hubSecret":"nlXDE9expkcuWHJ4vXXe3UOjfDRYwRvy","hubLeaseDate":"2025-11-18T10:07:14Z","topic":"https://www.youtube.com/xml/feeds/videos.xml?channel_id=UCFSlI8Y3Zdoq5buNW_40AAA","callbackUrl":"https://sharpen.live/dev/alerts","hubUrl":"https://pubsubhubbub.appspot.com/subscribe","verifyMode":"async","leaseSeconds":864000}},"status":{"live":true,"platforms":["youtube"],"youtube":{"live":true,"videoId":"S_WSAqLzgtg","startedAt":"2025-11-18T14:22:13Z"}},"createdAt":"2025-11-18T10:07:12.769107Z","updatedAt":"2025-11-18T16:50:31.817651Z"}]}

2025/11/19 03:50:32 ---- Incoming request from 127.0.0.1:51885 ----
GET /api/streamers HTTP/1.1
Host: 127.0.0.1:8880
Accept: */*
Accept-Encoding: gzip, deflate, br, zstd
Accept-Language: en-GB,en-US;q=0.9,en;q=0.8
Connection: keep-alive
Referer: http://127.0.0.1:8880/
Sec-Ch-Ua: "Chromium";v="142", "Google Chrome";v="142", "Not_A Brand";v="99"
Sec-Ch-Ua-Mobile: ?0
Sec-Ch-Ua-Platform: "macOS"
Sec-Fetch-Dest: empty
Sec-Fetch-Mode: cors
Sec-Fetch-Site: same-origin
User-Agent: Mozilla/5.0 (Macintosh; Intel Mac OS X 10_15_7) AppleWebKit/537.36 (KHTML, like Gecko) Chrome/142.0.0.0 Safari/537.36


2025/11/19 03:50:32 ---- Response for GET /api/streamers (200 OK) ----
{"streamers":[{"streamer":{"id":"395848a32c2c47c2a231c1b59f2b93d4","alias":"JonSiiN","description":"Hello everyone Welcome to the official JRK Knives channel. Knives have been used since prehistoric times for a plethora of activities from weapons and tools ...","firstName":"","lastName":"","email":"","languages":["English"]},"platforms":{"youtube":{"handle":"@JRKKnives","channelId":"UCbT1jA8RTEHk7y6rn2vHNGw","hubSecret":"9C_7M8CuW959d3PFQ6fZ-FRaj3yzSvel","hubLeaseDate":"2025-11-18T08:56:59Z","topic":"https://www.youtube.com/xml/feeds/videos.xml?channel_id=UCbT1jA8RTEHk7y6rn2vHNGw","callbackUrl":"https://sharpen.live/dev/alerts","hubUrl":"https://pubsubhubbub.appspot.com/subscribe","verifyMode":"async","leaseSeconds":864000}},"status":{"live":false,"youtube":{"live":false,"startedAt":"0001-01-01T00:00:00Z"}},"createdAt":"2025-11-18T08:56:57.714492Z","updatedAt":"2025-11-18T15:04:25.787204Z"},{"streamer":{"id":"4b8e82c4a16e49e58c1ac2993e7f85e0","alias":"Attorney Melanie Little","description":"Melanie Little is a New York lawyer with over 30 years experience as a trial attorney and litigator in state and federal courts, who is now a legal analyst a...","firstName":"","lastName":"","email":"","languages":["English"]},"platforms":{"youtube":{"handle":"@AttorneyMelanieLittle","channelId":"UCFSlI8Y3Zdoq5buNW_40AAA","hubSecret":"nlXDE9expkcuWHJ4vXXe3UOjfDRYwRvy","hubLeaseDate":"2025-11-18T10:07:14Z","topic":"https://www.youtube.com/xml/feeds/videos.xml?channel_id=UCFSlI8Y3Zdoq5buNW_40AAA","callbackUrl":"https://sharpen.live/dev/alerts","hubUrl":"https://pubsubhubbub.appspot.com/subscribe","verifyMode":"async","leaseSeconds":864000}},"status":{"live":true,"platforms":["youtube"],"youtube":{"live":true,"videoId":"S_WSAqLzgtg","startedAt":"2025-11-18T14:22:13Z"}},"createdAt":"2025-11-18T10:07:12.769107Z","updatedAt":"2025-11-18T16:50:31.817651Z"}]}

2025/11/19 04:09:30 ---- Response for GET /api/streamers/watch (200 OK) ----
event: ready
data: 1763482025296

event: change
data: 1763484086011

event: change
data: 1763484244832

event: change
data: 1763484631821

