
2025/11/21 16:44:08 Listening on 127.0.0.1:8880

2025/11/21 16:44:13 ---- Incoming request from 127.0.0.1:59459 ----
GET /api/admin/submissions HTTP/1.1
Host: 127.0.0.1:8880
Accept: */*
Accept-Encoding: gzip, deflate, br, zstd
Accept-Language: en-GB,en-US;q=0.9,en;q=0.8
Authorization: Bearer 815e361d8a5780e1a7b0bd7a36640e8147edee637ceda63c22f61a4d0a1c9604
Referer: http://127.0.0.1:4173/admin/
Sec-Ch-Ua: "Chromium";v="142", "Google Chrome";v="142", "Not_A Brand";v="99"
Sec-Ch-Ua-Mobile: ?0
Sec-Ch-Ua-Platform: "macOS"
Sec-Fetch-Dest: empty
Sec-Fetch-Mode: cors
Sec-Fetch-Site: same-origin
User-Agent: Mozilla/5.0 (Macintosh; Intel Mac OS X 10_15_7) AppleWebKit/537.36 (KHTML, like Gecko) Chrome/142.0.0.0 Safari/537.36
X-Forwarded-For: 127.0.0.1


2025/11/21 16:44:13 ---- Response for GET /api/admin/submissions (401 Unauthorized) ----
unauthorized

2025/11/21 16:44:13 ---- Incoming request from 127.0.0.1:59459 ----
GET /api/streamers HTTP/1.1
Host: 127.0.0.1:8880
Accept: */*
Accept-Encoding: gzip, deflate, br, zstd
Accept-Language: en-GB,en-US;q=0.9,en;q=0.8
Referer: http://127.0.0.1:4173/admin/
Sec-Ch-Ua: "Chromium";v="142", "Google Chrome";v="142", "Not_A Brand";v="99"
Sec-Ch-Ua-Mobile: ?0
Sec-Ch-Ua-Platform: "macOS"
Sec-Fetch-Dest: empty
Sec-Fetch-Mode: cors
Sec-Fetch-Site: same-origin
User-Agent: Mozilla/5.0 (Macintosh; Intel Mac OS X 10_15_7) AppleWebKit/537.36 (KHTML, like Gecko) Chrome/142.0.0.0 Safari/537.36
X-Forwarded-For: 127.0.0.1


2025/11/21 16:44:13 ---- Response for GET /api/streamers (200 OK) ----
{"streamers":[{"streamer":{"id":"395848a32c2c47c2a231c1b59f2b93d4","alias":"JonSiiN","description":"Hello everyone Welcome to the official JRK Knives channel. Knives have been used since prehistoric times for a plethora of activities from weapons and tools ...","firstName":"","lastName":"","email":"","languages":["English"]},"platforms":{"youtube":{"handle":"@JRKKnives","channelId":"UCbT1jA8RTEHk7y6rn2vHNGw","hubSecret":"9C_7M8CuW959d3PFQ6fZ-FRaj3yzSvel","hubLeaseDate":"2025-11-18T08:56:59Z","topic":"https://www.youtube.com/xml/feeds/videos.xml?channel_id=UCbT1jA8RTEHk7y6rn2vHNGw","callbackUrl":"https://sharpen.live/dev/alerts","hubUrl":"https://pubsubhubbub.appspot.com/subscribe","verifyMode":"async","leaseSeconds":864000}},"status":{"live":true,"platforms":["youtube"],"youtube":{"live":true,"videoId":"t7cM1OEszLc","startedAt":"2025-11-19T13:04:57Z"}},"createdAt":"2025-11-18T08:56:57.714492Z","updatedAt":"2025-11-20T05:39:41.85389Z"},{"streamer":{"id":"4b8e82c4a16e49e58c1ac2993e7f85e0","alias":"Attorney Melanie Little","description":"Melanie Little is a New York lawyer with over 30 years experience as a trial attorney and litigator in state and federal courts, who is now a legal analyst a...","firstName":"","lastName":"","email":"","languages":["English"]},"platforms":{"youtube":{"handle":"@AttorneyMelanieLittle","channelId":"UCFSlI8Y3Zdoq5buNW_40AAA","hubSecret":"nlXDE9expkcuWHJ4vXXe3UOjfDRYwRvy","hubLeaseDate":"2025-11-18T10:07:14Z","topic":"https://www.youtube.com/xml/feeds/videos.xml?channel_id=UCFSlI8Y3Zdoq5buNW_40AAA","callbackUrl":"https://sharpen.live/dev/alerts","hubUrl":"https://pubsubhubbub.appspot.com/subscribe","verifyMode":"async","leaseSeconds":864000}},"status":{"live":true,"platforms":["youtube"],"youtube":{"live":true,"videoId":"1bVyYYSUjao","startedAt":"2025-11-20T21:17:11Z"}},"createdAt":"2025-11-18T10:07:12.769107Z","updatedAt":"2025-11-21T04:55:47.109756Z"},{"streamer":{"id":"816a93baffdc4102a959dc0875d74657","alias":"Arnaldo Mangini","description":"Arnaldo Mangini, comico, clown, fantasista","firstName":"","lastName":"","email":"","languages":["English","Italian"]},"platforms":{"youtube":{"handle":"@arnaldomangini","channelId":"UCoW3NnFgnDATwU9eUOswisg","hubSecret":"wSduM3o6zSJNs8LvdpuoADBL0b7g4mlT","hubLeaseDate":"2025-11-18T17:22:55Z","topic":"https://www.youtube.com/xml/feeds/videos.xml?channel_id=UCoW3NnFgnDATwU9eUOswisg","callbackUrl":"https://sharpen.live/dev/alerts","hubUrl":"https://pubsubhubbub.appspot.com/subscribe","verifyMode":"async","leaseSeconds":864000}},"status":{"live":true,"platforms":["youtube"],"youtube":{"live":true,"videoId":"mPrHtYSlL8w","startedAt":"2025-11-20T20:14:26Z"}},"createdAt":"2025-11-18T17:22:53.507193Z","updatedAt":"2025-11-20T23:14:47.66419Z"}]}

2025/11/21 16:44:13 ---- Incoming request from 127.0.0.1:59459 ----
GET /api/admin/settings HTTP/1.1
Host: 127.0.0.1:8880
Accept: */*
Accept-Encoding: gzip, deflate, br, zstd
Accept-Language: en-GB,en-US;q=0.9,en;q=0.8
Authorization: Bearer 815e361d8a5780e1a7b0bd7a36640e8147edee637ceda63c22f61a4d0a1c9604
Referer: http://127.0.0.1:4173/admin/
Sec-Ch-Ua: "Chromium";v="142", "Google Chrome";v="142", "Not_A Brand";v="99"
Sec-Ch-Ua-Mobile: ?0
Sec-Ch-Ua-Platform: "macOS"
Sec-Fetch-Dest: empty
Sec-Fetch-Mode: cors
Sec-Fetch-Site: same-origin
User-Agent: Mozilla/5.0 (Macintosh; Intel Mac OS X 10_15_7) AppleWebKit/537.36 (KHTML, like Gecko) Chrome/142.0.0.0 Safari/537.36
X-Forwarded-For: 127.0.0.1


2025/11/21 16:44:13 ---- Response for GET /api/admin/settings (404 Not Found) ----
404 page not found

2025/11/21 16:44:13 ---- Incoming request from 127.0.0.1:59459 ----
GET /api/admin/monitor/youtube HTTP/1.1
Host: 127.0.0.1:8880
Accept: */*
Accept-Encoding: gzip, deflate, br, zstd
Accept-Language: en-GB,en-US;q=0.9,en;q=0.8
Authorization: Bearer 815e361d8a5780e1a7b0bd7a36640e8147edee637ceda63c22f61a4d0a1c9604
Referer: http://127.0.0.1:4173/admin/
Sec-Ch-Ua: "Chromium";v="142", "Google Chrome";v="142", "Not_A Brand";v="99"
Sec-Ch-Ua-Mobile: ?0
Sec-Ch-Ua-Platform: "macOS"
Sec-Fetch-Dest: empty
Sec-Fetch-Mode: cors
Sec-Fetch-Site: same-origin
User-Agent: Mozilla/5.0 (Macintosh; Intel Mac OS X 10_15_7) AppleWebKit/537.36 (KHTML, like Gecko) Chrome/142.0.0.0 Safari/537.36
X-Forwarded-For: 127.0.0.1


2025/11/21 16:44:13 ---- Response for GET /api/admin/monitor/youtube (401 Unauthorized) ----
unauthorized

2025/11/21 17:18:09 ---- Incoming request from 127.0.0.1:53212 ----
POST /alerts HTTP/1.1
Host: sharpen.live
Accept: */*
Accept-Encoding: gzip, deflate, br
Cache-Control: no-cache,max-age=0
Content-Length: 885
Content-Type: application/atom+xml
From: googlebot(at)googlebot.com
Link: <https://www.youtube.com/xml/feeds/videos.xml?channel_id=UCPWknjnQNOwSD15nNh4rhLg>; rel=self, <http://pubsubhubbub.appspot.com/>; rel=hub
Pragma: no-cache
User-Agent: FeedFetcher-Google; (+http://www.google.com/feedfetcher.html)
Via: 1.1 Caddy
X-Forwarded-For: 74.125.215.71
X-Forwarded-Host: sharpen.live
X-Forwarded-Proto: https
X-Hub-Signature: sha1=63773ad3457ef209f062b807d6147029727b40c7
X-Request-Id: {http.request.id}

<?xml version='1.0' encoding='UTF-8'?>
<feed xmlns:yt="http://www.youtube.com/xml/schemas/2015" xmlns="http://www.w3.org/2005/Atom"><link rel="hub" href="https://pubsubhubbub.appspot.com"/><link rel="self" href="https://www.youtube.com/xml/feeds/videos.xml?channel_id=UCPWknjnQNOwSD15nNh4rhLg"/><title>YouTube video feed</title><updated>2025-11-21T06:18:07.409187131+00:00</updated><entry>
  <id>yt:video:jM2X1bAOxHE</id>
  <yt:videoId>jM2X1bAOxHE</yt:videoId>
  <yt:channelId>UCPWknjnQNOwSD15nNh4rhLg</yt:channelId>
  <title>Boot Wars : A New Boot</title>
  <link rel="alternate" href="https://www.youtube.com/watch?v=jM2X1bAOxHE"/>
  <author>
   <name>Computer Booter</name>
   <uri>https://www.youtube.com/channel/UCPWknjnQNOwSD15nNh4rhLg</uri>
  </author>
  <published>2025-11-20T20:45:26+00:00</published>
  <updated>2025-11-21T06:18:07.409187131+00:00</updated>
 </entry></feed>

2025/11/21 17:18:09 Fetching live metadata for 1 video(s): jM2X1bAOxHE

2025/11/21 17:18:09 Requesting watch page for jM2X1bAOxHE: https://www.youtube.com/watch?v=jM2X1bAOxHE

2025/11/21 17:18:10 Fetched metadata for jM2X1bAOxHE: channel=UCPWknjnQNOwSD15nNh4rhLg title="Boot Wars : A New Boot" live=true start=2025-11-20 20:45:38 +0000 +0000

2025/11/21 17:18:10 Processed alert notification for 1 video(s); no live streams detected

2025/11/21 17:18:10 ---- Response for POST /alerts (204 No Content) ----

2025/11/21 17:29:10 ---- Incoming request from 127.0.0.1:56474 ----
GET /api/admin/submissions HTTP/1.1
Host: 127.0.0.1:8880
Accept: */*
Accept-Encoding: gzip, deflate, br, zstd
Accept-Language: en-GB,en-US;q=0.9,en;q=0.8
Authorization: Bearer 815e361d8a5780e1a7b0bd7a36640e8147edee637ceda63c22f61a4d0a1c9604
Referer: http://127.0.0.1:4173/admin/
Sec-Ch-Ua: "Chromium";v="142", "Google Chrome";v="142", "Not_A Brand";v="99"
Sec-Ch-Ua-Mobile: ?0
Sec-Ch-Ua-Platform: "macOS"
Sec-Fetch-Dest: empty
Sec-Fetch-Mode: cors
Sec-Fetch-Site: same-origin
User-Agent: Mozilla/5.0 (Macintosh; Intel Mac OS X 10_15_7) AppleWebKit/537.36 (KHTML, like Gecko) Chrome/142.0.0.0 Safari/537.36
X-Forwarded-For: 127.0.0.1


2025/11/21 17:29:10 ---- Response for GET /api/admin/submissions (401 Unauthorized) ----
unauthorized

2025/11/21 17:29:10 ---- Incoming request from 127.0.0.1:56474 ----
GET /api/streamers HTTP/1.1
Host: 127.0.0.1:8880
Accept: */*
Accept-Encoding: gzip, deflate, br, zstd
Accept-Language: en-GB,en-US;q=0.9,en;q=0.8
Referer: http://127.0.0.1:4173/admin/
Sec-Ch-Ua: "Chromium";v="142", "Google Chrome";v="142", "Not_A Brand";v="99"
Sec-Ch-Ua-Mobile: ?0
Sec-Ch-Ua-Platform: "macOS"
Sec-Fetch-Dest: empty
Sec-Fetch-Mode: cors
Sec-Fetch-Site: same-origin
User-Agent: Mozilla/5.0 (Macintosh; Intel Mac OS X 10_15_7) AppleWebKit/537.36 (KHTML, like Gecko) Chrome/142.0.0.0 Safari/537.36
X-Forwarded-For: 127.0.0.1


2025/11/21 17:29:10 ---- Response for GET /api/streamers (200 OK) ----
{"streamers":[{"streamer":{"id":"395848a32c2c47c2a231c1b59f2b93d4","alias":"JonSiiN","description":"Hello everyone Welcome to the official JRK Knives channel. Knives have been used since prehistoric times for a plethora of activities from weapons and tools ...","firstName":"","lastName":"","email":"","languages":["English"]},"platforms":{"youtube":{"handle":"@JRKKnives","channelId":"UCbT1jA8RTEHk7y6rn2vHNGw","hubSecret":"9C_7M8CuW959d3PFQ6fZ-FRaj3yzSvel","hubLeaseDate":"2025-11-18T08:56:59Z","topic":"https://www.youtube.com/xml/feeds/videos.xml?channel_id=UCbT1jA8RTEHk7y6rn2vHNGw","callbackUrl":"https://sharpen.live/dev/alerts","hubUrl":"https://pubsubhubbub.appspot.com/subscribe","verifyMode":"async","leaseSeconds":864000}},"status":{"live":true,"platforms":["youtube"],"youtube":{"live":true,"videoId":"t7cM1OEszLc","startedAt":"2025-11-19T13:04:57Z"}},"createdAt":"2025-11-18T08:56:57.714492Z","updatedAt":"2025-11-20T05:39:41.85389Z"},{"streamer":{"id":"4b8e82c4a16e49e58c1ac2993e7f85e0","alias":"Attorney Melanie Little","description":"Melanie Little is a New York lawyer with over 30 years experience as a trial attorney and litigator in state and federal courts, who is now a legal analyst a...","firstName":"","lastName":"","email":"","languages":["English"]},"platforms":{"youtube":{"handle":"@AttorneyMelanieLittle","channelId":"UCFSlI8Y3Zdoq5buNW_40AAA","hubSecret":"nlXDE9expkcuWHJ4vXXe3UOjfDRYwRvy","hubLeaseDate":"2025-11-18T10:07:14Z","topic":"https://www.youtube.com/xml/feeds/videos.xml?channel_id=UCFSlI8Y3Zdoq5buNW_40AAA","callbackUrl":"https://sharpen.live/dev/alerts","hubUrl":"https://pubsubhubbub.appspot.com/subscribe","verifyMode":"async","leaseSeconds":864000}},"status":{"live":true,"platforms":["youtube"],"youtube":{"live":true,"videoId":"1bVyYYSUjao","startedAt":"2025-11-20T21:17:11Z"}},"createdAt":"2025-11-18T10:07:12.769107Z","updatedAt":"2025-11-21T04:55:47.109756Z"},{"streamer":{"id":"816a93baffdc4102a959dc0875d74657","alias":"Arnaldo Mangini","description":"Arnaldo Mangini, comico, clown, fantasista","firstName":"","lastName":"","email":"","languages":["English","Italian"]},"platforms":{"youtube":{"handle":"@arnaldomangini","channelId":"UCoW3NnFgnDATwU9eUOswisg","hubSecret":"wSduM3o6zSJNs8LvdpuoADBL0b7g4mlT","hubLeaseDate":"2025-11-18T17:22:55Z","topic":"https://www.youtube.com/xml/feeds/videos.xml?channel_id=UCoW3NnFgnDATwU9eUOswisg","callbackUrl":"https://sharpen.live/dev/alerts","hubUrl":"https://pubsubhubbub.appspot.com/subscribe","verifyMode":"async","leaseSeconds":864000}},"status":{"live":true,"platforms":["youtube"],"youtube":{"live":true,"videoId":"mPrHtYSlL8w","startedAt":"2025-11-20T20:14:26Z"}},"createdAt":"2025-11-18T17:22:53.507193Z","updatedAt":"2025-11-20T23:14:47.66419Z"}]}

2025/11/21 17:29:10 ---- Incoming request from 127.0.0.1:56474 ----
GET /api/admin/settings HTTP/1.1
Host: 127.0.0.1:8880
Accept: */*
Accept-Encoding: gzip, deflate, br, zstd
Accept-Language: en-GB,en-US;q=0.9,en;q=0.8
Authorization: Bearer 815e361d8a5780e1a7b0bd7a36640e8147edee637ceda63c22f61a4d0a1c9604
Referer: http://127.0.0.1:4173/admin/
Sec-Ch-Ua: "Chromium";v="142", "Google Chrome";v="142", "Not_A Brand";v="99"
Sec-Ch-Ua-Mobile: ?0
Sec-Ch-Ua-Platform: "macOS"
Sec-Fetch-Dest: empty
Sec-Fetch-Mode: cors
Sec-Fetch-Site: same-origin
User-Agent: Mozilla/5.0 (Macintosh; Intel Mac OS X 10_15_7) AppleWebKit/537.36 (KHTML, like Gecko) Chrome/142.0.0.0 Safari/537.36
X-Forwarded-For: 127.0.0.1


2025/11/21 17:29:10 ---- Response for GET /api/admin/settings (404 Not Found) ----
404 page not found

2025/11/21 17:29:10 ---- Incoming request from 127.0.0.1:56474 ----
GET /api/admin/monitor/youtube HTTP/1.1
Host: 127.0.0.1:8880
Accept: */*
Accept-Encoding: gzip, deflate, br, zstd
Accept-Language: en-GB,en-US;q=0.9,en;q=0.8
Authorization: Bearer 815e361d8a5780e1a7b0bd7a36640e8147edee637ceda63c22f61a4d0a1c9604
Referer: http://127.0.0.1:4173/admin/
Sec-Ch-Ua: "Chromium";v="142", "Google Chrome";v="142", "Not_A Brand";v="99"
Sec-Ch-Ua-Mobile: ?0
Sec-Ch-Ua-Platform: "macOS"
Sec-Fetch-Dest: empty
Sec-Fetch-Mode: cors
Sec-Fetch-Site: same-origin
User-Agent: Mozilla/5.0 (Macintosh; Intel Mac OS X 10_15_7) AppleWebKit/537.36 (KHTML, like Gecko) Chrome/142.0.0.0 Safari/537.36
X-Forwarded-For: 127.0.0.1


2025/11/21 17:29:10 ---- Response for GET /api/admin/monitor/youtube (401 Unauthorized) ----
unauthorized

2025/11/21 17:29:48 ---- Incoming request from 127.0.0.1:56474 ----
GET /api/admin/settings HTTP/1.1
Host: 127.0.0.1:8880
Accept-Encoding: gzip
Authorization: Bearer 815e361d8a5780e1a7b0bd7a36640e8147edee637ceda63c22f61a4d0a1c9604
User-Agent: Go-http-client/1.1


2025/11/21 17:29:48 ---- Response for GET /api/admin/settings (404 Not Found) ----
404 page not found

2025/11/21 17:29:48 ---- Incoming request from 127.0.0.1:56675 ----
GET /api/admin/submissions HTTP/1.1
Host: 127.0.0.1:8880
Accept-Encoding: gzip
Authorization: Bearer 815e361d8a5780e1a7b0bd7a36640e8147edee637ceda63c22f61a4d0a1c9604
User-Agent: Go-http-client/1.1


2025/11/21 17:29:48 ---- Response for GET /api/admin/submissions (401 Unauthorized) ----
unauthorized

2025/11/21 17:29:51 ---- Incoming request from 127.0.0.1:56689 ----
GET /api/admin/settings HTTP/1.1
Host: 127.0.0.1:8880
Accept-Encoding: gzip
Authorization: Bearer 815e361d8a5780e1a7b0bd7a36640e8147edee637ceda63c22f61a4d0a1c9604
User-Agent: Go-http-client/1.1


2025/11/21 17:29:51 ---- Response for GET /api/admin/settings (404 Not Found) ----
404 page not found

2025/11/21 17:29:51 ---- Incoming request from 127.0.0.1:56690 ----
GET /api/admin/submissions HTTP/1.1
Host: 127.0.0.1:8880
Accept-Encoding: gzip
Authorization: Bearer 815e361d8a5780e1a7b0bd7a36640e8147edee637ceda63c22f61a4d0a1c9604
User-Agent: Go-http-client/1.1


2025/11/21 17:29:51 ---- Response for GET /api/admin/submissions (401 Unauthorized) ----
unauthorized

2025/11/21 17:29:52 ---- Incoming request from 127.0.0.1:56697 ----
GET /api/admin/settings HTTP/1.1
Host: 127.0.0.1:8880
Accept-Encoding: gzip
Authorization: Bearer 815e361d8a5780e1a7b0bd7a36640e8147edee637ceda63c22f61a4d0a1c9604
User-Agent: Go-http-client/1.1


2025/11/21 17:29:52 ---- Response for GET /api/admin/settings (404 Not Found) ----
404 page not found

2025/11/21 17:29:52 ---- Incoming request from 127.0.0.1:56698 ----
GET /api/admin/submissions HTTP/1.1
Host: 127.0.0.1:8880
Accept-Encoding: gzip
Authorization: Bearer 815e361d8a5780e1a7b0bd7a36640e8147edee637ceda63c22f61a4d0a1c9604
User-Agent: Go-http-client/1.1


2025/11/21 17:29:52 ---- Response for GET /api/admin/submissions (401 Unauthorized) ----
unauthorized

2025/11/21 17:29:52 ---- Incoming request from 127.0.0.1:56699 ----
GET /api/admin/settings HTTP/1.1
Host: 127.0.0.1:8880
Accept-Encoding: gzip
Authorization: Bearer 815e361d8a5780e1a7b0bd7a36640e8147edee637ceda63c22f61a4d0a1c9604
User-Agent: Go-http-client/1.1


2025/11/21 17:29:52 ---- Response for GET /api/admin/settings (404 Not Found) ----
404 page not found

2025/11/21 17:29:52 ---- Incoming request from 127.0.0.1:56700 ----
GET /api/admin/submissions HTTP/1.1
Host: 127.0.0.1:8880
Accept-Encoding: gzip
Authorization: Bearer 815e361d8a5780e1a7b0bd7a36640e8147edee637ceda63c22f61a4d0a1c9604
User-Agent: Go-http-client/1.1


2025/11/21 17:29:52 ---- Response for GET /api/admin/submissions (401 Unauthorized) ----
unauthorized

2025/11/21 17:29:53 ---- Incoming request from 127.0.0.1:56705 ----
GET /api/admin/settings HTTP/1.1
Host: 127.0.0.1:8880
Accept-Encoding: gzip
Authorization: Bearer 815e361d8a5780e1a7b0bd7a36640e8147edee637ceda63c22f61a4d0a1c9604
User-Agent: Go-http-client/1.1


2025/11/21 17:29:53 ---- Response for GET /api/admin/settings (404 Not Found) ----
404 page not found

2025/11/21 17:29:53 ---- Incoming request from 127.0.0.1:56706 ----
GET /api/admin/submissions HTTP/1.1
Host: 127.0.0.1:8880
Accept-Encoding: gzip
Authorization: Bearer 815e361d8a5780e1a7b0bd7a36640e8147edee637ceda63c22f61a4d0a1c9604
User-Agent: Go-http-client/1.1


2025/11/21 17:29:53 ---- Response for GET /api/admin/submissions (401 Unauthorized) ----
unauthorized

2025/11/21 17:29:53 ---- Incoming request from 127.0.0.1:56707 ----
GET /api/admin/settings HTTP/1.1
Host: 127.0.0.1:8880
Accept-Encoding: gzip
Authorization: Bearer 815e361d8a5780e1a7b0bd7a36640e8147edee637ceda63c22f61a4d0a1c9604
User-Agent: Go-http-client/1.1


2025/11/21 17:29:53 ---- Response for GET /api/admin/settings (404 Not Found) ----
404 page not found

2025/11/21 17:29:53 ---- Incoming request from 127.0.0.1:56708 ----
GET /api/admin/submissions HTTP/1.1
Host: 127.0.0.1:8880
Accept-Encoding: gzip
Authorization: Bearer 815e361d8a5780e1a7b0bd7a36640e8147edee637ceda63c22f61a4d0a1c9604
User-Agent: Go-http-client/1.1


2025/11/21 17:29:53 ---- Response for GET /api/admin/submissions (401 Unauthorized) ----
unauthorized

2025/11/21 17:29:53 ---- Incoming request from 127.0.0.1:56709 ----
GET /api/admin/settings HTTP/1.1
Host: 127.0.0.1:8880
Accept-Encoding: gzip
Authorization: Bearer 815e361d8a5780e1a7b0bd7a36640e8147edee637ceda63c22f61a4d0a1c9604
User-Agent: Go-http-client/1.1


2025/11/21 17:29:53 ---- Response for GET /api/admin/settings (404 Not Found) ----
404 page not found

2025/11/21 17:29:53 ---- Incoming request from 127.0.0.1:56710 ----
GET /api/admin/submissions HTTP/1.1
Host: 127.0.0.1:8880
Accept-Encoding: gzip
Authorization: Bearer 815e361d8a5780e1a7b0bd7a36640e8147edee637ceda63c22f61a4d0a1c9604
User-Agent: Go-http-client/1.1


2025/11/21 17:29:53 ---- Response for GET /api/admin/submissions (401 Unauthorized) ----
unauthorized

2025/11/21 17:29:53 ---- Incoming request from 127.0.0.1:56712 ----
GET /api/admin/settings HTTP/1.1
Host: 127.0.0.1:8880
Accept-Encoding: gzip
Authorization: Bearer 815e361d8a5780e1a7b0bd7a36640e8147edee637ceda63c22f61a4d0a1c9604
User-Agent: Go-http-client/1.1


2025/11/21 17:29:53 ---- Response for GET /api/admin/settings (404 Not Found) ----
404 page not found

2025/11/21 17:29:53 ---- Incoming request from 127.0.0.1:56713 ----
GET /api/admin/submissions HTTP/1.1
Host: 127.0.0.1:8880
Accept-Encoding: gzip
Authorization: Bearer 815e361d8a5780e1a7b0bd7a36640e8147edee637ceda63c22f61a4d0a1c9604
User-Agent: Go-http-client/1.1


2025/11/21 17:29:53 ---- Response for GET /api/admin/submissions (401 Unauthorized) ----
unauthorized

2025/11/21 17:29:54 ---- Incoming request from 127.0.0.1:56718 ----
GET /api/admin/settings HTTP/1.1
Host: 127.0.0.1:8880
Accept-Encoding: gzip
Authorization: Bearer 815e361d8a5780e1a7b0bd7a36640e8147edee637ceda63c22f61a4d0a1c9604
User-Agent: Go-http-client/1.1


2025/11/21 17:29:54 ---- Response for GET /api/admin/settings (404 Not Found) ----
404 page not found

2025/11/21 17:29:54 ---- Incoming request from 127.0.0.1:56719 ----
GET /api/admin/submissions HTTP/1.1
Host: 127.0.0.1:8880
Accept-Encoding: gzip
Authorization: Bearer 815e361d8a5780e1a7b0bd7a36640e8147edee637ceda63c22f61a4d0a1c9604
User-Agent: Go-http-client/1.1


2025/11/21 17:29:54 ---- Response for GET /api/admin/submissions (401 Unauthorized) ----
unauthorized

2025/11/21 17:29:54 ---- Incoming request from 127.0.0.1:56720 ----
GET /api/admin/settings HTTP/1.1
Host: 127.0.0.1:8880
Accept-Encoding: gzip
Authorization: Bearer 815e361d8a5780e1a7b0bd7a36640e8147edee637ceda63c22f61a4d0a1c9604
User-Agent: Go-http-client/1.1


2025/11/21 17:29:54 ---- Response for GET /api/admin/settings (404 Not Found) ----
404 page not found

2025/11/21 17:29:54 ---- Incoming request from 127.0.0.1:56721 ----
GET /api/admin/submissions HTTP/1.1
Host: 127.0.0.1:8880
Accept-Encoding: gzip
Authorization: Bearer 815e361d8a5780e1a7b0bd7a36640e8147edee637ceda63c22f61a4d0a1c9604
User-Agent: Go-http-client/1.1


2025/11/21 17:29:54 ---- Response for GET /api/admin/submissions (401 Unauthorized) ----
unauthorized

2025/11/21 17:29:54 ---- Incoming request from 127.0.0.1:56722 ----
GET /api/admin/settings HTTP/1.1
Host: 127.0.0.1:8880
Accept-Encoding: gzip
Authorization: Bearer 815e361d8a5780e1a7b0bd7a36640e8147edee637ceda63c22f61a4d0a1c9604
User-Agent: Go-http-client/1.1


2025/11/21 17:29:54 ---- Response for GET /api/admin/settings (404 Not Found) ----
404 page not found

2025/11/21 17:29:54 ---- Incoming request from 127.0.0.1:56723 ----
GET /api/admin/submissions HTTP/1.1
Host: 127.0.0.1:8880
Accept-Encoding: gzip
Authorization: Bearer 815e361d8a5780e1a7b0bd7a36640e8147edee637ceda63c22f61a4d0a1c9604
User-Agent: Go-http-client/1.1


2025/11/21 17:29:54 ---- Response for GET /api/admin/submissions (401 Unauthorized) ----
unauthorized

2025/11/21 17:29:54 ---- Incoming request from 127.0.0.1:56724 ----
GET /api/admin/settings HTTP/1.1
Host: 127.0.0.1:8880
Accept-Encoding: gzip
Authorization: Bearer 815e361d8a5780e1a7b0bd7a36640e8147edee637ceda63c22f61a4d0a1c9604
User-Agent: Go-http-client/1.1


2025/11/21 17:29:54 ---- Response for GET /api/admin/settings (404 Not Found) ----
404 page not found

2025/11/21 17:29:54 ---- Incoming request from 127.0.0.1:56725 ----
GET /api/admin/submissions HTTP/1.1
Host: 127.0.0.1:8880
Accept-Encoding: gzip
Authorization: Bearer 815e361d8a5780e1a7b0bd7a36640e8147edee637ceda63c22f61a4d0a1c9604
User-Agent: Go-http-client/1.1


2025/11/21 17:29:54 ---- Response for GET /api/admin/submissions (401 Unauthorized) ----
unauthorized

2025/11/21 17:29:54 ---- Incoming request from 127.0.0.1:56726 ----
GET /api/admin/settings HTTP/1.1
Host: 127.0.0.1:8880
Accept-Encoding: gzip
Authorization: Bearer 815e361d8a5780e1a7b0bd7a36640e8147edee637ceda63c22f61a4d0a1c9604
User-Agent: Go-http-client/1.1


2025/11/21 17:29:54 ---- Response for GET /api/admin/settings (404 Not Found) ----
404 page not found

2025/11/21 17:29:54 ---- Incoming request from 127.0.0.1:56727 ----
GET /api/admin/submissions HTTP/1.1
Host: 127.0.0.1:8880
Accept-Encoding: gzip
Authorization: Bearer 815e361d8a5780e1a7b0bd7a36640e8147edee637ceda63c22f61a4d0a1c9604
User-Agent: Go-http-client/1.1


2025/11/21 17:29:54 ---- Response for GET /api/admin/submissions (401 Unauthorized) ----
unauthorized

2025/11/21 17:30:01 ---- Incoming request from 127.0.0.1:56764 ----
GET /api/admin/monitor/youtube HTTP/1.1
Host: 127.0.0.1:8880
Accept: */*
Accept-Encoding: gzip, deflate, br, zstd
Accept-Language: en-GB,en-US;q=0.9,en;q=0.8
Authorization: Bearer 815e361d8a5780e1a7b0bd7a36640e8147edee637ceda63c22f61a4d0a1c9604
Referer: http://127.0.0.1:4173/admin/
Sec-Ch-Ua: "Chromium";v="142", "Google Chrome";v="142", "Not_A Brand";v="99"
Sec-Ch-Ua-Mobile: ?0
Sec-Ch-Ua-Platform: "macOS"
Sec-Fetch-Dest: empty
Sec-Fetch-Mode: cors
Sec-Fetch-Site: same-origin
User-Agent: Mozilla/5.0 (Macintosh; Intel Mac OS X 10_15_7) AppleWebKit/537.36 (KHTML, like Gecko) Chrome/142.0.0.0 Safari/537.36
X-Forwarded-For: 127.0.0.1


2025/11/21 17:30:01 ---- Response for GET /api/admin/monitor/youtube (401 Unauthorized) ----
unauthorized

2025/11/21 17:30:02 ---- Incoming request from 127.0.0.1:56764 ----
GET /api/admin/monitor/youtube HTTP/1.1
Host: 127.0.0.1:8880
Accept: */*
Accept-Encoding: gzip, deflate, br, zstd
Accept-Language: en-GB,en-US;q=0.9,en;q=0.8
Authorization: Bearer 815e361d8a5780e1a7b0bd7a36640e8147edee637ceda63c22f61a4d0a1c9604
Referer: http://127.0.0.1:4173/admin/
Sec-Ch-Ua: "Chromium";v="142", "Google Chrome";v="142", "Not_A Brand";v="99"
Sec-Ch-Ua-Mobile: ?0
Sec-Ch-Ua-Platform: "macOS"
Sec-Fetch-Dest: empty
Sec-Fetch-Mode: cors
Sec-Fetch-Site: same-origin
User-Agent: Mozilla/5.0 (Macintosh; Intel Mac OS X 10_15_7) AppleWebKit/537.36 (KHTML, like Gecko) Chrome/142.0.0.0 Safari/537.36
X-Forwarded-For: 127.0.0.1


2025/11/21 17:30:02 ---- Response for GET /api/admin/monitor/youtube (401 Unauthorized) ----
unauthorized

2025/11/21 17:30:02 ---- Incoming request from 127.0.0.1:56764 ----
GET /api/admin/monitor/youtube HTTP/1.1
Host: 127.0.0.1:8880
Accept: */*
Accept-Encoding: gzip, deflate, br, zstd
Accept-Language: en-GB,en-US;q=0.9,en;q=0.8
Authorization: Bearer 815e361d8a5780e1a7b0bd7a36640e8147edee637ceda63c22f61a4d0a1c9604
Referer: http://127.0.0.1:4173/admin/
Sec-Ch-Ua: "Chromium";v="142", "Google Chrome";v="142", "Not_A Brand";v="99"
Sec-Ch-Ua-Mobile: ?0
Sec-Ch-Ua-Platform: "macOS"
Sec-Fetch-Dest: empty
Sec-Fetch-Mode: cors
Sec-Fetch-Site: same-origin
User-Agent: Mozilla/5.0 (Macintosh; Intel Mac OS X 10_15_7) AppleWebKit/537.36 (KHTML, like Gecko) Chrome/142.0.0.0 Safari/537.36
X-Forwarded-For: 127.0.0.1


2025/11/21 17:30:02 ---- Response for GET /api/admin/monitor/youtube (401 Unauthorized) ----
unauthorized

2025/11/21 17:31:29 ---- Incoming request from 127.0.0.1:57261 ----
POST /alerts HTTP/1.1
Host: sharpen.live
Accept: */*
Accept-Encoding: gzip, deflate, br
Cache-Control: no-cache,max-age=0
Content-Length: 914
Content-Type: application/atom+xml
From: googlebot(at)googlebot.com
Link: <https://www.youtube.com/xml/feeds/videos.xml?channel_id=UCFSlI8Y3Zdoq5buNW_40AAA>; rel=self, <http://pubsubhubbub.appspot.com/>; rel=hub
Pragma: no-cache
User-Agent: FeedFetcher-Google; (+http://www.google.com/feedfetcher.html)
Via: 1.1 Caddy
X-Forwarded-For: 142.250.32.1
X-Forwarded-Host: sharpen.live
X-Forwarded-Proto: https
X-Hub-Signature: sha1=f032e65549bc30d0d414641d023554c9ba7cbec1
X-Request-Id: {http.request.id}

<?xml version='1.0' encoding='UTF-8'?>
<feed xmlns:yt="http://www.youtube.com/xml/schemas/2015" xmlns="http://www.w3.org/2005/Atom"><link rel="hub" href="https://pubsubhubbub.appspot.com"/><link rel="self" href="https://www.youtube.com/xml/feeds/videos.xml?channel_id=UCFSlI8Y3Zdoq5buNW_40AAA"/><title>YouTube video feed</title><updated>2025-11-20T23:30:55.557651813+00:00</updated><entry>
  <id>yt:video:1bVyYYSUjao</id>
  <yt:videoId>1bVyYYSUjao</yt:videoId>
  <yt:channelId>UCFSlI8Y3Zdoq5buNW_40AAA</yt:channelId>
  <title>LIVE: The Sidebars are Coming...&amp; More!</title>
  <link rel="alternate" href="https://www.youtube.com/watch?v=1bVyYYSUjao"/>
  <author>
   <name>Attorney Melanie Little</name>
   <uri>https://www.youtube.com/channel/UCFSlI8Y3Zdoq5buNW_40AAA</uri>
  </author>
  <published>2025-11-20T20:05:18+00:00</published>
  <updated>2025-11-20T23:30:55.557651813+00:00</updated>
 </entry></feed>

2025/11/21 17:31:29 Fetching live metadata for 1 video(s): 1bVyYYSUjao

2025/11/21 17:31:29 Requesting watch page for 1bVyYYSUjao: https://www.youtube.com/watch?v=1bVyYYSUjao

2025/11/21 17:31:31 Fetched metadata for 1bVyYYSUjao: channel=UCFSlI8Y3Zdoq5buNW_40AAA title="The Sidebars are Coming & Deft in 1986 Salem M*rder says 2 Cops were Never Investigated" live=true start=2025-11-20 21:17:11 +0000 +0000

2025/11/21 17:31:31 Processed alert notification (1 entries); live streams=1 videos=1bVyYYSUjao

2025/11/21 17:31:31 ---- Response for POST /alerts (204 No Content) ----

2025/11/21 17:36:36 ---- Incoming request from 127.0.0.1:58799 ----
POST /alerts HTTP/1.1
Host: sharpen.live
Accept: */*
Accept-Encoding: gzip, deflate, br
Cache-Control: no-cache,max-age=0
Content-Length: 914
Content-Type: application/atom+xml
From: googlebot(at)googlebot.com
Link: <https://www.youtube.com/xml/feeds/videos.xml?channel_id=UCFSlI8Y3Zdoq5buNW_40AAA>; rel=self, <http://pubsubhubbub.appspot.com/>; rel=hub
Pragma: no-cache
User-Agent: FeedFetcher-Google; (+http://www.google.com/feedfetcher.html)
Via: 1.1 Caddy
X-Forwarded-For: 74.125.209.33
X-Forwarded-Host: sharpen.live
X-Forwarded-Proto: https
X-Hub-Signature: sha1=ae191337d67a1776ee16af16294c20d240fb6beb
X-Request-Id: {http.request.id}

<?xml version='1.0' encoding='UTF-8'?>
<feed xmlns:yt="http://www.youtube.com/xml/schemas/2015" xmlns="http://www.w3.org/2005/Atom"><link rel="hub" href="https://pubsubhubbub.appspot.com"/><link rel="self" href="https://www.youtube.com/xml/feeds/videos.xml?channel_id=UCFSlI8Y3Zdoq5buNW_40AAA"/><title>YouTube video feed</title><updated>2025-11-20T23:36:04.932730144+00:00</updated><entry>
  <id>yt:video:1bVyYYSUjao</id>
  <yt:videoId>1bVyYYSUjao</yt:videoId>
  <yt:channelId>UCFSlI8Y3Zdoq5buNW_40AAA</yt:channelId>
  <title>LIVE: The Sidebars are Coming...&amp; More!</title>
  <link rel="alternate" href="https://www.youtube.com/watch?v=1bVyYYSUjao"/>
  <author>
   <name>Attorney Melanie Little</name>
   <uri>https://www.youtube.com/channel/UCFSlI8Y3Zdoq5buNW_40AAA</uri>
  </author>
  <published>2025-11-20T23:36:02+00:00</published>
  <updated>2025-11-20T23:36:04.932730144+00:00</updated>
 </entry></feed>

2025/11/21 17:36:36 Fetching live metadata for 1 video(s): 1bVyYYSUjao

2025/11/21 17:36:36 Requesting watch page for 1bVyYYSUjao: https://www.youtube.com/watch?v=1bVyYYSUjao

2025/11/21 17:36:37 Fetched metadata for 1bVyYYSUjao: channel=UCFSlI8Y3Zdoq5buNW_40AAA title="The Sidebars are Coming & Deft in 1986 Salem M*rder says 2 Cops were Never Investigated" live=true start=2025-11-20 21:17:11 +0000 +0000

2025/11/21 17:36:37 Processed alert notification (1 entries); live streams=1 videos=1bVyYYSUjao

2025/11/21 17:36:37 ---- Response for POST /alerts (204 No Content) ----

2025/11/21 17:43:08 ---- Incoming request from 127.0.0.1:60753 ----
POST /alerts HTTP/1.1
Host: sharpen.live
Accept: */*
Accept-Encoding: gzip, deflate, br
Cache-Control: no-cache,max-age=0
Content-Length: 885
Content-Type: application/atom+xml
From: googlebot(at)googlebot.com
Link: <https://www.youtube.com/xml/feeds/videos.xml?channel_id=UCPWknjnQNOwSD15nNh4rhLg>; rel=self, <http://pubsubhubbub.appspot.com/>; rel=hub
Pragma: no-cache
User-Agent: FeedFetcher-Google; (+http://www.google.com/feedfetcher.html)
Via: 1.1 Caddy
X-Forwarded-For: 74.125.215.70
X-Forwarded-Host: sharpen.live
X-Forwarded-Proto: https
X-Hub-Signature: sha1=4e4599131818ece0c69e54ccddceaccf0b4a7fdd
X-Request-Id: {http.request.id}

<?xml version='1.0' encoding='UTF-8'?>
<feed xmlns:yt="http://www.youtube.com/xml/schemas/2015" xmlns="http://www.w3.org/2005/Atom"><link rel="hub" href="https://pubsubhubbub.appspot.com"/><link rel="self" href="https://www.youtube.com/xml/feeds/videos.xml?channel_id=UCPWknjnQNOwSD15nNh4rhLg"/><title>YouTube video feed</title><updated>2025-11-21T06:43:07.431164437+00:00</updated><entry>
  <id>yt:video:jM2X1bAOxHE</id>
  <yt:videoId>jM2X1bAOxHE</yt:videoId>
  <yt:channelId>UCPWknjnQNOwSD15nNh4rhLg</yt:channelId>
  <title>Boot Wars : A New Boot</title>
  <link rel="alternate" href="https://www.youtube.com/watch?v=jM2X1bAOxHE"/>
  <author>
   <name>Computer Booter</name>
   <uri>https://www.youtube.com/channel/UCPWknjnQNOwSD15nNh4rhLg</uri>
  </author>
  <published>2025-11-21T06:43:04+00:00</published>
  <updated>2025-11-21T06:43:07.431164437+00:00</updated>
 </entry></feed>

2025/11/21 17:43:08 Fetching live metadata for 1 video(s): jM2X1bAOxHE

2025/11/21 17:43:08 Requesting watch page for jM2X1bAOxHE: https://www.youtube.com/watch?v=jM2X1bAOxHE

2025/11/21 17:43:09 Fetched metadata for jM2X1bAOxHE: channel=UCPWknjnQNOwSD15nNh4rhLg title="Boot Wars : A New Boot" live=true start=2025-11-20 20:45:38 +0000 +0000

2025/11/21 17:43:09 Processed alert notification for 1 video(s); no live streams detected

2025/11/21 17:43:09 ---- Response for POST /alerts (204 No Content) ----

2025/11/21 17:48:45 ---- Incoming request from 127.0.0.1:62374 ----
GET /api/admin/settings HTTP/1.1
Host: 127.0.0.1:8880
Accept-Encoding: gzip
Authorization: Bearer 815e361d8a5780e1a7b0bd7a36640e8147edee637ceda63c22f61a4d0a1c9604
User-Agent: Go-http-client/1.1


2025/11/21 17:48:45 ---- Response for GET /api/admin/settings (404 Not Found) ----
404 page not found

2025/11/21 17:48:45 ---- Incoming request from 127.0.0.1:62375 ----
GET /api/admin/submissions HTTP/1.1
Host: 127.0.0.1:8880
Accept-Encoding: gzip
Authorization: Bearer 815e361d8a5780e1a7b0bd7a36640e8147edee637ceda63c22f61a4d0a1c9604
User-Agent: Go-http-client/1.1


2025/11/21 17:48:45 ---- Response for GET /api/admin/submissions (401 Unauthorized) ----
unauthorized

2025/11/21 17:48:47 ---- Incoming request from 127.0.0.1:62381 ----
GET /api/admin/monitor/youtube HTTP/1.1
Host: 127.0.0.1:8880
Accept: */*
Accept-Encoding: gzip, deflate, br, zstd
Accept-Language: en-GB,en-US;q=0.9,en;q=0.8
Authorization: Bearer 815e361d8a5780e1a7b0bd7a36640e8147edee637ceda63c22f61a4d0a1c9604
Referer: http://127.0.0.1:4173/admin/
Sec-Ch-Ua: "Chromium";v="142", "Google Chrome";v="142", "Not_A Brand";v="99"
Sec-Ch-Ua-Mobile: ?0
Sec-Ch-Ua-Platform: "macOS"
Sec-Fetch-Dest: empty
Sec-Fetch-Mode: cors
Sec-Fetch-Site: same-origin
User-Agent: Mozilla/5.0 (Macintosh; Intel Mac OS X 10_15_7) AppleWebKit/537.36 (KHTML, like Gecko) Chrome/142.0.0.0 Safari/537.36
X-Forwarded-For: 127.0.0.1


2025/11/21 17:48:47 ---- Response for GET /api/admin/monitor/youtube (401 Unauthorized) ----
unauthorized

2025/11/21 17:49:18 ---- Incoming request from 127.0.0.1:62560 ----
GET /api/admin/settings HTTP/1.1
Host: 127.0.0.1:8880
Accept-Encoding: gzip
Authorization: Bearer f50fc0255591831420542209f5483062e7f1a5a7e6510f4cf33f458fdb73cf0d
User-Agent: Go-http-client/1.1


2025/11/21 17:49:18 ---- Response for GET /api/admin/settings (404 Not Found) ----
404 page not found

2025/11/21 17:49:18 ---- Incoming request from 127.0.0.1:62561 ----
GET /api/admin/submissions HTTP/1.1
Host: 127.0.0.1:8880
Accept-Encoding: gzip
Authorization: Bearer f50fc0255591831420542209f5483062e7f1a5a7e6510f4cf33f458fdb73cf0d
User-Agent: Go-http-client/1.1


2025/11/21 17:49:18 ---- Response for GET /api/admin/submissions (401 Unauthorized) ----
unauthorized

2025/11/21 17:49:31 ---- Incoming request from 127.0.0.1:62623 ----
GET /api/admin/settings HTTP/1.1
Host: 127.0.0.1:8880
Accept-Encoding: gzip
Authorization: Bearer 815e361d8a5780e1a7b0bd7a36640e8147edee637ceda63c22f61a4d0a1c9604
User-Agent: Go-http-client/1.1


2025/11/21 17:49:31 ---- Response for GET /api/admin/settings (404 Not Found) ----
404 page not found

2025/11/21 17:49:31 ---- Incoming request from 127.0.0.1:62624 ----
GET /api/admin/submissions HTTP/1.1
Host: 127.0.0.1:8880
Accept-Encoding: gzip
Authorization: Bearer 815e361d8a5780e1a7b0bd7a36640e8147edee637ceda63c22f61a4d0a1c9604
User-Agent: Go-http-client/1.1


2025/11/21 17:49:31 ---- Response for GET /api/admin/submissions (401 Unauthorized) ----
unauthorized

2025/11/21 17:49:32 ---- Incoming request from 127.0.0.1:62630 ----
GET /api/admin/monitor/youtube HTTP/1.1
Host: 127.0.0.1:8880
Accept: */*
Accept-Encoding: gzip, deflate, br, zstd
Accept-Language: en-GB,en-US;q=0.9,en;q=0.8
Authorization: Bearer 815e361d8a5780e1a7b0bd7a36640e8147edee637ceda63c22f61a4d0a1c9604
Referer: http://127.0.0.1:4173/admin/
Sec-Ch-Ua: "Chromium";v="142", "Google Chrome";v="142", "Not_A Brand";v="99"
Sec-Ch-Ua-Mobile: ?0
Sec-Ch-Ua-Platform: "macOS"
Sec-Fetch-Dest: empty
Sec-Fetch-Mode: cors
Sec-Fetch-Site: same-origin
User-Agent: Mozilla/5.0 (Macintosh; Intel Mac OS X 10_15_7) AppleWebKit/537.36 (KHTML, like Gecko) Chrome/142.0.0.0 Safari/537.36
X-Forwarded-For: 127.0.0.1


2025/11/21 17:49:32 ---- Response for GET /api/admin/monitor/youtube (401 Unauthorized) ----
unauthorized

2025/11/21 17:49:40 ---- Incoming request from 127.0.0.1:62666 ----
POST /alerts HTTP/1.1
Host: sharpen.live
Accept: */*
Accept-Encoding: gzip, deflate, br
Cache-Control: no-cache,max-age=0
Content-Length: 948
Content-Type: application/atom+xml
From: googlebot(at)googlebot.com
Link: <https://www.youtube.com/xml/feeds/videos.xml?channel_id=UCbT1jA8RTEHk7y6rn2vHNGw>; rel=self, <http://pubsubhubbub.appspot.com/>; rel=hub
Pragma: no-cache
User-Agent: FeedFetcher-Google; (+http://www.google.com/feedfetcher.html)
Via: 1.1 Caddy
X-Forwarded-For: 142.250.32.2
X-Forwarded-Host: sharpen.live
X-Forwarded-Proto: https
X-Hub-Signature: sha1=e52d1ff7a59f3d95ff621eb068546951305a8318
X-Request-Id: {http.request.id}

<?xml version='1.0' encoding='UTF-8'?>
<feed xmlns:yt="http://www.youtube.com/xml/schemas/2015" xmlns="http://www.w3.org/2005/Atom"><link rel="hub" href="https://pubsubhubbub.appspot.com"/><link rel="self" href="https://www.youtube.com/xml/feeds/videos.xml?channel_id=UCbT1jA8RTEHk7y6rn2vHNGw"/><title>YouTube video feed</title><updated>2025-11-21T06:49:38.346839041+00:00</updated><entry>
  <id>yt:video:Y5miLbZDYkA</id>
  <yt:videoId>Y5miLbZDYkA</yt:videoId>
  <yt:channelId>UCbT1jA8RTEHk7y6rn2vHNGw</yt:channelId>
  <title>SiiNs Workshop - Let the fun begin, new month new goal, new knives.  Lets make something epic</title>
  <link rel="alternate" href="https://www.youtube.com/watch?v=Y5miLbZDYkA"/>
  <author>
   <name>JonSiiN</name>
   <uri>https://www.youtube.com/channel/UCbT1jA8RTEHk7y6rn2vHNGw</uri>
  </author>
  <published>2025-11-21T06:49:30+00:00</published>
  <updated>2025-11-21T06:49:38.346839041+00:00</updated>
 </entry></feed>

2025/11/21 17:49:40 Fetching live metadata for 1 video(s): Y5miLbZDYkA

2025/11/21 17:49:40 Requesting watch page for Y5miLbZDYkA: https://www.youtube.com/watch?v=Y5miLbZDYkA

2025/11/21 17:49:41 Fetched metadata for Y5miLbZDYkA: channel=UCbT1jA8RTEHk7y6rn2vHNGw title="SiiNs Workshop - Let the fun begin, new month new goal, new knives.  Lets make something epic" live=true start=2025-11-20 13:02:29 +0000 +0000

2025/11/21 17:49:41 Processed alert notification (1 entries); live streams=1 videos=Y5miLbZDYkA

2025/11/21 17:49:41 ---- Response for POST /alerts (204 No Content) ----

2025/11/21 17:49:59 ---- Incoming request from 127.0.0.1:62630 ----
GET /api/admin/submissions HTTP/1.1
Host: 127.0.0.1:8880
Accept: */*
Accept-Encoding: gzip, deflate, br, zstd
Accept-Language: en-GB,en-US;q=0.9,en;q=0.8
Authorization: Bearer 815e361d8a5780e1a7b0bd7a36640e8147edee637ceda63c22f61a4d0a1c9604
Referer: http://127.0.0.1:4173/admin/
Sec-Ch-Ua: "Chromium";v="142", "Google Chrome";v="142", "Not_A Brand";v="99"
Sec-Ch-Ua-Mobile: ?0
Sec-Ch-Ua-Platform: "macOS"
Sec-Fetch-Dest: empty
Sec-Fetch-Mode: cors
Sec-Fetch-Site: same-origin
User-Agent: Mozilla/5.0 (Macintosh; Intel Mac OS X 10_15_7) AppleWebKit/537.36 (KHTML, like Gecko) Chrome/142.0.0.0 Safari/537.36
X-Forwarded-For: 127.0.0.1


2025/11/21 17:49:59 ---- Response for GET /api/admin/submissions (401 Unauthorized) ----
unauthorized

2025/11/21 17:50:00 ---- Incoming request from 127.0.0.1:62630 ----
GET /api/streamers HTTP/1.1
Host: 127.0.0.1:8880
Accept: */*
Accept-Encoding: gzip, deflate, br, zstd
Accept-Language: en-GB,en-US;q=0.9,en;q=0.8
Referer: http://127.0.0.1:4173/admin/
Sec-Ch-Ua: "Chromium";v="142", "Google Chrome";v="142", "Not_A Brand";v="99"
Sec-Ch-Ua-Mobile: ?0
Sec-Ch-Ua-Platform: "macOS"
Sec-Fetch-Dest: empty
Sec-Fetch-Mode: cors
Sec-Fetch-Site: same-origin
User-Agent: Mozilla/5.0 (Macintosh; Intel Mac OS X 10_15_7) AppleWebKit/537.36 (KHTML, like Gecko) Chrome/142.0.0.0 Safari/537.36
X-Forwarded-For: 127.0.0.1


2025/11/21 17:50:00 ---- Response for GET /api/streamers (200 OK) ----
{"streamers":[{"streamer":{"id":"395848a32c2c47c2a231c1b59f2b93d4","alias":"JonSiiN","description":"Hello everyone Welcome to the official JRK Knives channel. Knives have been used since prehistoric times for a plethora of activities from weapons and tools ...","firstName":"","lastName":"","email":"","languages":["English"]},"platforms":{"youtube":{"handle":"@JRKKnives","channelId":"UCbT1jA8RTEHk7y6rn2vHNGw","hubSecret":"9C_7M8CuW959d3PFQ6fZ-FRaj3yzSvel","hubLeaseDate":"2025-11-18T08:56:59Z","topic":"https://www.youtube.com/xml/feeds/videos.xml?channel_id=UCbT1jA8RTEHk7y6rn2vHNGw","callbackUrl":"https://sharpen.live/dev/alerts","hubUrl":"https://pubsubhubbub.appspot.com/subscribe","verifyMode":"async","leaseSeconds":864000}},"status":{"live":true,"platforms":["youtube"],"youtube":{"live":true,"videoId":"Y5miLbZDYkA","startedAt":"2025-11-20T13:02:29Z"}},"createdAt":"2025-11-18T08:56:57.714492Z","updatedAt":"2025-11-21T06:49:41.511912Z"},{"streamer":{"id":"4b8e82c4a16e49e58c1ac2993e7f85e0","alias":"Attorney Melanie Little","description":"Melanie Little is a New York lawyer with over 30 years experience as a trial attorney and litigator in state and federal courts, who is now a legal analyst a...","firstName":"","lastName":"","email":"","languages":["English"]},"platforms":{"youtube":{"handle":"@AttorneyMelanieLittle","channelId":"UCFSlI8Y3Zdoq5buNW_40AAA","hubSecret":"nlXDE9expkcuWHJ4vXXe3UOjfDRYwRvy","hubLeaseDate":"2025-11-18T10:07:14Z","topic":"https://www.youtube.com/xml/feeds/videos.xml?channel_id=UCFSlI8Y3Zdoq5buNW_40AAA","callbackUrl":"https://sharpen.live/dev/alerts","hubUrl":"https://pubsubhubbub.appspot.com/subscribe","verifyMode":"async","leaseSeconds":864000}},"status":{"live":true,"platforms":["youtube"],"youtube":{"live":true,"videoId":"1bVyYYSUjao","startedAt":"2025-11-20T21:17:11Z"}},"createdAt":"2025-11-18T10:07:12.769107Z","updatedAt":"2025-11-21T06:36:37.38836Z"},{"streamer":{"id":"816a93baffdc4102a959dc0875d74657","alias":"Arnaldo Mangini","description":"Arnaldo Mangini, comico, clown, fantasista","firstName":"","lastName":"","email":"","languages":["English","Italian"]},"platforms":{"youtube":{"handle":"@arnaldomangini","channelId":"UCoW3NnFgnDATwU9eUOswisg","hubSecret":"wSduM3o6zSJNs8LvdpuoADBL0b7g4mlT","hubLeaseDate":"2025-11-18T17:22:55Z","topic":"https://www.youtube.com/xml/feeds/videos.xml?channel_id=UCoW3NnFgnDATwU9eUOswisg","callbackUrl":"https://sharpen.live/dev/alerts","hubUrl":"https://pubsubhubbub.appspot.com/subscribe","verifyMode":"async","leaseSeconds":864000}},"status":{"live":true,"platforms":["youtube"],"youtube":{"live":true,"videoId":"mPrHtYSlL8w","startedAt":"2025-11-20T20:14:26Z"}},"createdAt":"2025-11-18T17:22:53.507193Z","updatedAt":"2025-11-20T23:14:47.66419Z"}]}

2025/11/21 17:50:00 ---- Incoming request from 127.0.0.1:62630 ----
GET /api/admin/settings HTTP/1.1
Host: 127.0.0.1:8880
Accept: */*
Accept-Encoding: gzip, deflate, br, zstd
Accept-Language: en-GB,en-US;q=0.9,en;q=0.8
Authorization: Bearer 815e361d8a5780e1a7b0bd7a36640e8147edee637ceda63c22f61a4d0a1c9604
Referer: http://127.0.0.1:4173/admin/
Sec-Ch-Ua: "Chromium";v="142", "Google Chrome";v="142", "Not_A Brand";v="99"
Sec-Ch-Ua-Mobile: ?0
Sec-Ch-Ua-Platform: "macOS"
Sec-Fetch-Dest: empty
Sec-Fetch-Mode: cors
Sec-Fetch-Site: same-origin
User-Agent: Mozilla/5.0 (Macintosh; Intel Mac OS X 10_15_7) AppleWebKit/537.36 (KHTML, like Gecko) Chrome/142.0.0.0 Safari/537.36
X-Forwarded-For: 127.0.0.1


2025/11/21 17:50:00 ---- Response for GET /api/admin/settings (404 Not Found) ----
404 page not found

2025/11/21 17:50:00 ---- Incoming request from 127.0.0.1:62630 ----
GET /api/admin/monitor/youtube HTTP/1.1
Host: 127.0.0.1:8880
Accept: */*
Accept-Encoding: gzip, deflate, br, zstd
Accept-Language: en-GB,en-US;q=0.9,en;q=0.8
Authorization: Bearer 815e361d8a5780e1a7b0bd7a36640e8147edee637ceda63c22f61a4d0a1c9604
Referer: http://127.0.0.1:4173/admin/
Sec-Ch-Ua: "Chromium";v="142", "Google Chrome";v="142", "Not_A Brand";v="99"
Sec-Ch-Ua-Mobile: ?0
Sec-Ch-Ua-Platform: "macOS"
Sec-Fetch-Dest: empty
Sec-Fetch-Mode: cors
Sec-Fetch-Site: same-origin
User-Agent: Mozilla/5.0 (Macintosh; Intel Mac OS X 10_15_7) AppleWebKit/537.36 (KHTML, like Gecko) Chrome/142.0.0.0 Safari/537.36
X-Forwarded-For: 127.0.0.1


2025/11/21 17:50:00 ---- Response for GET /api/admin/monitor/youtube (401 Unauthorized) ----
unauthorized

2025/11/21 17:58:28 ---- Incoming request from 127.0.0.1:65262 ----
POST /alerts HTTP/1.1
Host: sharpen.live
Accept: */*
Accept-Encoding: gzip, deflate, br
Cache-Control: no-cache,max-age=0
Content-Length: 914
Content-Type: application/atom+xml
From: googlebot(at)googlebot.com
Link: <https://www.youtube.com/xml/feeds/videos.xml?channel_id=UCFSlI8Y3Zdoq5buNW_40AAA>; rel=self, <http://pubsubhubbub.appspot.com/>; rel=hub
Pragma: no-cache
User-Agent: FeedFetcher-Google; (+http://www.google.com/feedfetcher.html)
Via: 1.1 Caddy
X-Forwarded-For: 66.102.8.101
X-Forwarded-Host: sharpen.live
X-Forwarded-Proto: https
X-Hub-Signature: sha1=15ebd2c48e10099e1c6dbc16aafdd727f68f343a
X-Request-Id: {http.request.id}

<?xml version='1.0' encoding='UTF-8'?>
<feed xmlns:yt="http://www.youtube.com/xml/schemas/2015" xmlns="http://www.w3.org/2005/Atom"><link rel="hub" href="https://pubsubhubbub.appspot.com"/><link rel="self" href="https://www.youtube.com/xml/feeds/videos.xml?channel_id=UCFSlI8Y3Zdoq5buNW_40AAA"/><title>YouTube video feed</title><updated>2025-11-20T23:57:58.866626094+00:00</updated><entry>
  <id>yt:video:1bVyYYSUjao</id>
  <yt:videoId>1bVyYYSUjao</yt:videoId>
  <yt:channelId>UCFSlI8Y3Zdoq5buNW_40AAA</yt:channelId>
  <title>LIVE: The Sidebars are Coming...&amp; More!</title>
  <link rel="alternate" href="https://www.youtube.com/watch?v=1bVyYYSUjao"/>
  <author>
   <name>Attorney Melanie Little</name>
   <uri>https://www.youtube.com/channel/UCFSlI8Y3Zdoq5buNW_40AAA</uri>
  </author>
  <published>2025-11-20T23:36:02+00:00</published>
  <updated>2025-11-20T23:57:58.866626094+00:00</updated>
 </entry></feed>

2025/11/21 17:58:28 Fetching live metadata for 1 video(s): 1bVyYYSUjao

2025/11/21 17:58:28 Requesting watch page for 1bVyYYSUjao: https://www.youtube.com/watch?v=1bVyYYSUjao

2025/11/21 17:58:28 Fetched metadata for 1bVyYYSUjao: channel=UCFSlI8Y3Zdoq5buNW_40AAA title="The Sidebars are Coming & Deft in 1986 Salem M*rder says 2 Cops were Never Investigated" live=true start=2025-11-20 21:17:11 +0000 +0000

2025/11/21 17:58:28 Processed alert notification (1 entries); live streams=1 videos=1bVyYYSUjao

2025/11/21 17:58:28 ---- Response for POST /alerts (204 No Content) ----
