
2025/11/21 22:30:19 Listening on 127.0.0.1:8880

2025/11/21 22:30:38 ---- Incoming request from 127.0.0.1:61636 ----
GET /api/streamers HTTP/1.1
Host: 127.0.0.1:8880
Accept-Encoding: gzip
User-Agent: Go-http-client/1.1


2025/11/21 22:30:38 ---- Response for GET /api/streamers (404 Not Found) ----
404 page not found

2025/11/21 22:30:38 ---- Incoming request from 127.0.0.1:61636 ----
GET /streamers.json HTTP/1.1
Host: 127.0.0.1:8880
Accept-Encoding: gzip
User-Agent: Go-http-client/1.1


2025/11/21 22:30:38 ---- Response for GET /streamers.json (404 Not Found) ----
404 page not found

2025/11/21 22:31:27 ---- Incoming request from 127.0.0.1:61636 ----
GET /api/streamers HTTP/1.1
Host: 127.0.0.1:8880
Accept-Encoding: gzip
User-Agent: Go-http-client/1.1


2025/11/21 22:31:27 ---- Response for GET /api/streamers (404 Not Found) ----
404 page not found

2025/11/21 22:31:27 ---- Incoming request from 127.0.0.1:61636 ----
GET /streamers.json HTTP/1.1
Host: 127.0.0.1:8880
Accept-Encoding: gzip
User-Agent: Go-http-client/1.1


2025/11/21 22:31:27 ---- Response for GET /streamers.json (404 Not Found) ----
404 page not found

2025/11/21 22:31:56 ---- Incoming request from 127.0.0.1:61866 ----
GET /streamers.json HTTP/1.1
Host: 127.0.0.1:8880
Accept: text/html,application/xhtml+xml,application/xml;q=0.9,image/avif,image/webp,image/apng,*/*;q=0.8,application/signed-exchange;v=b3;q=0.7
Accept-Encoding: gzip, deflate, br, zstd
Accept-Language: en-GB,en-US;q=0.9,en;q=0.8
Connection: keep-alive
If-Modified-Since: Mon, 10 Nov 2025 14:58:12 GMT
Sec-Ch-Ua: "Chromium";v="142", "Google Chrome";v="142", "Not_A Brand";v="99"
Sec-Ch-Ua-Mobile: ?0
Sec-Ch-Ua-Platform: "macOS"
Sec-Fetch-Dest: document
Sec-Fetch-Mode: navigate
Sec-Fetch-Site: none
Sec-Fetch-User: ?1
Upgrade-Insecure-Requests: 1
User-Agent: Mozilla/5.0 (Macintosh; Intel Mac OS X 10_15_7) AppleWebKit/537.36 (KHTML, like Gecko) Chrome/142.0.0.0 Safari/537.36


2025/11/21 22:31:56 ---- Response for GET /streamers.json (404 Not Found) ----
404 page not found

2025/11/21 22:31:56 ---- Incoming request from 127.0.0.1:61866 ----
GET /favicon.ico HTTP/1.1
Host: 127.0.0.1:8880
Accept: image/avif,image/webp,image/apng,image/svg+xml,image/*,*/*;q=0.8
Accept-Encoding: gzip, deflate, br, zstd
Accept-Language: en-GB,en-US;q=0.9,en;q=0.8
Connection: keep-alive
Referer: http://127.0.0.1:8880/streamers.json
Sec-Ch-Ua: "Chromium";v="142", "Google Chrome";v="142", "Not_A Brand";v="99"
Sec-Ch-Ua-Mobile: ?0
Sec-Ch-Ua-Platform: "macOS"
Sec-Fetch-Dest: image
Sec-Fetch-Mode: no-cors
Sec-Fetch-Site: same-origin
User-Agent: Mozilla/5.0 (Macintosh; Intel Mac OS X 10_15_7) AppleWebKit/537.36 (KHTML, like Gecko) Chrome/142.0.0.0 Safari/537.36


2025/11/21 22:31:56 ---- Response for GET /favicon.ico (404 Not Found) ----
404 page not found

2025/11/21 22:34:12 ---- Incoming request from 127.0.0.1:61866 ----
GET /streamers.json HTTP/1.1
Host: 127.0.0.1:8880
Accept: text/html,application/xhtml+xml,application/xml;q=0.9,image/avif,image/webp,image/apng,*/*;q=0.8,application/signed-exchange;v=b3;q=0.7
Accept-Encoding: gzip, deflate, br, zstd
Accept-Language: en-GB,en-US;q=0.9,en;q=0.8
Cache-Control: max-age=0
Connection: keep-alive
Sec-Ch-Ua: "Chromium";v="142", "Google Chrome";v="142", "Not_A Brand";v="99"
Sec-Ch-Ua-Mobile: ?0
Sec-Ch-Ua-Platform: "macOS"
Sec-Fetch-Dest: document
Sec-Fetch-Mode: navigate
Sec-Fetch-Site: none
Sec-Fetch-User: ?1
Upgrade-Insecure-Requests: 1
User-Agent: Mozilla/5.0 (Macintosh; Intel Mac OS X 10_15_7) AppleWebKit/537.36 (KHTML, like Gecko) Chrome/142.0.0.0 Safari/537.36


2025/11/21 22:34:12 ---- Response for GET /streamers.json (404 Not Found) ----
404 page not found

2025/11/21 22:34:18 Shutting down...
