
2025/11/17 17:23:42 Listening on 127.0.0.1:8880

2025/11/17 17:24:03 ---- Incoming request from 127.0.0.1:60887 ----
POST /api/streamers HTTP/1.1
Host: 127.0.0.1:8880
Accept: */*
Accept-Encoding: gzip, deflate, br
Connection: keep-alive
Content-Length: 253
Content-Type: application/json
Postman-Token: 6fc60c12-04b0-441f-93d3-20c13ee8003a
User-Agent: PostmanRuntime/7.49.1

{
  "streamer": {
    "alias": "I will shave my eyebrows",
    "description": "Share your videos with friends, family and the world",
    "languages": ["English"]
  },
  "platforms": {
    "url": "https://www.youtube.com/@I-will-shave-my-eyebrows"
  }
}

2025/11/17 17:24:04 Outbound WebSub request:
POST /subscribe HTTP/1.1
Host: pubsubhubbub.appspot.com
User-Agent: live-stream-alerts-client/1.0
Content-Length: 310
Content-Type: application/x-www-form-urlencoded
Accept-Encoding: gzip

hub.callback=https%3A%2F%2Fsharpen.live%2Falerts&hub.lease_seconds=864000&hub.mode=subscribe&hub.secret=Gw3gSRgx75ehQmB4tr_g7W0PUaAJbd4t&hub.topic=https%3A%2F%2Fwww.youtube.com%2Fxml%2Ffeeds%2Fvideos.xml%3Fchannel_id%3DUCvwGfRXMzs2ey1h3opwK2zw&hub.verify=async&hub.verify_token=3a55566cd43df7c65b5a51b385400d2e

2025/11/17 17:24:04 Inbound WebSub response:
HTTP/2.0 202 Accepted
Content-Length: 0
Alt-Svc: h3=":443"; ma=2592000,h3-29=":443"; ma=2592000
Cache-Control: no-cache
Content-Type: text/plain; charset=utf-8
Date: Mon, 17 Nov 2025 06:24:04 GMT
Server: Google Frontend
X-Cloud-Trace-Context: 0c0d605d5e3f9cb1718e734b9d23097e


2025/11/17 17:24:04 YouTube hub accepted subscribe for I will shave my eyebrows (topic=https://www.youtube.com/xml/feeds/videos.xml?channel_id=UCvwGfRXMzs2ey1h3opwK2zw, callback=https://sharpen.live/alerts, status=202 Accepted). Awaiting hub challenge with token 3a55566cd43df7c65b5a51b385400d2e.

2025/11/17 17:24:04 ---- Response for POST /api/streamers (201 Created) ----
{"streamer":{"id":"782b12c7a81a401d9f81ac8603c401d9","alias":"I will shave my eyebrows","description":"Share your videos with friends, family and the world","firstName":"","lastName":"","email":"","languages":["English"]},"platforms":{},"createdAt":"2025-11-17T06:24:03.552207Z","updatedAt":"2025-11-17T06:24:03.552207Z"}

2025/11/17 17:24:05 ---- Incoming request from 127.0.0.1:60891 ----
GET /alerts?hub.topic=https://www.youtube.com/xml/feeds/videos.xml%3Fchannel_id%3DUCvwGfRXMzs2ey1h3opwK2zw&hub.challenge=2971741704839874065&hub.verify_token=3a55566cd43df7c65b5a51b385400d2e&hub.mode=subscribe&hub.lease_seconds=864000 HTTP/1.1
Host: sharpen.live
Accept: */*
Accept-Encoding: gzip, deflate, br
Cache-Control: no-cache,max-age=0
From: googlebot(at)googlebot.com
Pragma: no-cache
User-Agent: FeedFetcher-Google; (+http://www.google.com/feedfetcher.html)
Via: 1.1 Caddy
X-Forwarded-For: 66.102.6.233
X-Forwarded-Host: sharpen.live
X-Forwarded-Proto: https
X-Request-Id: {http.request_id.header}


2025/11/17 17:24:05 Responding to hub challenge: mode=subscribe topic=https://www.youtube.com/xml/feeds/videos.xml?channel_id=UCvwGfRXMzs2ey1h3opwK2zw lease=864000 token=3a55566cd43df7c65b5a51b385400d2e body="2971741704839874065"

2025/11/17 17:24:05 Raw verification request:
GET /alerts?hub.topic=https://www.youtube.com/xml/feeds/videos.xml%3Fchannel_id%3DUCvwGfRXMzs2ey1h3opwK2zw&hub.challenge=2971741704839874065&hub.verify_token=3a55566cd43df7c65b5a51b385400d2e&hub.mode=subscribe&hub.lease_seconds=864000 HTTP/1.1
Host: sharpen.live
Accept: */*
Accept-Encoding: gzip, deflate, br
Cache-Control: no-cache,max-age=0
From: googlebot(at)googlebot.com
Pragma: no-cache
User-Agent: FeedFetcher-Google; (+http://www.google.com/feedfetcher.html)
Via: 1.1 Caddy
X-Forwarded-For: 66.102.6.233
X-Forwarded-Host: sharpen.live
X-Forwarded-Proto: https
X-Request-Id: {http.request_id.header}


2025/11/17 17:24:05 Planned hub response:
HTTP/1.1 200 OK
Content-Type: text/plain; charset=utf-8
Content-Length: 19

2971741704839874065

2025/11/17 17:24:05 YouTube hub response status: 202 Accepted, body: 

2025/11/17 17:24:05 YouTube alerts subscribed for I will shave my eyebrows (https://www.youtube.com/xml/feeds/videos.xml?channel_id=UCvwGfRXMzs2ey1h3opwK2zw)

2025/11/17 17:24:05 ---- Response for GET /alerts (200 OK) ----
2971741704839874065

2025/11/17 17:26:06 ---- Incoming request from 127.0.0.1:60943 ----
GET /alerts?hub.topic=https://www.youtube.com/xml/feeds/videos.xml%3Fchannel_id%3DUCvwGfRXMzs2ey1h3opwK2zw&hub.challenge=6756494556506007485&hub.verify_token=081a159bc9a068855ca4711ab78915d2&hub.mode=subscribe&hub.lease_seconds=864000 HTTP/1.1
Host: sharpen.live
Accept: */*
Accept-Encoding: gzip, deflate, br
Cache-Control: no-cache,max-age=0
From: googlebot(at)googlebot.com
Pragma: no-cache
User-Agent: FeedFetcher-Google; (+http://www.google.com/feedfetcher.html)
Via: 1.1 Caddy
X-Forwarded-For: 142.250.32.1
X-Forwarded-Host: sharpen.live
X-Forwarded-Proto: https
X-Request-Id: {http.request_id.header}


2025/11/17 17:26:06 ---- Response for GET /alerts (400 Bad Request) ----
unknown verification token

2025/11/17 17:30:50 ---- Incoming request from 127.0.0.1:61059 ----
DELETE /api/streamers HTTP/1.1
Host: 127.0.0.1:8880
Accept: */*
Accept-Encoding: gzip, deflate, br
Connection: keep-alive
Content-Length: 68
Content-Type: application/json
Postman-Token: 75f30cba-3e9f-4914-a934-b9c375268961
User-Agent: PostmanRuntime/7.49.1

{
  "streamer": {
    "id": "782b12c7a81a401d9f81ac8603c401d9"
  }
}

2025/11/17 17:30:50 Outbound WebSub request:
POST /subscribe HTTP/1.1
Host: pubsubhubbub.appspot.com
User-Agent: live-stream-alerts-client/1.0
Content-Length: 287
Content-Type: application/x-www-form-urlencoded
Accept-Encoding: gzip

hub.callback=https%3A%2F%2Fsharpen.live%2Falerts&hub.mode=unsubscribe&hub.secret=Gw3gSRgx75ehQmB4tr_g7W0PUaAJbd4t&hub.topic=https%3A%2F%2Fwww.youtube.com%2Fxml%2Ffeeds%2Fvideos.xml%3Fchannel_id%3DUCvwGfRXMzs2ey1h3opwK2zw&hub.verify=async&hub.verify_token=8e52b7316e10b04bd171f8f06bfa2552

2025/11/17 17:30:50 Inbound WebSub response:
HTTP/2.0 202 Accepted
Content-Length: 0
Alt-Svc: h3=":443"; ma=2592000,h3-29=":443"; ma=2592000
Cache-Control: no-cache
Content-Type: text/plain; charset=utf-8
Date: Mon, 17 Nov 2025 06:30:50 GMT
Server: Google Frontend
X-Cloud-Trace-Context: f19fac968db46d3630b5b6fb696a5b2d


2025/11/17 17:30:50 YouTube hub accepted unsubscribe for I will shave my eyebrows (topic=https://www.youtube.com/xml/feeds/videos.xml?channel_id=UCvwGfRXMzs2ey1h3opwK2zw, callback=https://sharpen.live/alerts, status=202 Accepted). Awaiting hub challenge with token 8e52b7316e10b04bd171f8f06bfa2552.

2025/11/17 17:30:50 ---- Response for DELETE /api/streamers (200 OK) ----
{"id":"782b12c7a81a401d9f81ac8603c401d9","status":"deleted"}

2025/11/17 17:30:51 ---- Incoming request from 127.0.0.1:61062 ----
GET /alerts?hub.topic=https://www.youtube.com/xml/feeds/videos.xml%3Fchannel_id%3DUCvwGfRXMzs2ey1h3opwK2zw&hub.challenge=7863431170706500880&hub.verify_token=8e52b7316e10b04bd171f8f06bfa2552&hub.mode=unsubscribe HTTP/1.1
Host: sharpen.live
Accept: */*
Accept-Encoding: gzip, deflate, br
Cache-Control: no-cache,max-age=0
From: googlebot(at)googlebot.com
Pragma: no-cache
User-Agent: FeedFetcher-Google; (+http://www.google.com/feedfetcher.html)
Via: 1.1 Caddy
X-Forwarded-For: 142.250.32.2
X-Forwarded-Host: sharpen.live
X-Forwarded-Proto: https
X-Request-Id: {http.request_id.header}


2025/11/17 17:30:51 Responding to hub challenge: mode=unsubscribe topic=https://www.youtube.com/xml/feeds/videos.xml?channel_id=UCvwGfRXMzs2ey1h3opwK2zw lease= token=8e52b7316e10b04bd171f8f06bfa2552 body="7863431170706500880"

2025/11/17 17:30:51 Raw verification request:
GET /alerts?hub.topic=https://www.youtube.com/xml/feeds/videos.xml%3Fchannel_id%3DUCvwGfRXMzs2ey1h3opwK2zw&hub.challenge=7863431170706500880&hub.verify_token=8e52b7316e10b04bd171f8f06bfa2552&hub.mode=unsubscribe HTTP/1.1
Host: sharpen.live
Accept: */*
Accept-Encoding: gzip, deflate, br
Cache-Control: no-cache,max-age=0
From: googlebot(at)googlebot.com
Pragma: no-cache
User-Agent: FeedFetcher-Google; (+http://www.google.com/feedfetcher.html)
Via: 1.1 Caddy
X-Forwarded-For: 142.250.32.2
X-Forwarded-Host: sharpen.live
X-Forwarded-Proto: https
X-Request-Id: {http.request_id.header}


2025/11/17 17:30:51 Planned hub response:
HTTP/1.1 200 OK
Content-Type: text/plain; charset=utf-8
Content-Length: 19

7863431170706500880

2025/11/17 17:30:51 YouTube hub response status: 202 Accepted, body: 

2025/11/17 17:30:51 YouTube alerts unsubscribed for I will shave my eyebrows (https://www.youtube.com/xml/feeds/videos.xml?channel_id=UCvwGfRXMzs2ey1h3opwK2zw)

2025/11/17 17:30:51 ---- Response for GET /alerts (200 OK) ----
7863431170706500880

2025/11/17 17:32:07 ---- Incoming request from 127.0.0.1:61092 ----
GET /api/streamers HTTP/1.1
Host: 127.0.0.1:8880
Accept: */*
Accept-Encoding: gzip, deflate
Accept-Language: en-AU,en;q=0.9
Priority: u=3, i
Referer: http://127.0.0.1:4173/
Sec-Fetch-Dest: empty
Sec-Fetch-Mode: cors
Sec-Fetch-Site: same-origin
User-Agent: Mozilla/5.0 (Macintosh; Intel Mac OS X 10_15_7) AppleWebKit/605.1.15 (KHTML, like Gecko) Version/18.6 Safari/605.1.15
X-Forwarded-For: 127.0.0.1


2025/11/17 17:32:07 ---- Response for GET /api/streamers (200 OK) ----
{"streamers":[{"streamer":{"id":"JordanMatter","alias":"Jordan Matter","description":"My daughter has taken over my channel!","firstName":"","lastName":"","email":"","languages":["English"]},"platforms":{"youtube":{"handle":"@jordanmatter","channelId":"UCI3szCgzGTRBTF_2dVaTZdQ","hubSecret":"GmtXT02Gnu7-R3iVcAIBUc1pOsOZkfwQ","hubLeaseRenewalDue":"2025-11-16T07:32:44Z","topic":"https://www.youtube.com/xml/feeds/videos.xml?channel_id=UCI3szCgzGTRBTF_2dVaTZdQ","callbackUrl":"https://sharpen.live/alerts","hubUrl":"https://pubsubhubbub.appspot.com/subscribe","verifyMode":"async","leaseSeconds":864000}},"createdAt":"2025-11-16T07:32:43.278917Z","updatedAt":"2025-11-16T07:32:44.755495Z"}]}

2025/11/17 17:32:13 ---- Incoming request from 127.0.0.1:61092 ----
POST /api/youtube/metadata HTTP/1.1
Host: 127.0.0.1:8880
Accept: */*
Accept-Encoding: gzip, deflate
Accept-Language: en-AU,en;q=0.9
Content-Length: 47
Content-Type: application/json
Origin: http://127.0.0.1:4173
Priority: u=3, i
Referer: http://127.0.0.1:4173/
Sec-Fetch-Dest: empty
Sec-Fetch-Mode: cors
Sec-Fetch-Site: same-origin
User-Agent: Mozilla/5.0 (Macintosh; Intel Mac OS X 10_15_7) AppleWebKit/605.1.15 (KHTML, like Gecko) Version/18.6 Safari/605.1.15
X-Forwarded-For: 127.0.0.1

{"url":"https://www.youtube.com/@TedConingsby"}

2025/11/17 17:32:13 ---- Response for POST /api/youtube/metadata (200 OK) ----
{"description":"Oii oii! Ladies, gents and teddy bears, welcome to the Ted Coningsby channel, the fun but serious military aviation channel. This is not your usual aviation ...","title":"Ted Coningsby","handle":"@TedConingsby","channelId":"UCCVgP53k4WCUnFg9yFA_YbA"}

2025/11/17 17:32:19 ---- Incoming request from 127.0.0.1:61092 ----
POST /api/streamers HTTP/1.1
Host: 127.0.0.1:8880
Accept: */*
Accept-Encoding: gzip, deflate
Accept-Language: en-AU,en;q=0.9
Content-Length: 299
Content-Type: application/json
Origin: http://127.0.0.1:4173
Priority: u=3, i
Referer: http://127.0.0.1:4173/
Sec-Fetch-Dest: empty
Sec-Fetch-Mode: cors
Sec-Fetch-Site: same-origin
User-Agent: Mozilla/5.0 (Macintosh; Intel Mac OS X 10_15_7) AppleWebKit/605.1.15 (KHTML, like Gecko) Version/18.6 Safari/605.1.15
X-Forwarded-For: 127.0.0.1

{"streamer":{"alias":"Ted Coningsby","description":"Oii oii! Ladies, gents and teddy bears, welcome to the Ted Coningsby channel, the fun but serious military aviation channel. This is not your usual aviation ...","languages":["English"]},"platforms":{"url":"https://www.youtube.com/@TedConingsby"}}

2025/11/17 17:32:20 Outbound WebSub request:
POST /subscribe HTTP/1.1
Host: pubsubhubbub.appspot.com
User-Agent: live-stream-alerts-client/1.0
Content-Length: 310
Content-Type: application/x-www-form-urlencoded
Accept-Encoding: gzip

hub.callback=https%3A%2F%2Fsharpen.live%2Falerts&hub.lease_seconds=864000&hub.mode=subscribe&hub.secret=wGQweFSvZQznZOQhZJSCYlddYuWmIPOq&hub.topic=https%3A%2F%2Fwww.youtube.com%2Fxml%2Ffeeds%2Fvideos.xml%3Fchannel_id%3DUCCVgP53k4WCUnFg9yFA_YbA&hub.verify=async&hub.verify_token=74463990e78b47fba763b6c6bf90743a

2025/11/17 17:32:20 Inbound WebSub response:
HTTP/2.0 202 Accepted
Content-Length: 0
Alt-Svc: h3=":443"; ma=2592000,h3-29=":443"; ma=2592000
Cache-Control: no-cache
Content-Type: text/plain; charset=utf-8
Date: Mon, 17 Nov 2025 06:32:20 GMT
Server: Google Frontend
X-Cloud-Trace-Context: cf5388cb47f3c4251f992e72bcb0dd16


2025/11/17 17:32:20 YouTube hub accepted subscribe for Ted Coningsby (topic=https://www.youtube.com/xml/feeds/videos.xml?channel_id=UCCVgP53k4WCUnFg9yFA_YbA, callback=https://sharpen.live/alerts, status=202 Accepted). Awaiting hub challenge with token 74463990e78b47fba763b6c6bf90743a.

2025/11/17 17:32:20 ---- Incoming request from 127.0.0.1:61062 ----
GET /alerts?hub.topic=https://www.youtube.com/xml/feeds/videos.xml%3Fchannel_id%3DUCCVgP53k4WCUnFg9yFA_YbA&hub.challenge=11247632990838218136&hub.verify_token=74463990e78b47fba763b6c6bf90743a&hub.mode=subscribe&hub.lease_seconds=864000 HTTP/1.1
Host: sharpen.live
Accept: */*
Accept-Encoding: gzip, deflate, br
Cache-Control: no-cache,max-age=0
From: googlebot(at)googlebot.com
Pragma: no-cache
User-Agent: FeedFetcher-Google; (+http://www.google.com/feedfetcher.html)
Via: 1.1 Caddy
X-Forwarded-For: 66.102.8.102
X-Forwarded-Host: sharpen.live
X-Forwarded-Proto: https
X-Request-Id: {http.request_id.header}


2025/11/17 17:32:20 ---- Response for POST /api/streamers (201 Created) ----
{"streamer":{"id":"73569d15ffeb4bd8bea1ef56f56dc34d","alias":"Ted Coningsby","description":"Oii oii! Ladies, gents and teddy bears, welcome to the Ted Coningsby channel, the fun but serious military aviation channel. This is not your usual aviation ...","firstName":"","lastName":"","email":"","languages":["English"]},"platforms":{},"createdAt":"2025-11-17T06:32:19.638136Z","updatedAt":"2025-11-17T06:32:19.638136Z"}

2025/11/17 17:32:20 Responding to hub challenge: mode=subscribe topic=https://www.youtube.com/xml/feeds/videos.xml?channel_id=UCCVgP53k4WCUnFg9yFA_YbA lease=864000 token=74463990e78b47fba763b6c6bf90743a body="11247632990838218136"

2025/11/17 17:32:20 Raw verification request:
GET /alerts?hub.topic=https://www.youtube.com/xml/feeds/videos.xml%3Fchannel_id%3DUCCVgP53k4WCUnFg9yFA_YbA&hub.challenge=11247632990838218136&hub.verify_token=74463990e78b47fba763b6c6bf90743a&hub.mode=subscribe&hub.lease_seconds=864000 HTTP/1.1
Host: sharpen.live
Accept: */*
Accept-Encoding: gzip, deflate, br
Cache-Control: no-cache,max-age=0
From: googlebot(at)googlebot.com
Pragma: no-cache
User-Agent: FeedFetcher-Google; (+http://www.google.com/feedfetcher.html)
Via: 1.1 Caddy
X-Forwarded-For: 66.102.8.102
X-Forwarded-Host: sharpen.live
X-Forwarded-Proto: https
X-Request-Id: {http.request_id.header}


2025/11/17 17:32:20 Planned hub response:
HTTP/1.1 200 OK
Content-Type: text/plain; charset=utf-8
Content-Length: 20

11247632990838218136

2025/11/17 17:32:20 YouTube hub response status: 202 Accepted, body: 

2025/11/17 17:32:20 YouTube alerts subscribed for Ted Coningsby (https://www.youtube.com/xml/feeds/videos.xml?channel_id=UCCVgP53k4WCUnFg9yFA_YbA)

2025/11/17 17:32:20 ---- Response for GET /alerts (200 OK) ----
11247632990838218136

2025/11/17 17:33:18 ---- Incoming request from 127.0.0.1:61092 ----
POST /api/youtube/metadata HTTP/1.1
Host: 127.0.0.1:8880
Accept: */*
Accept-Encoding: gzip, deflate
Accept-Language: en-AU,en;q=0.9
Content-Length: 59
Content-Type: application/json
Origin: http://127.0.0.1:4173
Priority: u=3, i
Referer: http://127.0.0.1:4173/
Sec-Fetch-Dest: empty
Sec-Fetch-Mode: cors
Sec-Fetch-Site: same-origin
User-Agent: Mozilla/5.0 (Macintosh; Intel Mac OS X 10_15_7) AppleWebKit/605.1.15 (KHTML, like Gecko) Version/18.6 Safari/605.1.15
X-Forwarded-For: 127.0.0.1

{"url":"https://www.youtube.com/@I-will-shave-my-eyebrows"}

2025/11/17 17:33:19 ---- Response for POST /api/youtube/metadata (200 OK) ----
{"description":"Share your videos with friends, family and the world","title":"I will shave my eyebrows","handle":"@I-will-shave-my-eyebrows","channelId":"UCvwGfRXMzs2ey1h3opwK2zw"}

2025/11/17 17:33:22 ---- Incoming request from 127.0.0.1:61092 ----
POST /api/streamers HTTP/1.1
Host: 127.0.0.1:8880
Accept: */*
Accept-Encoding: gzip, deflate
Accept-Language: en-AU,en;q=0.9
Content-Length: 214
Content-Type: application/json
Origin: http://127.0.0.1:4173
Priority: u=3, i
Referer: http://127.0.0.1:4173/
Sec-Fetch-Dest: empty
Sec-Fetch-Mode: cors
Sec-Fetch-Site: same-origin
User-Agent: Mozilla/5.0 (Macintosh; Intel Mac OS X 10_15_7) AppleWebKit/605.1.15 (KHTML, like Gecko) Version/18.6 Safari/605.1.15
X-Forwarded-For: 127.0.0.1

{"streamer":{"alias":"I will shave my eyebrows","description":"Share your videos with friends, family and the world","languages":["English"]},"platforms":{"url":"https://www.youtube.com/@I-will-shave-my-eyebrows"}}

2025/11/17 17:33:23 Outbound WebSub request:
POST /subscribe HTTP/1.1
Host: pubsubhubbub.appspot.com
User-Agent: live-stream-alerts-client/1.0
Content-Length: 310
Content-Type: application/x-www-form-urlencoded
Accept-Encoding: gzip

hub.callback=https%3A%2F%2Fsharpen.live%2Falerts&hub.lease_seconds=864000&hub.mode=subscribe&hub.secret=-uhGIkMq159tXNozrBJImXdR9X9YUhq2&hub.topic=https%3A%2F%2Fwww.youtube.com%2Fxml%2Ffeeds%2Fvideos.xml%3Fchannel_id%3DUCvwGfRXMzs2ey1h3opwK2zw&hub.verify=async&hub.verify_token=d1254cf19bd3fec3818fea951666b952

2025/11/17 17:33:23 Inbound WebSub response:
HTTP/2.0 202 Accepted
Content-Length: 0
Alt-Svc: h3=":443"; ma=2592000,h3-29=":443"; ma=2592000
Cache-Control: no-cache
Content-Type: text/plain; charset=utf-8
Date: Mon, 17 Nov 2025 06:33:23 GMT
Server: Google Frontend
X-Cloud-Trace-Context: 526d295b0e3b26a7737cb18f44203f44


2025/11/17 17:33:23 YouTube hub accepted subscribe for I will shave my eyebrows (topic=https://www.youtube.com/xml/feeds/videos.xml?channel_id=UCvwGfRXMzs2ey1h3opwK2zw, callback=https://sharpen.live/alerts, status=202 Accepted). Awaiting hub challenge with token d1254cf19bd3fec3818fea951666b952.

2025/11/17 17:33:23 ---- Response for POST /api/streamers (201 Created) ----
{"streamer":{"id":"231eaca2f22744e49793f395430d15d1","alias":"I will shave my eyebrows","description":"Share your videos with friends, family and the world","firstName":"","lastName":"","email":"","languages":["English"]},"platforms":{},"createdAt":"2025-11-17T06:33:22.979369Z","updatedAt":"2025-11-17T06:33:22.979369Z"}

2025/11/17 17:33:24 ---- Incoming request from 127.0.0.1:61062 ----
GET /alerts?hub.topic=https://www.youtube.com/xml/feeds/videos.xml%3Fchannel_id%3DUCvwGfRXMzs2ey1h3opwK2zw&hub.challenge=1128443940482974556&hub.verify_token=d1254cf19bd3fec3818fea951666b952&hub.mode=subscribe&hub.lease_seconds=864000 HTTP/1.1
Host: sharpen.live
Accept: */*
Accept-Encoding: gzip, deflate, br
Cache-Control: no-cache,max-age=0
From: googlebot(at)googlebot.com
Pragma: no-cache
User-Agent: FeedFetcher-Google; (+http://www.google.com/feedfetcher.html)
Via: 1.1 Caddy
X-Forwarded-For: 74.125.209.32
X-Forwarded-Host: sharpen.live
X-Forwarded-Proto: https
X-Request-Id: {http.request_id.header}


2025/11/17 17:33:24 Responding to hub challenge: mode=subscribe topic=https://www.youtube.com/xml/feeds/videos.xml?channel_id=UCvwGfRXMzs2ey1h3opwK2zw lease=864000 token=d1254cf19bd3fec3818fea951666b952 body="1128443940482974556"

2025/11/17 17:33:24 Raw verification request:
GET /alerts?hub.topic=https://www.youtube.com/xml/feeds/videos.xml%3Fchannel_id%3DUCvwGfRXMzs2ey1h3opwK2zw&hub.challenge=1128443940482974556&hub.verify_token=d1254cf19bd3fec3818fea951666b952&hub.mode=subscribe&hub.lease_seconds=864000 HTTP/1.1
Host: sharpen.live
Accept: */*
Accept-Encoding: gzip, deflate, br
Cache-Control: no-cache,max-age=0
From: googlebot(at)googlebot.com
Pragma: no-cache
User-Agent: FeedFetcher-Google; (+http://www.google.com/feedfetcher.html)
Via: 1.1 Caddy
X-Forwarded-For: 74.125.209.32
X-Forwarded-Host: sharpen.live
X-Forwarded-Proto: https
X-Request-Id: {http.request_id.header}


2025/11/17 17:33:24 Planned hub response:
HTTP/1.1 200 OK
Content-Type: text/plain; charset=utf-8
Content-Length: 19

1128443940482974556

2025/11/17 17:33:24 YouTube hub response status: 202 Accepted, body: 

2025/11/17 17:33:24 YouTube alerts subscribed for I will shave my eyebrows (https://www.youtube.com/xml/feeds/videos.xml?channel_id=UCvwGfRXMzs2ey1h3opwK2zw)

2025/11/17 17:33:24 ---- Response for GET /alerts (200 OK) ----
1128443940482974556

2025/11/17 17:33:36 ---- Incoming request from 127.0.0.1:61062 ----
GET /alerts?hub.topic=https://www.youtube.com/xml/feeds/videos.xml%3Fchannel_id%3DUCvwGfRXMzs2ey1h3opwK2zw&hub.challenge=15454281076030689059&hub.verify_token=61a20735c8dc6e9dadc276e842d9119b&hub.mode=unsubscribe HTTP/1.1
Host: sharpen.live
Accept: */*
Accept-Encoding: gzip, deflate, br
Cache-Control: no-cache,max-age=0
From: googlebot(at)googlebot.com
Pragma: no-cache
User-Agent: FeedFetcher-Google; (+http://www.google.com/feedfetcher.html)
Via: 1.1 Caddy
X-Forwarded-For: 142.250.32.1
X-Forwarded-Host: sharpen.live
X-Forwarded-Proto: https
X-Request-Id: {http.request_id.header}


2025/11/17 17:33:36 ---- Response for GET /alerts (400 Bad Request) ----
unknown verification token

2025/11/17 17:33:50 ---- Incoming request from 127.0.0.1:61062 ----
GET /alerts?hub.topic=https://www.youtube.com/xml/feeds/videos.xml%3Fchannel_id%3DUCvwGfRXMzs2ey1h3opwK2zw&hub.challenge=16001921931215484497&hub.verify_token=9f2320235c7d5c065165f7ad317c983f&hub.mode=subscribe&hub.lease_seconds=864000 HTTP/1.1
Host: sharpen.live
Accept: */*
Accept-Encoding: gzip, deflate, br
Cache-Control: no-cache,max-age=0
From: googlebot(at)googlebot.com
Pragma: no-cache
User-Agent: FeedFetcher-Google; (+http://www.google.com/feedfetcher.html)
Via: 1.1 Caddy
X-Forwarded-For: 66.102.8.103
X-Forwarded-Host: sharpen.live
X-Forwarded-Proto: https
X-Request-Id: {http.request_id.header}


2025/11/17 17:33:50 ---- Response for GET /alerts (400 Bad Request) ----
unknown verification token

2025/11/17 17:35:27 ---- Incoming request from 127.0.0.1:61062 ----
POST /alerts HTTP/1.1
Host: sharpen.live
Accept: */*
Accept-Encoding: gzip, deflate, br
Cache-Control: no-cache,max-age=0
Content-Length: 885
Content-Type: application/atom+xml
From: googlebot(at)googlebot.com
Link: <https://www.youtube.com/xml/feeds/videos.xml?channel_id=UCvwGfRXMzs2ey1h3opwK2zw>; rel=self, <http://pubsubhubbub.appspot.com/>; rel=hub
Pragma: no-cache
User-Agent: FeedFetcher-Google; (+http://www.google.com/feedfetcher.html)
Via: 1.1 Caddy
X-Forwarded-For: 66.102.6.234
X-Forwarded-Host: sharpen.live
X-Forwarded-Proto: https
X-Hub-Signature: sha1=448228e6e239500a78719c3d8b289dfb2a214a63
X-Request-Id: {http.request_id.header}

<?xml version='1.0' encoding='UTF-8'?>
<feed xmlns:yt="http://www.youtube.com/xml/schemas/2015" xmlns="http://www.w3.org/2005/Atom"><link rel="hub" href="https://pubsubhubbub.appspot.com"/><link rel="self" href="https://www.youtube.com/xml/feeds/videos.xml?channel_id=UCvwGfRXMzs2ey1h3opwK2zw"/><title>YouTube video feed</title><updated>2025-11-17T03:35:22.186389139+00:00</updated><entry>
  <id>yt:video:K3pSiNmxXmk</id>
  <yt:videoId>K3pSiNmxXmk</yt:videoId>
  <yt:channelId>UCvwGfRXMzs2ey1h3opwK2zw</yt:channelId>
  <title>fdhgsgdgfdgdf</title>
  <link rel="alternate" href="https://www.youtube.com/watch?v=K3pSiNmxXmk"/>
  <author>
   <name>I will shave my eyebrows</name>
   <uri>https://www.youtube.com/channel/UCvwGfRXMzs2ey1h3opwK2zw</uri>
  </author>
  <published>2025-11-17T03:35:19+00:00</published>
  <updated>2025-11-17T03:35:22.186389139+00:00</updated>
 </entry></feed>

2025/11/17 17:35:27 ---- Response for POST /alerts (405 Method Not Allowed) ----
method not allowed

2025/11/17 17:37:05 ---- Incoming request from 127.0.0.1:61196 ----
POST /api/youtube/metadata HTTP/1.1
Host: 127.0.0.1:8880
Accept: */*
Accept-Encoding: gzip, deflate
Accept-Language: en-AU,en;q=0.9
Content-Length: 58
Content-Type: application/json
Origin: http://127.0.0.1:4173
Priority: u=3, i
Referer: http://127.0.0.1:4173/
Sec-Fetch-Dest: empty
Sec-Fetch-Mode: cors
Sec-Fetch-Site: same-origin
User-Agent: Mozilla/5.0 (Macintosh; Intel Mac OS X 10_15_7) AppleWebKit/605.1.15 (KHTML, like Gecko) Version/18.6 Safari/605.1.15
X-Forwarded-For: 127.0.0.1

{"url":"https://www.youtube.com/@sharpenrightservicesllc"}

2025/11/17 17:37:05 ---- Response for POST /api/youtube/metadata (200 OK) ----
{"description":"Sharpen Right Services LLC - Mike White located in League City, Texas.  We are a home based, mobile and mail order sharpening service; specializing in sharpe...","title":"Sharpen Right Services LLC - Mike White","handle":"@sharpenrightservicesllc","channelId":"UC7d6BuAfHKTLR1l2SSg6HkA"}

2025/11/17 17:37:10 ---- Incoming request from 127.0.0.1:61196 ----
POST /api/streamers HTTP/1.1
Host: 127.0.0.1:8880
Accept: */*
Accept-Encoding: gzip, deflate
Accept-Language: en-AU,en;q=0.9
Content-Length: 336
Content-Type: application/json
Origin: http://127.0.0.1:4173
Priority: u=3, i
Referer: http://127.0.0.1:4173/
Sec-Fetch-Dest: empty
Sec-Fetch-Mode: cors
Sec-Fetch-Site: same-origin
User-Agent: Mozilla/5.0 (Macintosh; Intel Mac OS X 10_15_7) AppleWebKit/605.1.15 (KHTML, like Gecko) Version/18.6 Safari/605.1.15
X-Forwarded-For: 127.0.0.1

{"streamer":{"alias":"Sharpen Right Services LLC - Mike White","description":"Sharpen Right Services LLC - Mike White located in League City, Texas.  We are a home based, mobile and mail order sharpening service; specializing in sharpe...","languages":["English"]},"platforms":{"url":"https://www.youtube.com/@sharpenrightservicesllc"}}

2025/11/17 17:37:11 Outbound WebSub request:
POST /subscribe HTTP/1.1
Host: pubsubhubbub.appspot.com
User-Agent: live-stream-alerts-client/1.0
Content-Length: 310
Content-Type: application/x-www-form-urlencoded
Accept-Encoding: gzip

hub.callback=https%3A%2F%2Fsharpen.live%2Falerts&hub.lease_seconds=864000&hub.mode=subscribe&hub.secret=2pEuC4RTukNuWMTEJdMjjZDoP3gVhMFi&hub.topic=https%3A%2F%2Fwww.youtube.com%2Fxml%2Ffeeds%2Fvideos.xml%3Fchannel_id%3DUC7d6BuAfHKTLR1l2SSg6HkA&hub.verify=async&hub.verify_token=09ef5c62d9fcf67b5dfd463af3676659

2025/11/17 17:37:11 Inbound WebSub response:
HTTP/2.0 202 Accepted
Content-Length: 0
Alt-Svc: h3=":443"; ma=2592000,h3-29=":443"; ma=2592000
Cache-Control: no-cache
Content-Type: text/plain; charset=utf-8
Date: Mon, 17 Nov 2025 06:37:11 GMT
Server: Google Frontend
X-Cloud-Trace-Context: 00dd0b9fc1ca74987de3e8fd1c657552


2025/11/17 17:37:11 YouTube hub accepted subscribe for Sharpen Right Services LLC - Mike White (topic=https://www.youtube.com/xml/feeds/videos.xml?channel_id=UC7d6BuAfHKTLR1l2SSg6HkA, callback=https://sharpen.live/alerts, status=202 Accepted). Awaiting hub challenge with token 09ef5c62d9fcf67b5dfd463af3676659.

2025/11/17 17:37:11 ---- Response for POST /api/streamers (201 Created) ----
{"streamer":{"id":"0a9d7ce8255f441198a6ed3461d320f4","alias":"Sharpen Right Services LLC - Mike White","description":"Sharpen Right Services LLC - Mike White located in League City, Texas.  We are a home based, mobile and mail order sharpening service; specializing in sharpe...","firstName":"","lastName":"","email":"","languages":["English"]},"platforms":{},"createdAt":"2025-11-17T06:37:10.946941Z","updatedAt":"2025-11-17T06:37:10.946941Z"}

2025/11/17 17:37:11 ---- Incoming request from 127.0.0.1:61062 ----
GET /alerts?hub.topic=https://www.youtube.com/xml/feeds/videos.xml%3Fchannel_id%3DUC7d6BuAfHKTLR1l2SSg6HkA&hub.challenge=10473321699215405166&hub.verify_token=09ef5c62d9fcf67b5dfd463af3676659&hub.mode=subscribe&hub.lease_seconds=864000 HTTP/1.1
Host: sharpen.live
Accept: */*
Accept-Encoding: gzip, deflate, br
Cache-Control: no-cache,max-age=0
From: googlebot(at)googlebot.com
Pragma: no-cache
User-Agent: FeedFetcher-Google; (+http://www.google.com/feedfetcher.html)
Via: 1.1 Caddy
X-Forwarded-For: 74.125.209.33
X-Forwarded-Host: sharpen.live
X-Forwarded-Proto: https
X-Request-Id: {http.request_id.header}


2025/11/17 17:37:11 Responding to hub challenge: mode=subscribe topic=https://www.youtube.com/xml/feeds/videos.xml?channel_id=UC7d6BuAfHKTLR1l2SSg6HkA lease=864000 token=09ef5c62d9fcf67b5dfd463af3676659 body="10473321699215405166"

2025/11/17 17:37:11 Raw verification request:
GET /alerts?hub.topic=https://www.youtube.com/xml/feeds/videos.xml%3Fchannel_id%3DUC7d6BuAfHKTLR1l2SSg6HkA&hub.challenge=10473321699215405166&hub.verify_token=09ef5c62d9fcf67b5dfd463af3676659&hub.mode=subscribe&hub.lease_seconds=864000 HTTP/1.1
Host: sharpen.live
Accept: */*
Accept-Encoding: gzip, deflate, br
Cache-Control: no-cache,max-age=0
From: googlebot(at)googlebot.com
Pragma: no-cache
User-Agent: FeedFetcher-Google; (+http://www.google.com/feedfetcher.html)
Via: 1.1 Caddy
X-Forwarded-For: 74.125.209.33
X-Forwarded-Host: sharpen.live
X-Forwarded-Proto: https
X-Request-Id: {http.request_id.header}


2025/11/17 17:37:11 Planned hub response:
HTTP/1.1 200 OK
Content-Type: text/plain; charset=utf-8
Content-Length: 20

10473321699215405166

2025/11/17 17:37:11 YouTube hub response status: 202 Accepted, body: 

2025/11/17 17:37:11 YouTube alerts subscribed for Sharpen Right Services LLC - Mike White (https://www.youtube.com/xml/feeds/videos.xml?channel_id=UC7d6BuAfHKTLR1l2SSg6HkA)

2025/11/17 17:37:11 ---- Response for GET /alerts (200 OK) ----
10473321699215405166

2025/11/17 17:37:30 ---- Incoming request from 127.0.0.1:61196 ----
POST /api/youtube/metadata HTTP/1.1
Host: 127.0.0.1:8880
Accept: */*
Accept-Encoding: gzip, deflate
Accept-Language: en-AU,en;q=0.9
Content-Length: 60
Content-Type: application/json
Origin: http://127.0.0.1:4173
Priority: u=3, i
Referer: http://127.0.0.1:4173/
Sec-Fetch-Dest: empty
Sec-Fetch-Mode: cors
Sec-Fetch-Site: same-origin
User-Agent: Mozilla/5.0 (Macintosh; Intel Mac OS X 10_15_7) AppleWebKit/605.1.15 (KHTML, like Gecko) Version/18.6 Safari/605.1.15
X-Forwarded-For: 127.0.0.1

{"url":"https://www.youtube.com/@judgejeffreymiddleton7573"}

2025/11/17 17:37:31 ---- Response for POST /api/youtube/metadata (200 OK) ----
{"description":"Share your videos with friends, family and the world","title":"Judge Jeffrey Middleton","handle":"@judgejeffreymiddleton7573","channelId":"UCS8gM5S889oBPyN6K07ZC6A"}

2025/11/17 17:37:36 ---- Incoming request from 127.0.0.1:61196 ----
POST /api/streamers HTTP/1.1
Host: 127.0.0.1:8880
Accept: */*
Accept-Encoding: gzip, deflate
Accept-Language: en-AU,en;q=0.9
Content-Length: 214
Content-Type: application/json
Origin: http://127.0.0.1:4173
Priority: u=3, i
Referer: http://127.0.0.1:4173/
Sec-Fetch-Dest: empty
Sec-Fetch-Mode: cors
Sec-Fetch-Site: same-origin
User-Agent: Mozilla/5.0 (Macintosh; Intel Mac OS X 10_15_7) AppleWebKit/605.1.15 (KHTML, like Gecko) Version/18.6 Safari/605.1.15
X-Forwarded-For: 127.0.0.1

{"streamer":{"alias":"Judge Jeffrey Middleton","description":"Share your videos with friends, family and the world","languages":["English"]},"platforms":{"url":"https://www.youtube.com/@judgejeffreymiddleton7573"}}

2025/11/17 17:37:37 Outbound WebSub request:
POST /subscribe HTTP/1.1
Host: pubsubhubbub.appspot.com
User-Agent: live-stream-alerts-client/1.0
Content-Length: 310
Content-Type: application/x-www-form-urlencoded
Accept-Encoding: gzip

hub.callback=https%3A%2F%2Fsharpen.live%2Falerts&hub.lease_seconds=864000&hub.mode=subscribe&hub.secret=IuAbxIHgV-tw2KHChFPJ9-bOuNW66Nnx&hub.topic=https%3A%2F%2Fwww.youtube.com%2Fxml%2Ffeeds%2Fvideos.xml%3Fchannel_id%3DUCS8gM5S889oBPyN6K07ZC6A&hub.verify=async&hub.verify_token=eb041d6d5f407c05618b9a0e1d823190

2025/11/17 17:37:37 ---- Incoming request from 127.0.0.1:61062 ----
GET /alerts?hub.topic=https://www.youtube.com/xml/feeds/videos.xml%3Fchannel_id%3DUCS8gM5S889oBPyN6K07ZC6A&hub.challenge=5769021358756923041&hub.verify_token=eb041d6d5f407c05618b9a0e1d823190&hub.mode=subscribe&hub.lease_seconds=864000 HTTP/1.1
Host: sharpen.live
Accept: */*
Accept-Encoding: gzip, deflate, br
Cache-Control: no-cache,max-age=0
From: googlebot(at)googlebot.com
Pragma: no-cache
User-Agent: FeedFetcher-Google; (+http://www.google.com/feedfetcher.html)
Via: 1.1 Caddy
X-Forwarded-For: 74.125.209.33
X-Forwarded-Host: sharpen.live
X-Forwarded-Proto: https
X-Request-Id: {http.request_id.header}


2025/11/17 17:37:37 Responding to hub challenge: mode=subscribe topic=https://www.youtube.com/xml/feeds/videos.xml?channel_id=UCS8gM5S889oBPyN6K07ZC6A lease=864000 token=eb041d6d5f407c05618b9a0e1d823190 body="5769021358756923041"

2025/11/17 17:37:37 Inbound WebSub response:
HTTP/2.0 202 Accepted
Content-Length: 0
Alt-Svc: h3=":443"; ma=2592000,h3-29=":443"; ma=2592000
Cache-Control: no-cache
Content-Type: text/plain; charset=utf-8
Date: Mon, 17 Nov 2025 06:37:37 GMT
Server: Google Frontend
X-Cloud-Trace-Context: 986334856db0f1070ce596fba2b5cb03


2025/11/17 17:37:38 YouTube hub accepted subscribe for Judge Jeffrey Middleton (topic=https://www.youtube.com/xml/feeds/videos.xml?channel_id=UCS8gM5S889oBPyN6K07ZC6A, callback=https://sharpen.live/alerts, status=202 Accepted). Awaiting hub challenge with token eb041d6d5f407c05618b9a0e1d823190.

2025/11/17 17:37:38 Raw verification request:
GET /alerts?hub.topic=https://www.youtube.com/xml/feeds/videos.xml%3Fchannel_id%3DUCS8gM5S889oBPyN6K07ZC6A&hub.challenge=5769021358756923041&hub.verify_token=eb041d6d5f407c05618b9a0e1d823190&hub.mode=subscribe&hub.lease_seconds=864000 HTTP/1.1
Host: sharpen.live
Accept: */*
Accept-Encoding: gzip, deflate, br
Cache-Control: no-cache,max-age=0
From: googlebot(at)googlebot.com
Pragma: no-cache
User-Agent: FeedFetcher-Google; (+http://www.google.com/feedfetcher.html)
Via: 1.1 Caddy
X-Forwarded-For: 74.125.209.33
X-Forwarded-Host: sharpen.live
X-Forwarded-Proto: https
X-Request-Id: {http.request_id.header}


2025/11/17 17:37:38 ---- Response for POST /api/streamers (201 Created) ----
{"streamer":{"id":"4dd203ee36d046e0b686600358c1de65","alias":"Judge Jeffrey Middleton","description":"Share your videos with friends, family and the world","firstName":"","lastName":"","email":"","languages":["English"]},"platforms":{},"createdAt":"2025-11-17T06:37:36.873738Z","updatedAt":"2025-11-17T06:37:36.873738Z"}

2025/11/17 17:37:38 Planned hub response:
HTTP/1.1 200 OK
Content-Type: text/plain; charset=utf-8
Content-Length: 19

5769021358756923041

2025/11/17 17:37:38 YouTube hub response status: 202 Accepted, body: 

2025/11/17 17:37:38 YouTube alerts subscribed for Judge Jeffrey Middleton (https://www.youtube.com/xml/feeds/videos.xml?channel_id=UCS8gM5S889oBPyN6K07ZC6A)

2025/11/17 17:37:38 ---- Response for GET /alerts (200 OK) ----
5769021358756923041

2025/11/17 17:38:00 ---- Incoming request from 127.0.0.1:61196 ----
GET /api/streamers HTTP/1.1
Host: 127.0.0.1:8880
Accept: */*
Accept-Encoding: gzip, deflate
Accept-Language: en-AU,en;q=0.9
Priority: u=3, i
Referer: http://127.0.0.1:4173/
Sec-Fetch-Dest: empty
Sec-Fetch-Mode: cors
Sec-Fetch-Site: same-origin
User-Agent: Mozilla/5.0 (Macintosh; Intel Mac OS X 10_15_7) AppleWebKit/605.1.15 (KHTML, like Gecko) Version/18.6 Safari/605.1.15
X-Forwarded-For: 127.0.0.1


2025/11/17 17:38:00 ---- Response for GET /api/streamers (200 OK) ----
{"streamers":[{"streamer":{"id":"JordanMatter","alias":"Jordan Matter","description":"My daughter has taken over my channel!","firstName":"","lastName":"","email":"","languages":["English"]},"platforms":{"youtube":{"handle":"@jordanmatter","channelId":"UCI3szCgzGTRBTF_2dVaTZdQ","hubSecret":"GmtXT02Gnu7-R3iVcAIBUc1pOsOZkfwQ","hubLeaseRenewalDue":"2025-11-16T07:32:44Z","topic":"https://www.youtube.com/xml/feeds/videos.xml?channel_id=UCI3szCgzGTRBTF_2dVaTZdQ","callbackUrl":"https://sharpen.live/alerts","hubUrl":"https://pubsubhubbub.appspot.com/subscribe","verifyMode":"async","leaseSeconds":864000}},"createdAt":"2025-11-16T07:32:43.278917Z","updatedAt":"2025-11-16T07:32:44.755495Z"},{"streamer":{"id":"73569d15ffeb4bd8bea1ef56f56dc34d","alias":"Ted Coningsby","description":"Oii oii! Ladies, gents and teddy bears, welcome to the Ted Coningsby channel, the fun but serious military aviation channel. This is not your usual aviation ...","firstName":"","lastName":"","email":"","languages":["English"]},"platforms":{"youtube":{"handle":"@TedConingsby","channelId":"UCCVgP53k4WCUnFg9yFA_YbA","hubSecret":"wGQweFSvZQznZOQhZJSCYlddYuWmIPOq","hubLeaseRenewalDue":"2025-11-17T06:32:20Z","topic":"https://www.youtube.com/xml/feeds/videos.xml?channel_id=UCCVgP53k4WCUnFg9yFA_YbA","callbackUrl":"https://sharpen.live/alerts","hubUrl":"https://pubsubhubbub.appspot.com/subscribe","verifyMode":"async","leaseSeconds":864000}},"createdAt":"2025-11-17T06:32:19.638136Z","updatedAt":"2025-11-17T06:32:20.561455Z"},{"streamer":{"id":"231eaca2f22744e49793f395430d15d1","alias":"I will shave my eyebrows","description":"Share your videos with friends, family and the world","firstName":"","lastName":"","email":"","languages":["English"]},"platforms":{"youtube":{"handle":"@I-will-shave-my-eyebrows","channelId":"UCvwGfRXMzs2ey1h3opwK2zw","hubSecret":"-uhGIkMq159tXNozrBJImXdR9X9YUhq2","hubLeaseRenewalDue":"2025-11-17T06:33:24Z","topic":"https://www.youtube.com/xml/feeds/videos.xml?channel_id=UCvwGfRXMzs2ey1h3opwK2zw","callbackUrl":"https://sharpen.live/alerts","hubUrl":"https://pubsubhubbub.appspot.com/subscribe","verifyMode":"async","leaseSeconds":864000}},"createdAt":"2025-11-17T06:33:22.979369Z","updatedAt":"2025-11-17T06:33:24.155418Z"},{"streamer":{"id":"0a9d7ce8255f441198a6ed3461d320f4","alias":"Sharpen Right Services LLC - Mike White","description":"Sharpen Right Services LLC - Mike White located in League City, Texas.  We are a home based, mobile and mail order sharpening service; specializing in sharpe...","firstName":"","lastName":"","email":"","languages":["English"]},"platforms":{"youtube":{"handle":"@sharpenrightservicesllc","channelId":"UC7d6BuAfHKTLR1l2SSg6HkA","hubSecret":"2pEuC4RTukNuWMTEJdMjjZDoP3gVhMFi","hubLeaseRenewalDue":"2025-11-17T06:37:11Z","topic":"https://www.youtube.com/xml/feeds/videos.xml?channel_id=UC7d6BuAfHKTLR1l2SSg6HkA","callbackUrl":"https://sharpen.live/alerts","hubUrl":"https://pubsubhubbub.appspot.com/subscribe","verifyMode":"async","leaseSeconds":864000}},"createdAt":"2025-11-17T06:37:10.946941Z","updatedAt":"2025-11-17T06:37:11.960348Z"},{"streamer":{"id":"4dd203ee36d046e0b686600358c1de65","alias":"Judge Jeffrey Middleton","description":"Share your videos with friends, family and the world","firstName":"","lastName":"","email":"","languages":["English"]},"platforms":{"youtube":{"handle":"@judgejeffreymiddleton7573","channelId":"UCS8gM5S889oBPyN6K07ZC6A","hubSecret":"IuAbxIHgV-tw2KHChFPJ9-bOuNW66Nnx","hubLeaseRenewalDue":"2025-11-17T06:37:38Z","topic":"https://www.youtube.com/xml/feeds/videos.xml?channel_id=UCS8gM5S889oBPyN6K07ZC6A","callbackUrl":"https://sharpen.live/alerts","hubUrl":"https://pubsubhubbub.appspot.com/subscribe","verifyMode":"async","leaseSeconds":864000}},"createdAt":"2025-11-17T06:37:36.873738Z","updatedAt":"2025-11-17T06:37:38.001056Z"}]}

2025/11/17 17:40:04 ---- Incoming request from 127.0.0.1:61274 ----
POST /alerts HTTP/1.1
Host: sharpen.live
Accept: */*
Accept-Encoding: gzip, deflate, br
Cache-Control: no-cache,max-age=0
Content-Length: 439
Content-Type: application/atom+xml
From: googlebot(at)googlebot.com
Link: <https://www.youtube.com/xml/feeds/videos.xml?channel_id=UCvwGfRXMzs2ey1h3opwK2zw>; rel=self, <http://pubsubhubbub.appspot.com/>; rel=hub
Pragma: no-cache
User-Agent: FeedFetcher-Google; (+http://www.google.com/feedfetcher.html)
Via: 1.1 Caddy
X-Forwarded-For: 74.125.209.32
X-Forwarded-Host: sharpen.live
X-Forwarded-Proto: https
X-Hub-Signature: sha1=ad8328c6ee5551e8f55d2f54e0bc18518ce13bb4
X-Request-Id: {http.request_id.header}

<?xml version='1.0' encoding='UTF-8'?>
<feed xmlns:at="http://purl.org/atompub/tombstones/1.0" xmlns="http://www.w3.org/2005/Atom"><at:deleted-entry ref="yt:video:u2FdWcNGOO4" when="2025-11-17T03:39:59.796621+00:00">
  <link href="https://www.youtube.com/watch?v=u2FdWcNGOO4"/>
  <at:by>
   <name>I will shave my eyebrows</name>
   <uri>https://www.youtube.com/channel/UCvwGfRXMzs2ey1h3opwK2zw</uri>
  </at:by>
 </at:deleted-entry></feed>

2025/11/17 17:40:04 ---- Response for POST /alerts (405 Method Not Allowed) ----
method not allowed

2025/11/17 17:40:06 ---- Incoming request from 127.0.0.1:61274 ----
POST /alerts HTTP/1.1
Host: sharpen.live
Accept: */*
Accept-Encoding: gzip, deflate, br
Cache-Control: no-cache,max-age=0
Content-Length: 439
Content-Type: application/atom+xml
From: googlebot(at)googlebot.com
Link: <https://www.youtube.com/xml/feeds/videos.xml?channel_id=UCvwGfRXMzs2ey1h3opwK2zw>; rel=self, <http://pubsubhubbub.appspot.com/>; rel=hub
Pragma: no-cache
User-Agent: FeedFetcher-Google; (+http://www.google.com/feedfetcher.html)
Via: 1.1 Caddy
X-Forwarded-For: 74.125.209.34
X-Forwarded-Host: sharpen.live
X-Forwarded-Proto: https
X-Hub-Signature: sha1=1d12df2efc40cac96018a9b985aa8f408bfba1f7
X-Request-Id: {http.request_id.header}

<?xml version='1.0' encoding='UTF-8'?>
<feed xmlns:at="http://purl.org/atompub/tombstones/1.0" xmlns="http://www.w3.org/2005/Atom"><at:deleted-entry ref="yt:video:K3pSiNmxXmk" when="2025-11-17T03:39:59.895872+00:00">
  <link href="https://www.youtube.com/watch?v=K3pSiNmxXmk"/>
  <at:by>
   <name>I will shave my eyebrows</name>
   <uri>https://www.youtube.com/channel/UCvwGfRXMzs2ey1h3opwK2zw</uri>
  </at:by>
 </at:deleted-entry></feed>

2025/11/17 17:40:06 ---- Response for POST /alerts (405 Method Not Allowed) ----
method not allowed

2025/11/17 18:00:57 ---- Incoming request from 127.0.0.1:61723 ----
POST /alerts HTTP/1.1
Host: sharpen.live
Accept: */*
Accept-Encoding: gzip, deflate, br
Cache-Control: no-cache,max-age=0
Content-Length: 965
Content-Type: application/atom+xml
From: googlebot(at)googlebot.com
Link: <https://www.youtube.com/xml/feeds/videos.xml?channel_id=UCCVgP53k4WCUnFg9yFA_YbA>; rel=self, <http://pubsubhubbub.appspot.com/>; rel=hub
Pragma: no-cache
User-Agent: FeedFetcher-Google; (+http://www.google.com/feedfetcher.html)
Via: 1.1 Caddy
X-Forwarded-For: 142.250.32.1
X-Forwarded-Host: sharpen.live
X-Forwarded-Proto: https
X-Hub-Signature: sha1=139a7c047398764a4e756ff64ea7264fc41a0a50
X-Request-Id: {http.request_id.header}

<?xml version='1.0' encoding='UTF-8'?>
<feed xmlns:yt="http://www.youtube.com/xml/schemas/2015" xmlns="http://www.w3.org/2005/Atom"><link rel="hub" href="https://pubsubhubbub.appspot.com"/><link rel="self" href="https://www.youtube.com/xml/feeds/videos.xml?channel_id=UCCVgP53k4WCUnFg9yFA_YbA"/><title>YouTube video feed</title><updated>2025-11-17T07:00:55.28677762+00:00</updated><entry>
  <id>yt:video:nA4xB2P03vY</id>
  <yt:videoId>nA4xB2P03vY</yt:videoId>
  <yt:channelId>UCCVgP53k4WCUnFg9yFA_YbA</yt:channelId>
  <title>THANK YOU &quot;WING WAVE&quot; F-15E STRIKE EAGLES TAKE OVER THE PATTERN WITH CIRCUITS • RAF LAKENHEATH</title>
  <link rel="alternate" href="https://www.youtube.com/watch?v=nA4xB2P03vY"/>
  <author>
   <name>Ted Coningsby</name>
   <uri>https://www.youtube.com/channel/UCCVgP53k4WCUnFg9yFA_YbA</uri>
  </author>
  <published>2025-11-17T07:00:52+00:00</published>
  <updated>2025-11-17T07:00:55.28677762+00:00</updated>
 </entry></feed>

2025/11/17 18:00:57 ---- Response for POST /alerts (405 Method Not Allowed) ----
method not allowed

2025/11/17 18:15:23 ---- Incoming request from 127.0.0.1:62076 ----
GET /alerts?hub.topic=https://www.youtube.com/xml/feeds/videos.xml%3Fchannel_id%3DUCCVgP53k4WCUnFg9yFA_YbA&hub.challenge=15830353024645247311&hub.verify_token=18c431a56dc943d3d049d80606423e9d&hub.mode=subscribe&hub.lease_seconds=864000 HTTP/1.1
Host: sharpen.live
Accept: */*
Accept-Encoding: gzip, deflate, br
Cache-Control: no-cache,max-age=0
From: googlebot(at)googlebot.com
Pragma: no-cache
User-Agent: FeedFetcher-Google; (+http://www.google.com/feedfetcher.html)
Via: 1.1 Caddy
X-Forwarded-For: 74.125.209.34
X-Forwarded-Host: sharpen.live
X-Forwarded-Proto: https
X-Request-Id: {http.request_id.header}


2025/11/17 18:15:23 ---- Response for GET /alerts (400 Bad Request) ----
unknown verification token

2025/11/17 18:18:43 ---- Incoming request from 127.0.0.1:62138 ----
GET /alerts?hub.topic=https://www.youtube.com/xml/feeds/videos.xml%3Fchannel_id%3DUCvwGfRXMzs2ey1h3opwK2zw&hub.challenge=1448398243155457854&hub.verify_token=365bffc5b032dbadc252acdbb0f066c6&hub.mode=subscribe&hub.lease_seconds=864000 HTTP/1.1
Host: sharpen.live
Accept: */*
Accept-Encoding: gzip, deflate, br
Cache-Control: no-cache,max-age=0
From: googlebot(at)googlebot.com
Pragma: no-cache
User-Agent: FeedFetcher-Google; (+http://www.google.com/feedfetcher.html)
Via: 1.1 Caddy
X-Forwarded-For: 142.250.32.3
X-Forwarded-Host: sharpen.live
X-Forwarded-Proto: https
X-Request-Id: {http.request_id.header}


2025/11/17 18:18:43 ---- Response for GET /alerts (400 Bad Request) ----
unknown verification token

2025/11/17 18:26:11 ---- Incoming request from 127.0.0.1:62297 ----
POST /alert HTTP/1.1
Host: sharpen.live
Accept: */*
Accept-Encoding: gzip, deflate, br
Cache-Control: no-cache,max-age=0
Content-Length: 886
Content-Type: application/atom+xml
From: googlebot(at)googlebot.com
Link: <https://www.youtube.com/xml/feeds/videos.xml?channel_id=UCvwGfRXMzs2ey1h3opwK2zw>; rel=self, <http://pubsubhubbub.appspot.com/>; rel=hub
Pragma: no-cache
User-Agent: FeedFetcher-Google; (+http://www.google.com/feedfetcher.html)
Via: 1.1 Caddy
X-Forwarded-For: 66.102.8.101
X-Forwarded-Host: sharpen.live
X-Forwarded-Proto: https
X-Hub-Signature: sha1=ef2b5612267cd6375daaaeb1e50893ce9d1e9cd3
X-Request-Id: {http.request_id.header}

<?xml version='1.0' encoding='UTF-8'?>
<feed xmlns:yt="http://www.youtube.com/xml/schemas/2015" xmlns="http://www.w3.org/2005/Atom"><link rel="hub" href="https://pubsubhubbub.appspot.com"/><link rel="self" href="https://www.youtube.com/xml/feeds/videos.xml?channel_id=UCvwGfRXMzs2ey1h3opwK2zw"/><title>YouTube video feed</title><updated>2025-11-17T00:25:58.479647747+00:00</updated><entry>
  <id>yt:video:zGJ2PIOnW14</id>
  <yt:videoId>zGJ2PIOnW14</yt:videoId>
  <yt:channelId>UCvwGfRXMzs2ey1h3opwK2zw</yt:channelId>
  <title>This is a test</title>
  <link rel="alternate" href="https://www.youtube.com/watch?v=zGJ2PIOnW14"/>
  <author>
   <name>I will shave my eyebrows</name>
   <uri>https://www.youtube.com/channel/UCvwGfRXMzs2ey1h3opwK2zw</uri>
  </author>
  <published>2025-11-17T00:25:37+00:00</published>
  <updated>2025-11-17T00:25:58.479647747+00:00</updated>
 </entry></feed>

2025/11/17 18:26:11 ---- Response for POST /alert (405 Method Not Allowed) ----
method not allowed

2025/11/17 18:26:11 ---- Incoming request from 127.0.0.1:62298 ----
POST /alerts HTTP/1.1
Host: sharpen.live
Accept: */*
Accept-Encoding: gzip, deflate, br
Cache-Control: no-cache,max-age=0
Content-Length: 886
Content-Type: application/atom+xml
From: googlebot(at)googlebot.com
Link: <https://www.youtube.com/xml/feeds/videos.xml?channel_id=UCvwGfRXMzs2ey1h3opwK2zw>; rel=self, <http://pubsubhubbub.appspot.com/>; rel=hub
Pragma: no-cache
User-Agent: FeedFetcher-Google; (+http://www.google.com/feedfetcher.html)
Via: 1.1 Caddy
X-Forwarded-For: 66.102.8.101
X-Forwarded-Host: sharpen.live
X-Forwarded-Proto: https
X-Hub-Signature: sha1=d82286f377045b850f7fa265728042aef5097a53
X-Request-Id: {http.request_id.header}

<?xml version='1.0' encoding='UTF-8'?>
<feed xmlns:yt="http://www.youtube.com/xml/schemas/2015" xmlns="http://www.w3.org/2005/Atom"><link rel="hub" href="https://pubsubhubbub.appspot.com"/><link rel="self" href="https://www.youtube.com/xml/feeds/videos.xml?channel_id=UCvwGfRXMzs2ey1h3opwK2zw"/><title>YouTube video feed</title><updated>2025-11-17T00:25:58.479647747+00:00</updated><entry>
  <id>yt:video:zGJ2PIOnW14</id>
  <yt:videoId>zGJ2PIOnW14</yt:videoId>
  <yt:channelId>UCvwGfRXMzs2ey1h3opwK2zw</yt:channelId>
  <title>This is a test</title>
  <link rel="alternate" href="https://www.youtube.com/watch?v=zGJ2PIOnW14"/>
  <author>
   <name>I will shave my eyebrows</name>
   <uri>https://www.youtube.com/channel/UCvwGfRXMzs2ey1h3opwK2zw</uri>
  </author>
  <published>2025-11-17T00:25:37+00:00</published>
  <updated>2025-11-17T00:25:58.479647747+00:00</updated>
 </entry></feed>

2025/11/17 18:26:11 ---- Response for POST /alerts (405 Method Not Allowed) ----
method not allowed

2025/11/17 18:34:07 ---- Incoming request from 127.0.0.1:62469 ----
GET /alerts?hub.topic=https://www.youtube.com/xml/feeds/videos.xml%3Fchannel_id%3DUCCVgP53k4WCUnFg9yFA_YbA&hub.challenge=7117415204165405849&hub.mode=subscribe&hub.lease_seconds=432000 HTTP/1.1
Host: sharpen.live
Accept: */*
Accept-Encoding: gzip, deflate, br
Cache-Control: no-cache,max-age=0
From: googlebot(at)googlebot.com
Pragma: no-cache
User-Agent: FeedFetcher-Google; (+http://www.google.com/feedfetcher.html)
Via: 1.1 Caddy
X-Forwarded-For: 142.250.32.1
X-Forwarded-Host: sharpen.live
X-Forwarded-Proto: https
X-Request-Id: {http.request_id.header}


2025/11/17 18:34:07 ---- Response for GET /alerts (400 Bad Request) ----
missing hub.verify_token

2025/11/17 18:49:34 ---- Incoming request from 127.0.0.1:62802 ----
POST /alerts HTTP/1.1
Host: sharpen.live
Accept: */*
Accept-Encoding: gzip, deflate, br
Cache-Control: no-cache,max-age=0
Content-Length: 884
Content-Type: application/atom+xml
From: googlebot(at)googlebot.com
Link: <https://www.youtube.com/xml/feeds/videos.xml?channel_id=UCvwGfRXMzs2ey1h3opwK2zw>; rel=self, <http://pubsubhubbub.appspot.com/>; rel=hub
Pragma: no-cache
User-Agent: FeedFetcher-Google; (+http://www.google.com/feedfetcher.html)
Via: 1.1 Caddy
X-Forwarded-For: 142.250.32.2
X-Forwarded-Host: sharpen.live
X-Forwarded-Proto: https
X-Hub-Signature: sha1=23e821dbc0ade87b4ddcd0d08de9bbc43cb493c8
X-Request-Id: {http.request_id.header}

<?xml version='1.0' encoding='UTF-8'?>
<feed xmlns:yt="http://www.youtube.com/xml/schemas/2015" xmlns="http://www.w3.org/2005/Atom"><link rel="hub" href="https://pubsubhubbub.appspot.com"/><link rel="self" href="https://www.youtube.com/xml/feeds/videos.xml?channel_id=UCvwGfRXMzs2ey1h3opwK2zw"/><title>YouTube video feed</title><updated>2025-11-17T00:49:19.93249399+00:00</updated><entry>
  <id>yt:video:iy19ShMifyg</id>
  <yt:videoId>iy19ShMifyg</yt:videoId>
  <yt:channelId>UCvwGfRXMzs2ey1h3opwK2zw</yt:channelId>
  <title>This is a test</title>
  <link rel="alternate" href="https://www.youtube.com/watch?v=iy19ShMifyg"/>
  <author>
   <name>I will shave my eyebrows</name>
   <uri>https://www.youtube.com/channel/UCvwGfRXMzs2ey1h3opwK2zw</uri>
  </author>
  <published>2025-11-17T00:48:27+00:00</published>
  <updated>2025-11-17T00:49:19.93249399+00:00</updated>
 </entry></feed>

2025/11/17 18:49:34 ---- Response for POST /alerts (405 Method Not Allowed) ----
method not allowed

2025/11/17 18:49:34 ---- Incoming request from 127.0.0.1:62803 ----
POST /alert HTTP/1.1
Host: sharpen.live
Accept: */*
Accept-Encoding: gzip, deflate, br
Cache-Control: no-cache,max-age=0
Content-Length: 884
Content-Type: application/atom+xml
From: googlebot(at)googlebot.com
Link: <https://www.youtube.com/xml/feeds/videos.xml?channel_id=UCvwGfRXMzs2ey1h3opwK2zw>; rel=self, <http://pubsubhubbub.appspot.com/>; rel=hub
Pragma: no-cache
User-Agent: FeedFetcher-Google; (+http://www.google.com/feedfetcher.html)
Via: 1.1 Caddy
X-Forwarded-For: 142.250.32.2
X-Forwarded-Host: sharpen.live
X-Forwarded-Proto: https
X-Hub-Signature: sha1=3d64018e4be67e4ddb20ab2a619284fed0eb5c47
X-Request-Id: {http.request_id.header}

<?xml version='1.0' encoding='UTF-8'?>
<feed xmlns:yt="http://www.youtube.com/xml/schemas/2015" xmlns="http://www.w3.org/2005/Atom"><link rel="hub" href="https://pubsubhubbub.appspot.com"/><link rel="self" href="https://www.youtube.com/xml/feeds/videos.xml?channel_id=UCvwGfRXMzs2ey1h3opwK2zw"/><title>YouTube video feed</title><updated>2025-11-17T00:49:19.93249399+00:00</updated><entry>
  <id>yt:video:iy19ShMifyg</id>
  <yt:videoId>iy19ShMifyg</yt:videoId>
  <yt:channelId>UCvwGfRXMzs2ey1h3opwK2zw</yt:channelId>
  <title>This is a test</title>
  <link rel="alternate" href="https://www.youtube.com/watch?v=iy19ShMifyg"/>
  <author>
   <name>I will shave my eyebrows</name>
   <uri>https://www.youtube.com/channel/UCvwGfRXMzs2ey1h3opwK2zw</uri>
  </author>
  <published>2025-11-17T00:48:27+00:00</published>
  <updated>2025-11-17T00:49:19.93249399+00:00</updated>
 </entry></feed>

2025/11/17 18:49:34 ---- Response for POST /alert (405 Method Not Allowed) ----
method not allowed

2025/11/17 18:56:25 ---- Incoming request from 127.0.0.1:62977 ----
GET /alerts?hub.topic=https://www.youtube.com/xml/feeds/videos.xml%3Fchannel_id%3DUCI3szCgzGTRBTF_2dVaTZdQ&hub.challenge=11578322661003089272&hub.verify_token=d01b7a1ab85ed0984db6164b30013b2b&hub.mode=unsubscribe HTTP/1.1
Host: sharpen.live
Accept: */*
Accept-Encoding: gzip, deflate, br
Cache-Control: no-cache,max-age=0
From: googlebot(at)googlebot.com
Pragma: no-cache
User-Agent: FeedFetcher-Google; (+http://www.google.com/feedfetcher.html)
Via: 1.1 Caddy
X-Forwarded-For: 66.102.8.102
X-Forwarded-Host: sharpen.live
X-Forwarded-Proto: https
X-Request-Id: {http.request_id.header}


2025/11/17 18:56:25 ---- Response for GET /alerts (400 Bad Request) ----
unknown verification token

2025/11/17 19:02:08 ---- Incoming request from 127.0.0.1:63132 ----
GET /alerts?hub.topic=https://www.youtube.com/xml/feeds/videos.xml%3Fchannel_id%3DUCvwGfRXMzs2ey1h3opwK2zw&hub.challenge=4397715007070467705&hub.verify_token=8382293e89a38dd9ebdaf036c778fafb&hub.mode=subscribe&hub.lease_seconds=864000 HTTP/1.1
Host: sharpen.live
Accept: */*
Accept-Encoding: gzip, deflate, br
Cache-Control: no-cache,max-age=0
From: googlebot(at)googlebot.com
Pragma: no-cache
User-Agent: FeedFetcher-Google; (+http://www.google.com/feedfetcher.html)
Via: 1.1 Caddy
X-Forwarded-For: 74.125.209.32
X-Forwarded-Host: sharpen.live
X-Forwarded-Proto: https
X-Request-Id: {http.request_id.header}


2025/11/17 19:02:08 ---- Response for GET /alerts (400 Bad Request) ----
unknown verification token

2025/11/17 19:03:27 ---- Incoming request from 127.0.0.1:63132 ----
GET /alerts?hub.topic=https://www.youtube.com/xml/feeds/videos.xml%3Fchannel_id%3DUCvwGfRXMzs2ey1h3opwK2zw&hub.challenge=1439144287714336814&hub.verify_token=f953f128ef1db6a5ed1f0650eda6ad6c&hub.mode=subscribe&hub.lease_seconds=864000 HTTP/1.1
Host: sharpen.live
Accept: */*
Accept-Encoding: gzip, deflate, br
Cache-Control: no-cache,max-age=0
From: googlebot(at)googlebot.com
Pragma: no-cache
User-Agent: FeedFetcher-Google; (+http://www.google.com/feedfetcher.html)
Via: 1.1 Caddy
X-Forwarded-For: 66.102.6.232
X-Forwarded-Host: sharpen.live
X-Forwarded-Proto: https
X-Request-Id: {http.request_id.header}


2025/11/17 19:03:27 ---- Response for GET /alerts (400 Bad Request) ----
unknown verification token

2025/11/17 19:06:45 ---- Incoming request from 127.0.0.1:63229 ----
GET /alerts?hub.topic=https://www.youtube.com/xml/feeds/videos.xml%3Fchannel_id%3DUCI3szCgzGTRBTF_2dVaTZdQ&hub.challenge=8175730389733516363&hub.verify_token=0606a0fe013b30394f690b15bc2c4a74&hub.mode=unsubscribe HTTP/1.1
Host: sharpen.live
Accept: */*
Accept-Encoding: gzip, deflate, br
Cache-Control: no-cache,max-age=0
From: googlebot(at)googlebot.com
Pragma: no-cache
User-Agent: FeedFetcher-Google; (+http://www.google.com/feedfetcher.html)
Via: 1.1 Caddy
X-Forwarded-For: 66.102.8.102
X-Forwarded-Host: sharpen.live
X-Forwarded-Proto: https
X-Request-Id: {http.request_id.header}


2025/11/17 19:06:45 ---- Response for GET /alerts (400 Bad Request) ----
unknown verification token

2025/11/17 19:12:48 ---- Incoming request from 127.0.0.1:63343 ----
GET /alerts?hub.topic=https://www.youtube.com/xml/feeds/videos.xml%3Fchannel_id%3DUCvwGfRXMzs2ey1h3opwK2zw&hub.challenge=6651145316296982040&hub.verify_token=f73115fa6d4bad365e6f0e4a1f7ec26c&hub.mode=subscribe&hub.lease_seconds=864000 HTTP/1.1
Host: sharpen.live
Accept: */*
Accept-Encoding: gzip, deflate, br
Cache-Control: no-cache,max-age=0
From: googlebot(at)googlebot.com
Pragma: no-cache
User-Agent: FeedFetcher-Google; (+http://www.google.com/feedfetcher.html)
Via: 1.1 Caddy
X-Forwarded-For: 74.125.209.33
X-Forwarded-Host: sharpen.live
X-Forwarded-Proto: https
X-Request-Id: {http.request_id.header}


2025/11/17 19:12:48 ---- Response for GET /alerts (400 Bad Request) ----
unknown verification token

2025/11/17 19:18:39 ---- Incoming request from 127.0.0.1:63478 ----
GET /alerts?hub.topic=https://www.youtube.com/xml/feeds/videos.xml%3Fchannel_id%3DUCvwGfRXMzs2ey1h3opwK2zw&hub.challenge=13349667815750689988&hub.verify_token=f32f8c49263a43aafe4fc20fa94824a3&hub.mode=subscribe&hub.lease_seconds=864000 HTTP/1.1
Host: sharpen.live
Accept: */*
Accept-Encoding: gzip, deflate, br
Cache-Control: no-cache,max-age=0
From: googlebot(at)googlebot.com
Pragma: no-cache
User-Agent: FeedFetcher-Google; (+http://www.google.com/feedfetcher.html)
Via: 1.1 Caddy
X-Forwarded-For: 66.102.6.233
X-Forwarded-Host: sharpen.live
X-Forwarded-Proto: https
X-Request-Id: {http.request_id.header}


2025/11/17 19:18:39 ---- Response for GET /alerts (400 Bad Request) ----
unknown verification token
